#
# There is insufficient memory for the Java Runtime Environment to continue.
# Native memory allocation (malloc) failed to allocate 2164976 bytes for Chunk::new
# Possible reasons:
#   The system is out of physical RAM or swap space
#   The process is running with CompressedOops enabled, and the Java Heap may be blocking the growth of the native heap
# Possible solutions:
#   Reduce memory load on the system
#   Increase physical memory or swap space
#   Check if swap backing store is full
#   Decrease Java heap size (-Xmx/-Xms)
#   Decrease number of Java threads
#   Decrease Java thread stack sizes (-Xss)
#   Set larger code cache with -XX:ReservedCodeCacheSize=
#   JVM is running with Unscaled Compressed Oops mode in which the Java heap is
#     placed in the first 4GB address space. The Java Heap base address is the
#     maximum limit for the native heap growth. Please use -XX:HeapBaseMinAddress
#     to set the Java Heap base and to place the Java Heap above 4GB virtual address.
# This output file may be truncated or incomplete.
#
#  Out of Memory Error (./src/hotspot/share/memory/arena.cpp:197), pid=260, tid=11520
#
# JRE version: OpenJDK Runtime Environment (11.0.10) (build 11.0.10+0-b96-7249189)
# Java VM: OpenJDK 64-Bit Server VM (11.0.10+0-b96-7249189, mixed mode, tiered, compressed oops, g1 gc, windows-amd64)
# No core dump will be written. Minidumps are not enabled by default on client versions of Windows
#

---------------  S U M M A R Y ------------

Command Line: org.jetbrains.kotlin.cli.jvm.K2JVMCompiler @C:\Users\usuario\AndroidStudioProjects\Affirmations\app\build\20211118_2673735366560614601.compiler.options

Host: Intel(R) Core(TM) i5-6200U CPU @ 2.30GHz, 4 cores, 7G,  Windows 10 , 64 bit Build 19041 (10.0.19041.1348)
Time: Thu Nov 18 16:38:25 2021 Hora oficial do Brasil elapsed time: 2.879456 seconds (0d 0h 0m 2s)

---------------  T H R E A D  ---------------

Current thread (0x000001c76785f800):  JavaThread "C2 CompilerThread0" daemon [_thread_in_native, id=11520, stack(0x000000a94f700000,0x000000a94f800000)]


Current CompileTask:
C2:   2879 1974   !   4       jdk.internal.loader.BuiltinClassLoader::loadClassOrNull (143 bytes)

Stack: [0x000000a94f700000,0x000000a94f800000]
Native frames: (J=compiled Java code, j=interpreted, Vv=VM code, C=native code)
V  [jvm.dll+0x5ecfaa]
V  [jvm.dll+0x722bd5]
V  [jvm.dll+0x72412d]
V  [jvm.dll+0x7247e3]
V  [jvm.dll+0x242928]
V  [jvm.dll+0xbc4fc]
V  [jvm.dll+0xbca0c]
V  [jvm.dll+0x352d3b]
V  [jvm.dll+0x320ad3]
V  [jvm.dll+0x31ffca]
V  [jvm.dll+0x1fb602]
V  [jvm.dll+0x1fa7f4]
V  [jvm.dll+0x18354c]
V  [jvm.dll+0x208ee7]
V  [jvm.dll+0x207731]
V  [jvm.dll+0x6eb1cf]
V  [jvm.dll+0x6e3d45]
V  [jvm.dll+0x5ebe96]
C  [ucrtbase.dll+0x21bb2]
C  [KERNEL32.DLL+0x17034]
C  [ntdll.dll+0x52651]


---------------  P R O C E S S  ---------------

Threads class SMR info:
_java_thread_list=0x000001c76831aa50, length=10, elements={
0x000001c74d5da800, 0x000001c76783d000, 0x000001c76783e000, 0x000001c767857000,
0x000001c767858800, 0x000001c76785b800, 0x000001c76785f800, 0x000001c767864000,
0x000001c76786e000, 0x000001c768329000
}

Java Threads: ( => current thread )
  0x000001c74d5da800 JavaThread "main" [_thread_in_vm, id=2680, stack(0x000000a94eb00000,0x000000a94ec00000)]
  0x000001c76783d000 JavaThread "Reference Handler" daemon [_thread_blocked, id=11552, stack(0x000000a94f200000,0x000000a94f300000)]
  0x000001c76783e000 JavaThread "Finalizer" daemon [_thread_blocked, id=12052, stack(0x000000a94f300000,0x000000a94f400000)]
  0x000001c767857000 JavaThread "Signal Dispatcher" daemon [_thread_blocked, id=3692, stack(0x000000a94f400000,0x000000a94f500000)]
  0x000001c767858800 JavaThread "Attach Listener" daemon [_thread_blocked, id=8204, stack(0x000000a94f500000,0x000000a94f600000)]
  0x000001c76785b800 JavaThread "Service Thread" daemon [_thread_blocked, id=9448, stack(0x000000a94f600000,0x000000a94f700000)]
=>0x000001c76785f800 JavaThread "C2 CompilerThread0" daemon [_thread_in_native, id=11520, stack(0x000000a94f700000,0x000000a94f800000)]
  0x000001c767864000 JavaThread "C1 CompilerThread0" daemon [_thread_blocked, id=1324, stack(0x000000a94f800000,0x000000a94f900000)]
  0x000001c76786e000 JavaThread "Sweeper thread" daemon [_thread_blocked, id=10640, stack(0x000000a94f900000,0x000000a94fa00000)]
  0x000001c768329000 JavaThread "Common-Cleaner" daemon [_thread_blocked, id=1180, stack(0x000000a94fb00000,0x000000a94fc00000)]

Other Threads:
  0x000001c767816000 VMThread "VM Thread" [stack: 0x000000a94f100000,0x000000a94f200000] [id=11296]
  0x000001c768320800 WatcherThread [stack: 0x000000a94fa00000,0x000000a94fb00000] [id=1016]
  0x000001c74d5f3000 GCTaskThread "GC Thread#0" [stack: 0x000000a94ec00000,0x000000a94ed00000] [id=10480]
  0x000001c76874a800 GCTaskThread "GC Thread#1" [stack: 0x000000a94fc00000,0x000000a94fd00000] [id=11928]
  0x000001c768827000 GCTaskThread "GC Thread#2" [stack: 0x000000a94fd00000,0x000000a94fe00000] [id=12204]
  0x000001c74d624000 ConcurrentGCThread "G1 Main Marker" [stack: 0x000000a94ed00000,0x000000a94ee00000] [id=8560]
  0x000001c74d625800 ConcurrentGCThread "G1 Conc#0" [stack: 0x000000a94ee00000,0x000000a94ef00000] [id=6192]
  0x000001c74d6bb800 ConcurrentGCThread "G1 Refine#0" [stack: 0x000000a94ef00000,0x000000a94f000000] [id=6300]
  0x000001c74d6bc800 ConcurrentGCThread "G1 Young RemSet Sampling" [stack: 0x000000a94f000000,0x000000a94f100000] [id=6884]

Threads with active compile tasks:
C2 CompilerThread0   2913 1974   !   4       jdk.internal.loader.BuiltinClassLoader::loadClassOrNull (143 bytes)

VM state:not at safepoint (normal execution)

VM Mutex/Monitor currently owned by a thread: None

Heap address: 0x0000000081a00000, size: 2022 MB, Compressed Oops mode: 32-bit
Narrow klass base: 0x0000000000000000, Narrow klass shift: 3
Compressed class space size: 1073741824 Address: 0x0000000100000000

Heap:
 garbage-first heap   total 131072K, used 37752K [0x0000000081a00000, 0x0000000100000000)
  region size 1024K, 32 young (32768K), 6 survivors (6144K)
 Metaspace       used 28814K, capacity 29279K, committed 29312K, reserved 1075200K
  class space    used 3277K, capacity 3439K, committed 3456K, reserved 1048576K
Heap Regions: E=young(eden), S=young(survivor), O=old, HS=humongous(starts), HC=humongous(continues), CS=collection set, F=free, A=archive, TAMS=top-at-mark-start (previous, next)
|   0|0x0000000081a00000, 0x0000000081b00000, 0x0000000081b00000|100%|HS|  |TAMS 0x0000000081b00000, 0x0000000081a00000| Complete 
|   1|0x0000000081b00000, 0x0000000081c00000, 0x0000000081c00000|100%|HC|  |TAMS 0x0000000081c00000, 0x0000000081b00000| Complete 
|   2|0x0000000081c00000, 0x0000000081d00000, 0x0000000081d00000|100%|HC|  |TAMS 0x0000000081d00000, 0x0000000081c00000| Complete 
|   3|0x0000000081d00000, 0x0000000081d00000, 0x0000000081e00000|  0%| F|  |TAMS 0x0000000081d00000, 0x0000000081d00000| Untracked 
|   4|0x0000000081e00000, 0x0000000081e14600, 0x0000000081f00000|  7%| O|  |TAMS 0x0000000081e14600, 0x0000000081e00000| Untracked 
|   5|0x0000000081f00000, 0x0000000082000000, 0x0000000082000000|100%|HS|  |TAMS 0x0000000081f00000, 0x0000000081f00000| Complete 
|   6|0x0000000082000000, 0x0000000082100000, 0x0000000082100000|100%|HC|  |TAMS 0x0000000082000000, 0x0000000082000000| Complete 
|   7|0x0000000082100000, 0x0000000082200000, 0x0000000082200000|100%|HC|  |TAMS 0x0000000082100000, 0x0000000082100000| Complete 
|   8|0x0000000082200000, 0x0000000082200000, 0x0000000082300000|  0%| F|  |TAMS 0x0000000082200000, 0x0000000082200000| Untracked 
|   9|0x0000000082300000, 0x0000000082300000, 0x0000000082400000|  0%| F|  |TAMS 0x0000000082300000, 0x0000000082300000| Untracked 
|  10|0x0000000082400000, 0x0000000082400000, 0x0000000082500000|  0%| F|  |TAMS 0x0000000082400000, 0x0000000082400000| Untracked 
|  11|0x0000000082500000, 0x0000000082500000, 0x0000000082600000|  0%| F|  |TAMS 0x0000000082500000, 0x0000000082500000| Untracked 
|  12|0x0000000082600000, 0x0000000082600000, 0x0000000082700000|  0%| F|  |TAMS 0x0000000082600000, 0x0000000082600000| Untracked 
|  13|0x0000000082700000, 0x0000000082700000, 0x0000000082800000|  0%| F|  |TAMS 0x0000000082700000, 0x0000000082700000| Untracked 
|  14|0x0000000082800000, 0x0000000082800000, 0x0000000082900000|  0%| F|  |TAMS 0x0000000082800000, 0x0000000082800000| Untracked 
|  15|0x0000000082900000, 0x0000000082900000, 0x0000000082a00000|  0%| F|  |TAMS 0x0000000082900000, 0x0000000082900000| Untracked 
|  16|0x0000000082a00000, 0x0000000082a00000, 0x0000000082b00000|  0%| F|  |TAMS 0x0000000082a00000, 0x0000000082a00000| Untracked 
|  17|0x0000000082b00000, 0x0000000082b00000, 0x0000000082c00000|  0%| F|  |TAMS 0x0000000082b00000, 0x0000000082b00000| Untracked 
|  18|0x0000000082c00000, 0x0000000082c00000, 0x0000000082d00000|  0%| F|  |TAMS 0x0000000082c00000, 0x0000000082c00000| Untracked 
|  19|0x0000000082d00000, 0x0000000082d00000, 0x0000000082e00000|  0%| F|  |TAMS 0x0000000082d00000, 0x0000000082d00000| Untracked 
|  20|0x0000000082e00000, 0x0000000082e00000, 0x0000000082f00000|  0%| F|  |TAMS 0x0000000082e00000, 0x0000000082e00000| Untracked 
|  21|0x0000000082f00000, 0x0000000082f00000, 0x0000000083000000|  0%| F|  |TAMS 0x0000000082f00000, 0x0000000082f00000| Untracked 
|  22|0x0000000083000000, 0x0000000083000000, 0x0000000083100000|  0%| F|  |TAMS 0x0000000083000000, 0x0000000083000000| Untracked 
|  23|0x0000000083100000, 0x0000000083100000, 0x0000000083200000|  0%| F|  |TAMS 0x0000000083100000, 0x0000000083100000| Untracked 
|  24|0x0000000083200000, 0x0000000083200000, 0x0000000083300000|  0%| F|  |TAMS 0x0000000083200000, 0x0000000083200000| Untracked 
|  25|0x0000000083300000, 0x0000000083300000, 0x0000000083400000|  0%| F|  |TAMS 0x0000000083300000, 0x0000000083300000| Untracked 
|  26|0x0000000083400000, 0x0000000083400000, 0x0000000083500000|  0%| F|  |TAMS 0x0000000083400000, 0x0000000083400000| Untracked 
|  27|0x0000000083500000, 0x0000000083500000, 0x0000000083600000|  0%| F|  |TAMS 0x0000000083500000, 0x0000000083500000| Untracked 
|  28|0x0000000083600000, 0x0000000083600000, 0x0000000083700000|  0%| F|  |TAMS 0x0000000083600000, 0x0000000083600000| Untracked 
|  29|0x0000000083700000, 0x0000000083700000, 0x0000000083800000|  0%| F|  |TAMS 0x0000000083700000, 0x0000000083700000| Untracked 
|  30|0x0000000083800000, 0x0000000083800000, 0x0000000083900000|  0%| F|  |TAMS 0x0000000083800000, 0x0000000083800000| Untracked 
|  31|0x0000000083900000, 0x0000000083900000, 0x0000000083a00000|  0%| F|  |TAMS 0x0000000083900000, 0x0000000083900000| Untracked 
|  32|0x0000000083a00000, 0x0000000083a00000, 0x0000000083b00000|  0%| F|  |TAMS 0x0000000083a00000, 0x0000000083a00000| Untracked 
|  33|0x0000000083b00000, 0x0000000083b00000, 0x0000000083c00000|  0%| F|  |TAMS 0x0000000083b00000, 0x0000000083b00000| Untracked 
|  34|0x0000000083c00000, 0x0000000083c00000, 0x0000000083d00000|  0%| F|  |TAMS 0x0000000083c00000, 0x0000000083c00000| Untracked 
|  35|0x0000000083d00000, 0x0000000083d00000, 0x0000000083e00000|  0%| F|  |TAMS 0x0000000083d00000, 0x0000000083d00000| Untracked 
|  36|0x0000000083e00000, 0x0000000083e00000, 0x0000000083f00000|  0%| F|  |TAMS 0x0000000083e00000, 0x0000000083e00000| Untracked 
|  37|0x0000000083f00000, 0x0000000083f00000, 0x0000000084000000|  0%| F|  |TAMS 0x0000000083f00000, 0x0000000083f00000| Untracked 
|  38|0x0000000084000000, 0x0000000084000000, 0x0000000084100000|  0%| F|  |TAMS 0x0000000084000000, 0x0000000084000000| Untracked 
|  39|0x0000000084100000, 0x0000000084100000, 0x0000000084200000|  0%| F|  |TAMS 0x0000000084100000, 0x0000000084100000| Untracked 
|  40|0x0000000084200000, 0x0000000084200000, 0x0000000084300000|  0%| F|  |TAMS 0x0000000084200000, 0x0000000084200000| Untracked 
|  41|0x0000000084300000, 0x0000000084300000, 0x0000000084400000|  0%| F|  |TAMS 0x0000000084300000, 0x0000000084300000| Untracked 
|  42|0x0000000084400000, 0x0000000084400000, 0x0000000084500000|  0%| F|  |TAMS 0x0000000084400000, 0x0000000084400000| Untracked 
|  43|0x0000000084500000, 0x0000000084500000, 0x0000000084600000|  0%| F|  |TAMS 0x0000000084500000, 0x0000000084500000| Untracked 
|  44|0x0000000084600000, 0x0000000084600000, 0x0000000084700000|  0%| F|  |TAMS 0x0000000084600000, 0x0000000084600000| Untracked 
|  45|0x0000000084700000, 0x0000000084700000, 0x0000000084800000|  0%| F|  |TAMS 0x0000000084700000, 0x0000000084700000| Untracked 
|  46|0x0000000084800000, 0x0000000084800000, 0x0000000084900000|  0%| F|  |TAMS 0x0000000084800000, 0x0000000084800000| Untracked 
|  47|0x0000000084900000, 0x0000000084900000, 0x0000000084a00000|  0%| F|  |TAMS 0x0000000084900000, 0x0000000084900000| Untracked 
|  48|0x0000000084a00000, 0x0000000084a00000, 0x0000000084b00000|  0%| F|  |TAMS 0x0000000084a00000, 0x0000000084a00000| Untracked 
|  49|0x0000000084b00000, 0x0000000084b00000, 0x0000000084c00000|  0%| F|  |TAMS 0x0000000084b00000, 0x0000000084b00000| Untracked 
|  50|0x0000000084c00000, 0x0000000084c00000, 0x0000000084d00000|  0%| F|  |TAMS 0x0000000084c00000, 0x0000000084c00000| Untracked 
|  51|0x0000000084d00000, 0x0000000084d00000, 0x0000000084e00000|  0%| F|  |TAMS 0x0000000084d00000, 0x0000000084d00000| Untracked 
|  52|0x0000000084e00000, 0x0000000084e00000, 0x0000000084f00000|  0%| F|  |TAMS 0x0000000084e00000, 0x0000000084e00000| Untracked 
|  53|0x0000000084f00000, 0x0000000084f00000, 0x0000000085000000|  0%| F|  |TAMS 0x0000000084f00000, 0x0000000084f00000| Untracked 
|  54|0x0000000085000000, 0x0000000085000000, 0x0000000085100000|  0%| F|  |TAMS 0x0000000085000000, 0x0000000085000000| Untracked 
|  55|0x0000000085100000, 0x0000000085100000, 0x0000000085200000|  0%| F|  |TAMS 0x0000000085100000, 0x0000000085100000| Untracked 
|  56|0x0000000085200000, 0x0000000085200000, 0x0000000085300000|  0%| F|  |TAMS 0x0000000085200000, 0x0000000085200000| Untracked 
|  57|0x0000000085300000, 0x0000000085300000, 0x0000000085400000|  0%| F|  |TAMS 0x0000000085300000, 0x0000000085300000| Untracked 
|  58|0x0000000085400000, 0x0000000085400000, 0x0000000085500000|  0%| F|  |TAMS 0x0000000085400000, 0x0000000085400000| Untracked 
|  59|0x0000000085500000, 0x0000000085500000, 0x0000000085600000|  0%| F|  |TAMS 0x0000000085500000, 0x0000000085500000| Untracked 
|  60|0x0000000085600000, 0x0000000085600000, 0x0000000085700000|  0%| F|  |TAMS 0x0000000085600000, 0x0000000085600000| Untracked 
|  61|0x0000000085700000, 0x0000000085700000, 0x0000000085800000|  0%| F|  |TAMS 0x0000000085700000, 0x0000000085700000| Untracked 
|  62|0x0000000085800000, 0x0000000085800000, 0x0000000085900000|  0%| F|  |TAMS 0x0000000085800000, 0x0000000085800000| Untracked 
|  63|0x0000000085900000, 0x0000000085900000, 0x0000000085a00000|  0%| F|  |TAMS 0x0000000085900000, 0x0000000085900000| Untracked 
|  64|0x0000000085a00000, 0x0000000085a00000, 0x0000000085b00000|  0%| F|  |TAMS 0x0000000085a00000, 0x0000000085a00000| Untracked 
|  65|0x0000000085b00000, 0x0000000085b00000, 0x0000000085c00000|  0%| F|  |TAMS 0x0000000085b00000, 0x0000000085b00000| Untracked 
|  66|0x0000000085c00000, 0x0000000085c00000, 0x0000000085d00000|  0%| F|  |TAMS 0x0000000085c00000, 0x0000000085c00000| Untracked 
|  67|0x0000000085d00000, 0x0000000085d00000, 0x0000000085e00000|  0%| F|  |TAMS 0x0000000085d00000, 0x0000000085d00000| Untracked 
|  68|0x0000000085e00000, 0x0000000085e00000, 0x0000000085f00000|  0%| F|  |TAMS 0x0000000085e00000, 0x0000000085e00000| Untracked 
|  69|0x0000000085f00000, 0x0000000085f00000, 0x0000000086000000|  0%| F|  |TAMS 0x0000000085f00000, 0x0000000085f00000| Untracked 
|  70|0x0000000086000000, 0x0000000086000000, 0x0000000086100000|  0%| F|  |TAMS 0x0000000086000000, 0x0000000086000000| Untracked 
|  71|0x0000000086100000, 0x0000000086100000, 0x0000000086200000|  0%| F|  |TAMS 0x0000000086100000, 0x0000000086100000| Untracked 
|  72|0x0000000086200000, 0x0000000086200000, 0x0000000086300000|  0%| F|  |TAMS 0x0000000086200000, 0x0000000086200000| Untracked 
|  73|0x0000000086300000, 0x0000000086300000, 0x0000000086400000|  0%| F|  |TAMS 0x0000000086300000, 0x0000000086300000| Untracked 
|  74|0x0000000086400000, 0x0000000086400000, 0x0000000086500000|  0%| F|  |TAMS 0x0000000086400000, 0x0000000086400000| Untracked 
|  75|0x0000000086500000, 0x0000000086500000, 0x0000000086600000|  0%| F|  |TAMS 0x0000000086500000, 0x0000000086500000| Untracked 
|  76|0x0000000086600000, 0x00000000866c9a70, 0x0000000086700000| 78%| S|CS|TAMS 0x0000000086600000, 0x0000000086600000| Complete 
|  77|0x0000000086700000, 0x0000000086800000, 0x0000000086800000|100%| S|CS|TAMS 0x0000000086700000, 0x0000000086700000| Complete 
|  78|0x0000000086800000, 0x0000000086900000, 0x0000000086900000|100%| S|CS|TAMS 0x0000000086800000, 0x0000000086800000| Complete 
|  79|0x0000000086900000, 0x0000000086a00000, 0x0000000086a00000|100%| S|CS|TAMS 0x0000000086900000, 0x0000000086900000| Complete 
|  80|0x0000000086a00000, 0x0000000086b00000, 0x0000000086b00000|100%| S|CS|TAMS 0x0000000086a00000, 0x0000000086a00000| Complete 
|  81|0x0000000086b00000, 0x0000000086c00000, 0x0000000086c00000|100%| S|CS|TAMS 0x0000000086b00000, 0x0000000086b00000| Complete 
|  82|0x0000000086c00000, 0x0000000086c00000, 0x0000000086d00000|  0%| F|  |TAMS 0x0000000086c00000, 0x0000000086c00000| Untracked 
|  83|0x0000000086d00000, 0x0000000086d00000, 0x0000000086e00000|  0%| F|  |TAMS 0x0000000086d00000, 0x0000000086d00000| Untracked 
|  84|0x0000000086e00000, 0x0000000086e00000, 0x0000000086f00000|  0%| F|  |TAMS 0x0000000086e00000, 0x0000000086e00000| Untracked 
|  85|0x0000000086f00000, 0x0000000086f00000, 0x0000000087000000|  0%| F|  |TAMS 0x0000000086f00000, 0x0000000086f00000| Untracked 
|  86|0x0000000087000000, 0x0000000087000000, 0x0000000087100000|  0%| F|  |TAMS 0x0000000087000000, 0x0000000087000000| Untracked 
|  87|0x0000000087100000, 0x0000000087100000, 0x0000000087200000|  0%| F|  |TAMS 0x0000000087100000, 0x0000000087100000| Untracked 
|  88|0x0000000087200000, 0x0000000087200000, 0x0000000087300000|  0%| F|  |TAMS 0x0000000087200000, 0x0000000087200000| Untracked 
|  89|0x0000000087300000, 0x0000000087300000, 0x0000000087400000|  0%| F|  |TAMS 0x0000000087300000, 0x0000000087300000| Untracked 
|  90|0x0000000087400000, 0x0000000087400000, 0x0000000087500000|  0%| F|  |TAMS 0x0000000087400000, 0x0000000087400000| Untracked 
|  91|0x0000000087500000, 0x0000000087500000, 0x0000000087600000|  0%| F|  |TAMS 0x0000000087500000, 0x0000000087500000| Untracked 
|  92|0x0000000087600000, 0x0000000087600000, 0x0000000087700000|  0%| F|  |TAMS 0x0000000087600000, 0x0000000087600000| Untracked 
|  93|0x0000000087700000, 0x0000000087700000, 0x0000000087800000|  0%| F|  |TAMS 0x0000000087700000, 0x0000000087700000| Untracked 
|  94|0x0000000087800000, 0x0000000087800000, 0x0000000087900000|  0%| F|  |TAMS 0x0000000087800000, 0x0000000087800000| Untracked 
|  95|0x0000000087900000, 0x0000000087900000, 0x0000000087a00000|  0%| F|  |TAMS 0x0000000087900000, 0x0000000087900000| Untracked 
|  96|0x0000000087a00000, 0x0000000087a00000, 0x0000000087b00000|  0%| F|  |TAMS 0x0000000087a00000, 0x0000000087a00000| Untracked 
|  97|0x0000000087b00000, 0x0000000087b00000, 0x0000000087c00000|  0%| F|  |TAMS 0x0000000087b00000, 0x0000000087b00000| Untracked 
|  98|0x0000000087c00000, 0x0000000087c00000, 0x0000000087d00000|  0%| F|  |TAMS 0x0000000087c00000, 0x0000000087c00000| Untracked 
|  99|0x0000000087d00000, 0x0000000087d00000, 0x0000000087e00000|  0%| F|  |TAMS 0x0000000087d00000, 0x0000000087d00000| Untracked 
| 100|0x0000000087e00000, 0x0000000087e00000, 0x0000000087f00000|  0%| F|  |TAMS 0x0000000087e00000, 0x0000000087e00000| Untracked 
| 101|0x0000000087f00000, 0x0000000087f00000, 0x0000000088000000|  0%| F|  |TAMS 0x0000000087f00000, 0x0000000087f00000| Untracked 
| 102|0x0000000088000000, 0x0000000088100000, 0x0000000088100000|100%| E|  |TAMS 0x0000000088000000, 0x0000000088000000| Complete 
| 103|0x0000000088100000, 0x0000000088200000, 0x0000000088200000|100%| E|CS|TAMS 0x0000000088100000, 0x0000000088100000| Complete 
| 104|0x0000000088200000, 0x0000000088300000, 0x0000000088300000|100%| E|CS|TAMS 0x0000000088200000, 0x0000000088200000| Complete 
| 105|0x0000000088300000, 0x0000000088400000, 0x0000000088400000|100%| E|CS|TAMS 0x0000000088300000, 0x0000000088300000| Complete 
| 106|0x0000000088400000, 0x0000000088500000, 0x0000000088500000|100%| E|CS|TAMS 0x0000000088400000, 0x0000000088400000| Complete 
| 107|0x0000000088500000, 0x0000000088600000, 0x0000000088600000|100%| E|CS|TAMS 0x0000000088500000, 0x0000000088500000| Complete 
| 108|0x0000000088600000, 0x0000000088700000, 0x0000000088700000|100%| E|CS|TAMS 0x0000000088600000, 0x0000000088600000| Complete 
| 109|0x0000000088700000, 0x0000000088800000, 0x0000000088800000|100%| E|CS|TAMS 0x0000000088700000, 0x0000000088700000| Complete 
| 110|0x0000000088800000, 0x0000000088900000, 0x0000000088900000|100%| E|CS|TAMS 0x0000000088800000, 0x0000000088800000| Complete 
| 111|0x0000000088900000, 0x0000000088a00000, 0x0000000088a00000|100%| E|CS|TAMS 0x0000000088900000, 0x0000000088900000| Complete 
| 112|0x0000000088a00000, 0x0000000088b00000, 0x0000000088b00000|100%| E|CS|TAMS 0x0000000088a00000, 0x0000000088a00000| Complete 
| 113|0x0000000088b00000, 0x0000000088c00000, 0x0000000088c00000|100%| E|CS|TAMS 0x0000000088b00000, 0x0000000088b00000| Complete 
| 114|0x0000000088c00000, 0x0000000088d00000, 0x0000000088d00000|100%| E|CS|TAMS 0x0000000088c00000, 0x0000000088c00000| Complete 
| 115|0x0000000088d00000, 0x0000000088e00000, 0x0000000088e00000|100%| E|CS|TAMS 0x0000000088d00000, 0x0000000088d00000| Complete 
| 116|0x0000000088e00000, 0x0000000088f00000, 0x0000000088f00000|100%| E|CS|TAMS 0x0000000088e00000, 0x0000000088e00000| Complete 
| 117|0x0000000088f00000, 0x0000000089000000, 0x0000000089000000|100%| E|CS|TAMS 0x0000000088f00000, 0x0000000088f00000| Complete 
| 118|0x0000000089000000, 0x0000000089100000, 0x0000000089100000|100%| E|CS|TAMS 0x0000000089000000, 0x0000000089000000| Complete 
| 119|0x0000000089100000, 0x0000000089200000, 0x0000000089200000|100%| E|CS|TAMS 0x0000000089100000, 0x0000000089100000| Complete 
| 120|0x0000000089200000, 0x0000000089300000, 0x0000000089300000|100%| E|CS|TAMS 0x0000000089200000, 0x0000000089200000| Complete 
| 121|0x0000000089300000, 0x0000000089400000, 0x0000000089400000|100%| E|CS|TAMS 0x0000000089300000, 0x0000000089300000| Complete 
| 122|0x0000000089400000, 0x0000000089500000, 0x0000000089500000|100%| E|CS|TAMS 0x0000000089400000, 0x0000000089400000| Complete 
| 123|0x0000000089500000, 0x0000000089600000, 0x0000000089600000|100%| E|CS|TAMS 0x0000000089500000, 0x0000000089500000| Complete 
| 124|0x0000000089600000, 0x0000000089700000, 0x0000000089700000|100%| E|CS|TAMS 0x0000000089600000, 0x0000000089600000| Complete 
| 125|0x0000000089700000, 0x0000000089800000, 0x0000000089800000|100%| E|CS|TAMS 0x0000000089700000, 0x0000000089700000| Complete 
| 126|0x0000000089800000, 0x0000000089900000, 0x0000000089900000|100%| E|CS|TAMS 0x0000000089800000, 0x0000000089800000| Complete 
| 127|0x0000000089900000, 0x0000000089a00000, 0x0000000089a00000|100%| E|CS|TAMS 0x0000000089900000, 0x0000000089900000| Complete 

Card table byte_map: [0x000001c760b00000,0x000001c760f00000] _byte_map_base: 0x000001c7606f3000

Marking Bits (Prev, Next): (CMBitMap*) 0x000001c74d61b7d0, (CMBitMap*) 0x000001c74d61b798
 Prev Bits: [0x000001c7632a0000, 0x000001c765238000)
 Next Bits: [0x000001c761300000, 0x000001c763298000)

Polling page: 0x000001c74bc70000

Metaspace:

Usage:
  Non-class:     25.23 MB capacity,    24.98 MB ( 99%) used,   214.25 KB ( <1%) free+waste,    45.25 KB ( <1%) overhead. 
      Class:      3.39 MB capacity,     3.22 MB ( 95%) used,   150.70 KB (  4%) free+waste,    21.75 KB ( <1%) overhead. 
       Both:     28.62 MB capacity,    28.20 MB ( 99%) used,   364.95 KB (  1%) free+waste,    67.00 KB ( <1%) overhead. 

Virtual space:
  Non-class space:       26.00 MB reserved,      25.25 MB ( 97%) committed 
      Class space:        1.00 GB reserved,       3.50 MB ( <1%) committed 
             Both:        1.03 GB reserved,      28.75 MB (  3%) committed 

Chunk freelists:
   Non-Class:  16.00 KB
       Class:  17.00 KB
        Both:  33.00 KB

MaxMetaspaceSize: 17179869184.00 GB
CompressedClassSpaceSize: 1.00 GB

CodeHeap 'non-profiled nmethods': size=120064Kb used=622Kb max_used=622Kb free=119441Kb
 bounds [0x000001c758b90000, 0x000001c758e00000, 0x000001c7600d0000]
CodeHeap 'profiled nmethods': size=120000Kb used=3714Kb max_used=3714Kb free=116285Kb
 bounds [0x000001c751660000, 0x000001c751a10000, 0x000001c758b90000]
CodeHeap 'non-nmethods': size=5696Kb used=1159Kb max_used=1167Kb free=4536Kb
 bounds [0x000001c7510d0000, 0x000001c751340000, 0x000001c751660000]
 total_blobs=2521 nmethods=2016 adapters=417
 compilation: enabled
              stopped_count=0, restarted_count=0
 full_count=0

Compilation events (20 events):
Event: 2.785 Thread 0x000001c767864000 2005       3       java.lang.AbstractStringBuilder::append (55 bytes)
Event: 2.786 Thread 0x000001c767864000 nmethod 2005 0x000001c7519f8710 code [0x000001c7519f8900, 0x000001c7519f8c38]
Event: 2.786 Thread 0x000001c767864000 2006       3       jdk.internal.org.objectweb.asm.MethodWriter::noSuccessor (95 bytes)
Event: 2.786 Thread 0x000001c767864000 nmethod 2006 0x000001c7519f8d90 code [0x000001c7519f8fa0, 0x000001c7519f95a8]
Event: 2.797 Thread 0x000001c767864000 2007       1       java.lang.reflect.Constructor::getConstructorAccessor (5 bytes)
Event: 2.797 Thread 0x000001c767864000 nmethod 2007 0x000001c758c2b110 code [0x000001c758c2b2c0, 0x000001c758c2b378]
Event: 2.797 Thread 0x000001c767864000 2009       3       java.lang.reflect.Constructor::setConstructorAccessor (21 bytes)
Event: 2.797 Thread 0x000001c767864000 nmethod 2009 0x000001c7519f9790 code [0x000001c7519f9960, 0x000001c7519f9c48]
Event: 2.797 Thread 0x000001c767864000 2008       1       jdk.internal.reflect.DelegatingConstructorAccessorImpl::setDelegate (6 bytes)
Event: 2.797 Thread 0x000001c767864000 nmethod 2008 0x000001c758c2b410 code [0x000001c758c2b5c0, 0x000001c758c2b6b8]
Event: 2.810 Thread 0x000001c767864000 2010       3       jdk.internal.org.objectweb.asm.MethodWriter::visitLabel (321 bytes)
Event: 2.811 Thread 0x000001c767864000 nmethod 2010 0x000001c7519f9d90 code [0x000001c7519f9fe0, 0x000001c7519fac28]
Event: 2.817 Thread 0x000001c767864000 2011       3       java.lang.reflect.Modifier::isVolatile (13 bytes)
Event: 2.817 Thread 0x000001c767864000 nmethod 2011 0x000001c7519faf10 code [0x000001c7519fb0c0, 0x000001c7519fb1f8]
Event: 2.817 Thread 0x000001c767864000 2012       3       java.lang.invoke.MethodHandleNatives::isCallerSensitive (29 bytes)
Event: 2.818 Thread 0x000001c767864000 nmethod 2012 0x000001c7519fb290 code [0x000001c7519fb480, 0x000001c7519fb9e8]
Event: 2.818 Thread 0x000001c767864000 2013       3       java.lang.invoke.MethodHandleNatives::canBeCalledVirtual (93 bytes)
Event: 2.818 Thread 0x000001c767864000 nmethod 2013 0x000001c7519fbb90 code [0x000001c7519fbda0, 0x000001c7519fc318]
Event: 2.818 Thread 0x000001c767864000 2014       3       sun.invoke.util.VerifyAccess::isMemberAccessible (313 bytes)
Event: 2.822 Thread 0x000001c767864000 nmethod 2014 0x000001c7519fc510 code [0x000001c7519fc9e0, 0x000001c7519feb88]

GC Heap History (4 events):
Event: 0.654 GC heap before
{Heap before GC invocations=0 (full 0):
 garbage-first heap   total 131072K, used 17408K [0x0000000081a00000, 0x0000000100000000)
  region size 1024K, 14 young (14336K), 0 survivors (0K)
 Metaspace       used 9813K, capacity 9935K, committed 10112K, reserved 1058816K
  class space    used 839K, capacity 884K, committed 896K, reserved 1048576K
}
Event: 0.661 GC heap after
{Heap after GC invocations=1 (full 0):
 garbage-first heap   total 131072K, used 5201K [0x0000000081a00000, 0x0000000100000000)
  region size 1024K, 2 young (2048K), 2 survivors (2048K)
 Metaspace       used 9813K, capacity 9935K, committed 10112K, reserved 1058816K
  class space    used 839K, capacity 884K, committed 896K, reserved 1048576K
}
Event: 2.032 GC heap before
{Heap before GC invocations=1 (full 0):
 garbage-first heap   total 131072K, used 49233K [0x0000000081a00000, 0x0000000100000000)
  region size 1024K, 46 young (47104K), 2 survivors (2048K)
 Metaspace       used 20735K, capacity 20990K, committed 21248K, reserved 1069056K
  class space    used 2200K, capacity 2280K, committed 2304K, reserved 1048576K
}
Event: 2.054 GC heap after
{Heap after GC invocations=2 (full 0):
 garbage-first heap   total 131072K, used 9080K [0x0000000081a00000, 0x0000000100000000)
  region size 1024K, 6 young (6144K), 6 survivors (6144K)
 Metaspace       used 20735K, capacity 20990K, committed 21248K, reserved 1069056K
  class space    used 2200K, capacity 2280K, committed 2304K, reserved 1048576K
}

Deoptimization events (20 events):
Event: 2.409 Thread 0x000001c74d5da800 DEOPT PACKING pc=0x000001c7519a124f sp=0x000000a94ebfe880
Event: 2.409 Thread 0x000001c74d5da800 DEOPT UNPACKING pc=0x000001c7510f76ce sp=0x000000a94ebfdd58 mode 0
Event: 2.409 Thread 0x000001c74d5da800 DEOPT PACKING pc=0x000001c7519a124f sp=0x000000a94ebfe880
Event: 2.409 Thread 0x000001c74d5da800 DEOPT UNPACKING pc=0x000001c7510f76ce sp=0x000000a94ebfdd58 mode 0
Event: 2.493 Thread 0x000001c74d5da800 Uncommon trap: trap_request=0xffffff6e fr.pc=0x000001c758c0b874 relative=0x0000000000001334
Event: 2.493 Thread 0x000001c74d5da800 Uncommon trap: reason=speculate_class_check action=maybe_recompile pc=0x000001c758c0b874 method=java.util.zip.InflaterInputStream.read([BII)I @ 100 c2
Event: 2.493 Thread 0x000001c74d5da800 DEOPT PACKING pc=0x000001c758c0b874 sp=0x000000a94ebfe950
Event: 2.493 Thread 0x000001c74d5da800 DEOPT UNPACKING pc=0x000001c7510f78af sp=0x000000a94ebfe9b0 mode 2
Event: 2.582 Thread 0x000001c74d5da800 Uncommon trap: trap_request=0xffffff4d fr.pc=0x000001c758c26c64 relative=0x00000000000005a4
Event: 2.582 Thread 0x000001c74d5da800 Uncommon trap: reason=unstable_if action=reinterpret pc=0x000001c758c26c64 method=java.lang.Integer.getChars(II[B)I @ 25 c2
Event: 2.582 Thread 0x000001c74d5da800 DEOPT PACKING pc=0x000001c758c26c64 sp=0x000000a94ebfea20
Event: 2.582 Thread 0x000001c74d5da800 DEOPT UNPACKING pc=0x000001c7510f78af sp=0x000000a94ebfe910 mode 2
Event: 2.582 Thread 0x000001c74d5da800 Uncommon trap: trap_request=0xffffff4d fr.pc=0x000001c758c27ac0 relative=0x0000000000000580
Event: 2.582 Thread 0x000001c74d5da800 Uncommon trap: reason=unstable_if action=reinterpret pc=0x000001c758c27ac0 method=java.lang.Integer.getChars(II[B)I @ 25 c2
Event: 2.582 Thread 0x000001c74d5da800 DEOPT PACKING pc=0x000001c758c27ac0 sp=0x000000a94ebfe9c0
Event: 2.582 Thread 0x000001c74d5da800 DEOPT UNPACKING pc=0x000001c7510f78af sp=0x000000a94ebfe918 mode 2
Event: 2.691 Thread 0x000001c74d5da800 Uncommon trap: trap_request=0xffffff4d fr.pc=0x000001c758c0605c relative=0x00000000000001bc
Event: 2.691 Thread 0x000001c74d5da800 Uncommon trap: reason=unstable_if action=reinterpret pc=0x000001c758c0605c method=java.lang.String.startsWith(Ljava/lang/String;I)Z @ 1 c2
Event: 2.691 Thread 0x000001c74d5da800 DEOPT PACKING pc=0x000001c758c0605c sp=0x000000a94ebfe2a0
Event: 2.691 Thread 0x000001c74d5da800 DEOPT UNPACKING pc=0x000001c7510f78af sp=0x000000a94ebfe210 mode 2

Classes redefined (0 events):
No events

Internal exceptions (20 events):
Event: 1.376 Thread 0x000001c74d5da800 Exception <a 'java/lang/NoSuchMethodError'{0x0000000087a38220}: 'long java.lang.invoke.Invokers$Holder.invoke_MT(java.lang.Object, java.lang.Object, java.lang.Object, java.lang.Object)'> (0x0000000087a38220) thrown at [./src/hotspot/share/interpreter/linkResolver.cpp, line 773]
Event: 1.376 Thread 0x000001c74d5da800 Exception <a 'java/lang/NoSuchMethodError'{0x0000000087a3b8a0}: 'long java.lang.invoke.DelegatingMethodHandle$Holder.reinvoke_L(java.lang.Object, java.lang.Object, java.lang.Object)'> (0x0000000087a3b8a0) thrown at [./src/hotspot/share/interpreter/linkResolver.cpp, line 773]
Event: 1.378 Thread 0x000001c74d5da800 Exception <a 'java/lang/NoSuchMethodError'{0x0000000087a45560}: 'int java.lang.invoke.DirectMethodHandle$Holder.invokeSpecial(java.lang.Object, java.lang.Object, java.lang.Object, java.lang.Object)'> (0x0000000087a45560) thrown at [./src/hotspot/share/interpreter/linkResolver.cpp, line 773]
Event: 1.381 Thread 0x000001c74d5da800 Exception <a 'java/lang/NoSuchMethodError'{0x0000000087a54340}: 'int java.lang.invoke.DelegatingMethodHandle$Holder.reinvoke_L(java.lang.Object, java.lang.Object, java.lang.Object, long, int)'> (0x0000000087a54340) thrown at [./src/hotspot/share/interpreter/linkResolver.cpp, line 773]
Event: 1.809 Thread 0x000001c74d5da800 Exception <a 'java/lang/NoSuchMethodError'{0x00000000876baa00}: 'int java.lang.invoke.DirectMethodHandle$Holder.invokeSpecialIFC(java.lang.Object, java.lang.Object, int)'> (0x00000000876baa00) thrown at [./src/hotspot/share/interpreter/linkResolver.cpp, line 773]
Event: 1.972 Thread 0x000001c74d5da800 Exception <a 'java/lang/NoSuchMethodError'{0x0000000086fc5c00}: 'java.lang.Object java.lang.invoke.DirectMethodHandle$Holder.invokeStaticInit(java.lang.Object, int)'> (0x0000000086fc5c00) thrown at [./src/hotspot/share/interpreter/linkResolver.cpp, line 773]
Event: 2.008 Thread 0x000001c74d5da800 Exception <a 'java/lang/NoSuchMethodError'{0x0000000086d8f538}: 'long java.lang.invoke.DirectMethodHandle$Holder.invokeStatic(java.lang.Object)'> (0x0000000086d8f538) thrown at [./src/hotspot/share/interpreter/linkResolver.cpp, line 773]
Event: 2.009 Thread 0x000001c74d5da800 Exception <a 'java/lang/NoSuchMethodError'{0x0000000086d925e8}: 'long java.lang.invoke.DirectMethodHandle$Holder.invokeStaticInit(java.lang.Object)'> (0x0000000086d925e8) thrown at [./src/hotspot/share/interpreter/linkResolver.cpp, line 773]
Event: 2.123 Thread 0x000001c74d5da800 Exception <a 'java/lang/NoSuchMethodError'{0x00000000897fe688}: 'int java.lang.invoke.DirectMethodHandle$Holder.invokeStaticInit(java.lang.Object, java.lang.Object, java.lang.Object)'> (0x00000000897fe688) thrown at [./src/hotspot/share/interpreter/linkResolver.cpp, line 773]
Event: 2.130 Thread 0x000001c74d5da800 Exception <a 'java/lang/NoSuchMethodError'{0x000000008962a310}: 'int java.lang.invoke.DirectMethodHandle$Holder.invokeStaticInit(java.lang.Object, java.lang.Object)'> (0x000000008962a310) thrown at [./src/hotspot/share/interpreter/linkResolver.cpp, line 773]
Event: 2.202 Thread 0x000001c74d5da800 Exception <a 'java/lang/NoSuchMethodError'{0x000000008943a708}: 'void java.lang.invoke.DirectMethodHandle$Holder.invokeSpecial(java.lang.Object, java.lang.Object)'> (0x000000008943a708) thrown at [./src/hotspot/share/interpreter/linkResolver.cpp, line 773]
Event: 2.516 Thread 0x000001c74d5da800 Exception <a 'java/lang/NoSuchMethodError'{0x0000000088c678c8}: 'java.lang.Object java.lang.invoke.DirectMethodHandle$Holder.invokeStatic(java.lang.Object, java.lang.Object, java.lang.Object, java.lang.Object, java.lang.Object, java.lang.Object, java.lang.Object, java.lang.Object, java.lang.Object, java.lang.Object, java.lang.Object, java.lang.Object, java.lang.Object, java.lang.Object, java.lang.Object)'> (0x0000000088c678c8) thrown at [./src/hotspot/share/interpreter/linkResolver.cpp, line 773]
Event: 2.519 Thread 0x000001c74d5da800 Exception <a 'java/lang/NoSuchMethodError'{0x0000000088c758d0}: 'java.lang.Object java.lang.invoke.DirectMethodHandle$Holder.invokeStatic(java.lang.Object, java.lang.Object, java.lang.Object, java.lang.Object, java.lang.Object, java.lang.Object, java.lang.Object, java.lang.Object, java.lang.Object, java.lang.Object, java.lang.Object, java.lang.Object, java.lang.Object, java.lang.Object, java.lang.Object, java.lang.Object)'> (0x0000000088c758d0) thrown at [./src/hotspot/share/interpreter/linkResolver.cpp, l
Event: 2.521 Thread 0x000001c74d5da800 Exception <a 'java/lang/NoSuchMethodError'{0x0000000088c83a30}: 'java.lang.Object java.lang.invoke.DirectMethodHandle$Holder.invokeSpecial(java.lang.Object, java.lang.Object, int, int, java.lang.Object, java.lang.Object, java.lang.Object)'> (0x0000000088c83a30) thrown at [./src/hotspot/share/interpreter/linkResolver.cpp, line 773]
Event: 2.521 Thread 0x000001c74d5da800 Exception <a 'java/lang/NoSuchMethodError'{0x0000000088c87268}: 'java.lang.Object java.lang.invoke.DelegatingMethodHandle$Holder.reinvoke_L(java.lang.Object, int, int, java.lang.Object, java.lang.Object, java.lang.Object)'> (0x0000000088c87268) thrown at [./src/hotspot/share/interpreter/linkResolver.cpp, line 773]
Event: 2.522 Thread 0x000001c74d5da800 Exception <a 'java/lang/NoSuchMethodError'{0x0000000088c8b5f0}: 'java.lang.Object java.lang.invoke.DirectMethodHandle$Holder.invokeStatic(java.lang.Object, java.lang.Object, java.lang.Object, java.lang.Object, int)'> (0x0000000088c8b5f0) thrown at [./src/hotspot/share/interpreter/linkResolver.cpp, line 773]
Event: 2.584 Thread 0x000001c74d5da800 Exception <a 'java/lang/NoSuchMethodError'{0x0000000088baff88}: 'void java.lang.invoke.DirectMethodHandle$Holder.invokeStatic(java.lang.Object, java.lang.Object, java.lang.Object, java.lang.Object)'> (0x0000000088baff88) thrown at [./src/hotspot/share/interpreter/linkResolver.cpp, line 773]
Event: 2.665 Thread 0x000001c74d5da800 Exception <a 'java/lang/NoSuchMethodError'{0x0000000088790b20}: 'void java.lang.invoke.DirectMethodHandle$Holder.invokeStaticInit(java.lang.Object, java.lang.Object)'> (0x0000000088790b20) thrown at [./src/hotspot/share/interpreter/linkResolver.cpp, line 773]
Event: 2.770 Thread 0x000001c74d5da800 Exception <a 'java/lang/NoSuchMethodError'{0x00000000883b2720}: 'void java.lang.invoke.DirectMethodHandle$Holder.invokeVirtual(java.lang.Object, java.lang.Object)'> (0x00000000883b2720) thrown at [./src/hotspot/share/interpreter/linkResolver.cpp, line 773]
Event: 2.785 Thread 0x000001c74d5da800 Exception <a 'java/lang/NoSuchMethodError'{0x000000008822c120}: 'int java.lang.invoke.DirectMethodHandle$Holder.invokeVirtual(java.lang.Object, java.lang.Object)'> (0x000000008822c120) thrown at [./src/hotspot/share/interpreter/linkResolver.cpp, line 773]

Events (20 events):
Event: 2.866 loading class org/jetbrains/kotlin/psi/stubs/elements/KtPropertyElementType
Event: 2.866 loading class org/jetbrains/kotlin/psi/stubs/elements/KtPropertyElementType done
Event: 2.866 loading class org/jetbrains/kotlin/psi/stubs/KotlinPropertyStub
Event: 2.866 loading class org/jetbrains/kotlin/psi/stubs/KotlinPropertyStub done
Event: 2.867 loading class org/jetbrains/kotlin/psi/KtProperty
Event: 2.867 loading class org/jetbrains/kotlin/psi/KtProperty done
Event: 2.867 loading class org/jetbrains/kotlin/psi/KtVariableDeclaration
Event: 2.867 loading class org/jetbrains/kotlin/psi/KtVariableDeclaration done
Event: 2.867 loading class org/jetbrains/kotlin/psi/KtValVarKeywordOwner
Event: 2.867 loading class org/jetbrains/kotlin/psi/KtValVarKeywordOwner done
Event: 2.873 loading class org/jetbrains/kotlin/psi/stubs/elements/KtPropertyAccessorElementType
Event: 2.873 loading class org/jetbrains/kotlin/psi/stubs/elements/KtPropertyAccessorElementType done
Event: 2.875 loading class org/jetbrains/kotlin/psi/stubs/KotlinPropertyAccessorStub
Event: 2.875 loading class org/jetbrains/kotlin/psi/stubs/KotlinPropertyAccessorStub done
Event: 2.875 loading class org/jetbrains/kotlin/psi/KtPropertyAccessor
Event: 2.875 loading class org/jetbrains/kotlin/psi/KtPropertyAccessor done
Event: 2.876 loading class org/jetbrains/kotlin/psi/stubs/elements/KtTypeAliasElementType
Event: 2.876 loading class org/jetbrains/kotlin/psi/stubs/elements/KtTypeAliasElementType done
Event: 2.877 loading class org/jetbrains/kotlin/psi/KtTypeAlias
Event: 2.877 loading class org/jetbrains/kotlin/psi/KtTypeAlias done


Dynamic libraries:
0x00007ff7128f0000 - 0x00007ff7128fa000 	C:\Program Files\Android\Android Studio\jre\bin\java.exe
0x00007fffcf610000 - 0x00007fffcf805000 	C:\Windows\SYSTEM32\ntdll.dll
0x00007fffcd810000 - 0x00007fffcd8ce000 	C:\Windows\System32\KERNEL32.DLL
0x00007fffcd300000 - 0x00007fffcd5c8000 	C:\Windows\System32\KERNELBASE.dll
0x00007fffccde0000 - 0x00007fffccee0000 	C:\Windows\System32\ucrtbase.dll
0x00007fffc0bc0000 - 0x00007fffc0bd7000 	C:\Program Files\Android\Android Studio\jre\bin\VCRUNTIME140.dll
0x00007fffc0c10000 - 0x00007fffc0c29000 	C:\Program Files\Android\Android Studio\jre\bin\jli.dll
0x00007fffce510000 - 0x00007fffce6b1000 	C:\Windows\System32\USER32.dll
0x00007fffaee70000 - 0x00007fffaf10a000 	C:\Windows\WinSxS\amd64_microsoft.windows.common-controls_6595b64144ccf1df_6.0.19041.1110_none_60b5254171f9507e\COMCTL32.dll
0x00007fffccee0000 - 0x00007fffccf02000 	C:\Windows\System32\win32u.dll
0x00007fffcf510000 - 0x00007fffcf5ae000 	C:\Windows\System32\msvcrt.dll
0x00007fffce3c0000 - 0x00007fffce3eb000 	C:\Windows\System32\GDI32.dll
0x00007fffccf40000 - 0x00007fffcd04b000 	C:\Windows\System32\gdi32full.dll
0x00007fffcd050000 - 0x00007fffcd0ed000 	C:\Windows\System32\msvcp_win.dll
0x00007fffcd8d0000 - 0x00007fffcd900000 	C:\Windows\System32\IMM32.DLL
0x00007fff9e940000 - 0x00007fff9e9dd000 	C:\Program Files\Android\Android Studio\jre\bin\msvcp140.dll
0x00007fff861d0000 - 0x00007fff86c9f000 	C:\Program Files\Android\Android Studio\jre\bin\server\jvm.dll
0x00007fffcf460000 - 0x00007fffcf50c000 	C:\Windows\System32\ADVAPI32.dll
0x00007fffce6d0000 - 0x00007fffce76b000 	C:\Windows\System32\sechost.dll
0x00007fffce110000 - 0x00007fffce23a000 	C:\Windows\System32\RPCRT4.dll
0x00007fffce4a0000 - 0x00007fffce4a8000 	C:\Windows\System32\PSAPI.DLL
0x00007fffbe7b0000 - 0x00007fffbe7b9000 	C:\Windows\SYSTEM32\WSOCK32.dll
0x00007fffcea50000 - 0x00007fffceabb000 	C:\Windows\System32\WS2_32.dll
0x00007fffae6f0000 - 0x00007fffae717000 	C:\Windows\SYSTEM32\WINMM.dll
0x00007fffc66b0000 - 0x00007fffc66ba000 	C:\Windows\SYSTEM32\VERSION.dll
0x00007fffcb5b0000 - 0x00007fffcb5c2000 	C:\Windows\SYSTEM32\kernel.appcore.dll
0x00007fffc7250000 - 0x00007fffc7261000 	C:\Program Files\Android\Android Studio\jre\bin\verify.dll
0x00007fffcab20000 - 0x00007fffcad04000 	C:\Windows\SYSTEM32\DBGHELP.DLL
0x00007fffc3e80000 - 0x00007fffc3eac000 	C:\Windows\SYSTEM32\dbgcore.DLL
0x00007fffcd5d0000 - 0x00007fffcd653000 	C:\Windows\System32\bcryptPrimitives.dll
0x00007fffc3240000 - 0x00007fffc3269000 	C:\Program Files\Android\Android Studio\jre\bin\java.dll
0x00007fffc6f00000 - 0x00007fffc6f0b000 	C:\Program Files\Android\Android Studio\jre\bin\jimage.dll
0x00007fffc3ed0000 - 0x00007fffc3ee8000 	C:\Program Files\Android\Android Studio\jre\bin\zip.dll
0x00007fffcd900000 - 0x00007fffce03f000 	C:\Windows\System32\SHELL32.dll
0x00007fffcad10000 - 0x00007fffcb4a0000 	C:\Windows\SYSTEM32\windows.storage.dll
0x00007fffcf100000 - 0x00007fffcf455000 	C:\Windows\System32\combase.dll
0x00007fffcc6b0000 - 0x00007fffcc6de000 	C:\Windows\SYSTEM32\Wldp.dll
0x00007fffce3f0000 - 0x00007fffce49d000 	C:\Windows\System32\SHCORE.dll
0x00007fffce770000 - 0x00007fffce7c5000 	C:\Windows\System32\shlwapi.dll
0x00007fffccc70000 - 0x00007fffccc8f000 	C:\Windows\SYSTEM32\profapi.dll
0x00007fffc3410000 - 0x00007fffc342a000 	C:\Program Files\Android\Android Studio\jre\bin\net.dll
0x00007fffc2690000 - 0x00007fffc279c000 	C:\Windows\SYSTEM32\WINHTTP.dll
0x00007fffcc410000 - 0x00007fffcc47a000 	C:\Windows\system32\mswsock.dll
0x00007fffbfe90000 - 0x00007fffbfea4000 	C:\Program Files\Android\Android Studio\jre\bin\nio.dll

dbghelp: loaded successfully - version: 4.0.5 - missing functions: none
symbol engine: initialized successfully - sym options: 0x614 - pdb path: .;C:\Program Files\Android\Android Studio\jre\bin;C:\Windows\SYSTEM32;C:\Windows\WinSxS\amd64_microsoft.windows.common-controls_6595b64144ccf1df_6.0.19041.1110_none_60b5254171f9507e;C:\Program Files\Android\Android Studio\jre\bin\server

VM Arguments:
java_command: org.jetbrains.kotlin.cli.jvm.K2JVMCompiler @C:\Users\usuario\AndroidStudioProjects\Affirmations\app\build\20211118_2673735366560614601.compiler.options
java_class_path (initial): C:\Users\usuario\.gradle\caches\modules-2\files-2.1\org.jetbrains.kotlin\kotlin-compiler-embeddable\1.6.0\aa8da3bedc53c89219b84a0b40c7419431a13e76\kotlin-compiler-embeddable-1.6.0.jar;C:\Users\usuario\.gradle\caches\modules-2\files-2.1\org.jetbrains.kotlin\kotlin-reflect\1.6.0\a215a7f914d5916dc5fd2d45cea16524e0220203\kotlin-reflect-1.6.0.jar;C:\Users\usuario\.gradle\caches\modules-2\files-2.1\org.jetbrains.kotlin\kotlin-stdlib\1.6.0\a40b8b22529b733892edf4b73468ce598bb17f04\kotlin-stdlib-1.6.0.jar;C:\Users\usuario\.gradle\caches\modules-2\files-2.1\org.jetbrains.kotlin\kotlin-script-runtime\1.6.0\55f72526ddcff6fc77d72cdf949c7e3d9bd95620\kotlin-script-runtime-1.6.0.jar;C:\Users\usuario\.gradle\caches\modules-2\files-2.1\org.jetbrains.kotlin\kotlin-daemon-embeddable\1.6.0\d6242b37f4ce6b637d10847c7558446272ec8432\kotlin-daemon-embeddable-1.6.0.jar;C:\Users\usuario\.gradle\caches\modules-2\files-2.1\org.jetbrains.intellij.deps\trove4j\1.0.20181211\216c2e14b070f334479d800987affe4054cd563f\trove4j-1.0.20181211.jar;C:\Users\usuario\.gradle\caches\modules-2\files-2.1\net.java.dev.jna\jna\5.6.0\330f2244e9030119ab3030fc3fededc86713d9cc\jna-5.6.0.jar;C:\Users\usuario\.gradle\caches\modules-2\files-2.1\org.jetbrains\annotations\13.0\919f0dfe192fb4e063e7dacadee7f8bb9a2672a9\annotations-13.0.jar;C:\Users\usuario\.gradle\caches\modules-2\files-2.1\org.jetbrains.kotlin\kotlin-stdlib-common\1.6.0\7857e365f925cfa060f941c1357cda1f8790502c\kotlin-stdlib-common-1.6.0.jar
Launcher Type: SUN_STANDARD

[Global flags]
     intx CICompilerCount                          = 3                                         {product} {ergonomic}
     uint ConcGCThreads                            = 1                                         {product} {ergonomic}
     uint G1ConcRefinementThreads                  = 4                                         {product} {ergonomic}
   size_t G1HeapRegionSize                         = 1048576                                   {product} {ergonomic}
    uintx GCDrainStackTargetSize                   = 64                                        {product} {ergonomic}
   size_t InitialHeapSize                          = 134217728                                 {product} {ergonomic}
   size_t MarkStackSize                            = 4194304                                   {product} {ergonomic}
   size_t MaxHeapSize                              = 2120220672                                {product} {ergonomic}
   size_t MaxNewSize                               = 1271922688                                {product} {ergonomic}
   size_t MinHeapDeltaBytes                        = 1048576                                   {product} {ergonomic}
    uintx NonNMethodCodeHeapSize                   = 5830732                                {pd product} {ergonomic}
    uintx NonProfiledCodeHeapSize                  = 122913754                              {pd product} {ergonomic}
    uintx ProfiledCodeHeapSize                     = 122913754                              {pd product} {ergonomic}
    uintx ReservedCodeCacheSize                    = 251658240                              {pd product} {ergonomic}
     bool SegmentedCodeCache                       = true                                      {product} {ergonomic}
     bool UseCompressedClassPointers               = true                                 {lp64_product} {ergonomic}
     bool UseCompressedOops                        = true                                 {lp64_product} {ergonomic}
     bool UseG1GC                                  = true                                      {product} {ergonomic}
     bool UseLargePagesIndividualAllocation        = false                                  {pd product} {ergonomic}

Logging:
Log output configuration:
 #0: stdout all=warning uptime,level,tags
 #1: stderr all=off uptime,level,tags

Environment Variables:
JAVA_HOME=C:\Program Files\Java\jdk-17
PATH=C:\Program Files\Common Files\Oracle\Java\javapath;C:\Windows\system32;C:\Windows;C:\Windows\System32\Wbem;C:\Windows\System32\WindowsPowerShell\v1.0\;C:\Windows\System32\OpenSSH\;C:\Program Files (x86)\Intel\Intel(R) Management Engine Components\DAL;C:\Program Files\Intel\Intel(R) Management Engine Components\DAL;C:\ProgramData\UNIVALI\Portugol Studio;C:\Program Files\Git\cmd;C:\Program Files\Java\jdk-17\bin;C:\Users\usuario\AppData\Local\Microsoft\WindowsApps;;C:\Program Files\JetBrains\IntelliJ IDEA Community Edition 2021.2.2\bin;
USERNAME=usuario
OS=Windows_NT
PROCESSOR_IDENTIFIER=Intel64 Family 6 Model 78 Stepping 3, GenuineIntel



---------------  S Y S T E M  ---------------

OS: Windows 10 , 64 bit Build 19041 (10.0.19041.1348)
OS uptime: 1 days 6:22 hours

CPU:total 4 (initial active 4) (2 cores per cpu, 2 threads per core) family 6 model 78 stepping 3 microcode 0xea, cmov, cx8, fxsr, mmx, sse, sse2, sse3, ssse3, sse4.1, sse4.2, popcnt, avx, avx2, aes, clmul, erms, 3dnowpref, lzcnt, ht, tsc, tscinvbit, bmi1, bmi2, adx, fma

Memory: 4k page, system-wide physical 8083M (243M free)
TotalPageFile size 12179M (AvailPageFile size 5M)
current process WorkingSet (physical memory assigned to process): 152M, peak: 152M
current process commit charge ("private bytes"): 253M, peak: 254M

vm_info: OpenJDK 64-Bit Server VM (11.0.10+0-b96-7249189) for windows-amd64 JRE (11.0.10+0-b96-7249189), built on Mar 31 2021 21:44:00 by "builder" with MS VC++ 14.0 (VS2015)

END.
