#
# There is insufficient memory for the Java Runtime Environment to continue.
# Native memory allocation (malloc) failed to allocate 635536 bytes for Chunk::new
# Possible reasons:
#   The system is out of physical RAM or swap space
#   The process is running with CompressedOops enabled, and the Java Heap may be blocking the growth of the native heap
# Possible solutions:
#   Reduce memory load on the system
#   Increase physical memory or swap space
#   Check if swap backing store is full
#   Decrease Java heap size (-Xmx/-Xms)
#   Decrease number of Java threads
#   Decrease Java thread stack sizes (-Xss)
#   Set larger code cache with -XX:ReservedCodeCacheSize=
#   JVM is running with Unscaled Compressed Oops mode in which the Java heap is
#     placed in the first 4GB address space. The Java Heap base address is the
#     maximum limit for the native heap growth. Please use -XX:HeapBaseMinAddress
#     to set the Java Heap base and to place the Java Heap above 4GB virtual address.
# This output file may be truncated or incomplete.
#
#  Out of Memory Error (./src/hotspot/share/memory/arena.cpp:197), pid=8676, tid=6004
#
# JRE version: OpenJDK Runtime Environment (11.0.10) (build 11.0.10+0-b96-7249189)
# Java VM: OpenJDK 64-Bit Server VM (11.0.10+0-b96-7249189, mixed mode, tiered, compressed oops, g1 gc, windows-amd64)
# No core dump will be written. Minidumps are not enabled by default on client versions of Windows
#

---------------  S U M M A R Y ------------

Command Line: org.jetbrains.kotlin.cli.jvm.K2JVMCompiler @C:\Users\usuario\AndroidStudioProjects\Affirmations\app\build\20211118_6974961459429358381.compiler.options

Host: Intel(R) Core(TM) i5-6200U CPU @ 2.30GHz, 4 cores, 7G,  Windows 10 , 64 bit Build 19041 (10.0.19041.1348)
Time: Thu Nov 18 16:42:13 2021 Hora oficial do Brasil elapsed time: 4.106126 seconds (0d 0h 0m 4s)

---------------  T H R E A D  ---------------

Current thread (0x0000027c1628d800):  JavaThread "C2 CompilerThread0" daemon [_thread_in_native, id=6004, stack(0x0000007e67100000,0x0000007e67200000)]


Current CompileTask:
C2:   4106 2008   !   4       jdk.internal.loader.BuiltinClassLoader::loadClassOrNull (143 bytes)

Stack: [0x0000007e67100000,0x0000007e67200000]
Native frames: (J=compiled Java code, j=interpreted, Vv=VM code, C=native code)
V  [jvm.dll+0x5ecfaa]
V  [jvm.dll+0x722bd5]
V  [jvm.dll+0x72412d]
V  [jvm.dll+0x7247e3]
V  [jvm.dll+0x242928]
V  [jvm.dll+0xbc4fc]
V  [jvm.dll+0xbca0c]
V  [jvm.dll+0x352d7d]
V  [jvm.dll+0x197a70]
V  [jvm.dll+0x1fb70e]
V  [jvm.dll+0x1fa7f4]
V  [jvm.dll+0x18354c]
V  [jvm.dll+0x208ee7]
V  [jvm.dll+0x207731]
V  [jvm.dll+0x6eb1cf]
V  [jvm.dll+0x6e3d45]
V  [jvm.dll+0x5ebe96]
C  [ucrtbase.dll+0x21bb2]
C  [KERNEL32.DLL+0x17034]
C  [ntdll.dll+0x52651]


---------------  P R O C E S S  ---------------

Threads class SMR info:
_java_thread_list=0x0000027c1827c250, length=10, elements={
0x0000027c7beba800, 0x0000027c16265000, 0x0000027c16270000, 0x0000027c1627f800,
0x0000027c16281000, 0x0000027c16284800, 0x0000027c1628d800, 0x0000027c16290000,
0x0000027c16292000, 0x0000027c16d53000
}

Java Threads: ( => current thread )
  0x0000027c7beba800 JavaThread "main" [_thread_in_vm, id=4772, stack(0x0000007e66500000,0x0000007e66600000)]
  0x0000027c16265000 JavaThread "Reference Handler" daemon [_thread_blocked, id=6788, stack(0x0000007e66c00000,0x0000007e66d00000)]
  0x0000027c16270000 JavaThread "Finalizer" daemon [_thread_blocked, id=1744, stack(0x0000007e66d00000,0x0000007e66e00000)]
  0x0000027c1627f800 JavaThread "Signal Dispatcher" daemon [_thread_blocked, id=11456, stack(0x0000007e66e00000,0x0000007e66f00000)]
  0x0000027c16281000 JavaThread "Attach Listener" daemon [_thread_blocked, id=10912, stack(0x0000007e66f00000,0x0000007e67000000)]
  0x0000027c16284800 JavaThread "Service Thread" daemon [_thread_blocked, id=4256, stack(0x0000007e67000000,0x0000007e67100000)]
=>0x0000027c1628d800 JavaThread "C2 CompilerThread0" daemon [_thread_in_native, id=6004, stack(0x0000007e67100000,0x0000007e67200000)]
  0x0000027c16290000 JavaThread "C1 CompilerThread0" daemon [_thread_blocked, id=11032, stack(0x0000007e67200000,0x0000007e67300000)]
  0x0000027c16292000 JavaThread "Sweeper thread" daemon [_thread_blocked, id=9084, stack(0x0000007e67300000,0x0000007e67400000)]
  0x0000027c16d53000 JavaThread "Common-Cleaner" daemon [_thread_blocked, id=7672, stack(0x0000007e67500000,0x0000007e67600000)]

Other Threads:
  0x0000027c1623d000 VMThread "VM Thread" [stack: 0x0000007e66b00000,0x0000007e66c00000] [id=11452]
  0x0000027c16d65000 WatcherThread [stack: 0x0000007e67400000,0x0000007e67500000] [id=7600]
  0x0000027c7bed2000 GCTaskThread "GC Thread#0" [stack: 0x0000007e66600000,0x0000007e66700000] [id=10744]
  0x0000027c17211000 GCTaskThread "GC Thread#1" [stack: 0x0000007e67600000,0x0000007e67700000] [id=11812]
  0x0000027c17160800 GCTaskThread "GC Thread#2" [stack: 0x0000007e67700000,0x0000007e67800000] [id=3824]
  0x0000027c7bf02000 ConcurrentGCThread "G1 Main Marker" [stack: 0x0000007e66700000,0x0000007e66800000] [id=6888]
  0x0000027c7bf04800 ConcurrentGCThread "G1 Conc#0" [stack: 0x0000007e66800000,0x0000007e66900000] [id=640]
  0x0000027c7bf97800 ConcurrentGCThread "G1 Refine#0" [stack: 0x0000007e66900000,0x0000007e66a00000] [id=2300]
  0x0000027c7bf98800 ConcurrentGCThread "G1 Young RemSet Sampling" [stack: 0x0000007e66a00000,0x0000007e66b00000] [id=6680]

Threads with active compile tasks:
C2 CompilerThread0   4140 2008   !   4       jdk.internal.loader.BuiltinClassLoader::loadClassOrNull (143 bytes)

VM state:not at safepoint (normal execution)

VM Mutex/Monitor currently owned by a thread: None

Heap address: 0x0000000081a00000, size: 2022 MB, Compressed Oops mode: 32-bit
Narrow klass base: 0x0000000000000000, Narrow klass shift: 3
Compressed class space size: 1073741824 Address: 0x0000000100000000

Heap:
 garbage-first heap   total 131072K, used 33666K [0x0000000081a00000, 0x0000000100000000)
  region size 1024K, 28 young (28672K), 6 survivors (6144K)
 Metaspace       used 27234K, capacity 27644K, committed 27776K, reserved 1073152K
  class space    used 2941K, capacity 3106K, committed 3200K, reserved 1048576K
Heap Regions: E=young(eden), S=young(survivor), O=old, HS=humongous(starts), HC=humongous(continues), CS=collection set, F=free, A=archive, TAMS=top-at-mark-start (previous, next)
|   0|0x0000000081a00000, 0x0000000081b00000, 0x0000000081b00000|100%|HS|  |TAMS 0x0000000081b00000, 0x0000000081a00000| Complete 
|   1|0x0000000081b00000, 0x0000000081c00000, 0x0000000081c00000|100%|HC|  |TAMS 0x0000000081c00000, 0x0000000081b00000| Complete 
|   2|0x0000000081c00000, 0x0000000081d00000, 0x0000000081d00000|100%|HC|  |TAMS 0x0000000081d00000, 0x0000000081c00000| Complete 
|   3|0x0000000081d00000, 0x0000000081d00000, 0x0000000081e00000|  0%| F|  |TAMS 0x0000000081d00000, 0x0000000081d00000| Untracked 
|   4|0x0000000081e00000, 0x0000000081e14800, 0x0000000081f00000|  8%| O|  |TAMS 0x0000000081e14800, 0x0000000081e00000| Untracked 
|   5|0x0000000081f00000, 0x0000000082000000, 0x0000000082000000|100%|HS|  |TAMS 0x0000000081f00000, 0x0000000081f00000| Complete 
|   6|0x0000000082000000, 0x0000000082100000, 0x0000000082100000|100%|HC|  |TAMS 0x0000000082000000, 0x0000000082000000| Complete 
|   7|0x0000000082100000, 0x0000000082200000, 0x0000000082200000|100%|HC|  |TAMS 0x0000000082100000, 0x0000000082100000| Complete 
|   8|0x0000000082200000, 0x0000000082200000, 0x0000000082300000|  0%| F|  |TAMS 0x0000000082200000, 0x0000000082200000| Untracked 
|   9|0x0000000082300000, 0x0000000082300000, 0x0000000082400000|  0%| F|  |TAMS 0x0000000082300000, 0x0000000082300000| Untracked 
|  10|0x0000000082400000, 0x0000000082400000, 0x0000000082500000|  0%| F|  |TAMS 0x0000000082400000, 0x0000000082400000| Untracked 
|  11|0x0000000082500000, 0x0000000082500000, 0x0000000082600000|  0%| F|  |TAMS 0x0000000082500000, 0x0000000082500000| Untracked 
|  12|0x0000000082600000, 0x0000000082600000, 0x0000000082700000|  0%| F|  |TAMS 0x0000000082600000, 0x0000000082600000| Untracked 
|  13|0x0000000082700000, 0x0000000082700000, 0x0000000082800000|  0%| F|  |TAMS 0x0000000082700000, 0x0000000082700000| Untracked 
|  14|0x0000000082800000, 0x0000000082800000, 0x0000000082900000|  0%| F|  |TAMS 0x0000000082800000, 0x0000000082800000| Untracked 
|  15|0x0000000082900000, 0x0000000082900000, 0x0000000082a00000|  0%| F|  |TAMS 0x0000000082900000, 0x0000000082900000| Untracked 
|  16|0x0000000082a00000, 0x0000000082a00000, 0x0000000082b00000|  0%| F|  |TAMS 0x0000000082a00000, 0x0000000082a00000| Untracked 
|  17|0x0000000082b00000, 0x0000000082b00000, 0x0000000082c00000|  0%| F|  |TAMS 0x0000000082b00000, 0x0000000082b00000| Untracked 
|  18|0x0000000082c00000, 0x0000000082c00000, 0x0000000082d00000|  0%| F|  |TAMS 0x0000000082c00000, 0x0000000082c00000| Untracked 
|  19|0x0000000082d00000, 0x0000000082d00000, 0x0000000082e00000|  0%| F|  |TAMS 0x0000000082d00000, 0x0000000082d00000| Untracked 
|  20|0x0000000082e00000, 0x0000000082e00000, 0x0000000082f00000|  0%| F|  |TAMS 0x0000000082e00000, 0x0000000082e00000| Untracked 
|  21|0x0000000082f00000, 0x0000000082f00000, 0x0000000083000000|  0%| F|  |TAMS 0x0000000082f00000, 0x0000000082f00000| Untracked 
|  22|0x0000000083000000, 0x0000000083000000, 0x0000000083100000|  0%| F|  |TAMS 0x0000000083000000, 0x0000000083000000| Untracked 
|  23|0x0000000083100000, 0x0000000083100000, 0x0000000083200000|  0%| F|  |TAMS 0x0000000083100000, 0x0000000083100000| Untracked 
|  24|0x0000000083200000, 0x0000000083200000, 0x0000000083300000|  0%| F|  |TAMS 0x0000000083200000, 0x0000000083200000| Untracked 
|  25|0x0000000083300000, 0x0000000083300000, 0x0000000083400000|  0%| F|  |TAMS 0x0000000083300000, 0x0000000083300000| Untracked 
|  26|0x0000000083400000, 0x0000000083400000, 0x0000000083500000|  0%| F|  |TAMS 0x0000000083400000, 0x0000000083400000| Untracked 
|  27|0x0000000083500000, 0x0000000083500000, 0x0000000083600000|  0%| F|  |TAMS 0x0000000083500000, 0x0000000083500000| Untracked 
|  28|0x0000000083600000, 0x0000000083600000, 0x0000000083700000|  0%| F|  |TAMS 0x0000000083600000, 0x0000000083600000| Untracked 
|  29|0x0000000083700000, 0x0000000083700000, 0x0000000083800000|  0%| F|  |TAMS 0x0000000083700000, 0x0000000083700000| Untracked 
|  30|0x0000000083800000, 0x0000000083800000, 0x0000000083900000|  0%| F|  |TAMS 0x0000000083800000, 0x0000000083800000| Untracked 
|  31|0x0000000083900000, 0x0000000083900000, 0x0000000083a00000|  0%| F|  |TAMS 0x0000000083900000, 0x0000000083900000| Untracked 
|  32|0x0000000083a00000, 0x0000000083a00000, 0x0000000083b00000|  0%| F|  |TAMS 0x0000000083a00000, 0x0000000083a00000| Untracked 
|  33|0x0000000083b00000, 0x0000000083b00000, 0x0000000083c00000|  0%| F|  |TAMS 0x0000000083b00000, 0x0000000083b00000| Untracked 
|  34|0x0000000083c00000, 0x0000000083c00000, 0x0000000083d00000|  0%| F|  |TAMS 0x0000000083c00000, 0x0000000083c00000| Untracked 
|  35|0x0000000083d00000, 0x0000000083d00000, 0x0000000083e00000|  0%| F|  |TAMS 0x0000000083d00000, 0x0000000083d00000| Untracked 
|  36|0x0000000083e00000, 0x0000000083e00000, 0x0000000083f00000|  0%| F|  |TAMS 0x0000000083e00000, 0x0000000083e00000| Untracked 
|  37|0x0000000083f00000, 0x0000000083f00000, 0x0000000084000000|  0%| F|  |TAMS 0x0000000083f00000, 0x0000000083f00000| Untracked 
|  38|0x0000000084000000, 0x0000000084000000, 0x0000000084100000|  0%| F|  |TAMS 0x0000000084000000, 0x0000000084000000| Untracked 
|  39|0x0000000084100000, 0x0000000084100000, 0x0000000084200000|  0%| F|  |TAMS 0x0000000084100000, 0x0000000084100000| Untracked 
|  40|0x0000000084200000, 0x0000000084200000, 0x0000000084300000|  0%| F|  |TAMS 0x0000000084200000, 0x0000000084200000| Untracked 
|  41|0x0000000084300000, 0x0000000084300000, 0x0000000084400000|  0%| F|  |TAMS 0x0000000084300000, 0x0000000084300000| Untracked 
|  42|0x0000000084400000, 0x0000000084400000, 0x0000000084500000|  0%| F|  |TAMS 0x0000000084400000, 0x0000000084400000| Untracked 
|  43|0x0000000084500000, 0x0000000084500000, 0x0000000084600000|  0%| F|  |TAMS 0x0000000084500000, 0x0000000084500000| Untracked 
|  44|0x0000000084600000, 0x0000000084600000, 0x0000000084700000|  0%| F|  |TAMS 0x0000000084600000, 0x0000000084600000| Untracked 
|  45|0x0000000084700000, 0x0000000084700000, 0x0000000084800000|  0%| F|  |TAMS 0x0000000084700000, 0x0000000084700000| Untracked 
|  46|0x0000000084800000, 0x0000000084800000, 0x0000000084900000|  0%| F|  |TAMS 0x0000000084800000, 0x0000000084800000| Untracked 
|  47|0x0000000084900000, 0x0000000084900000, 0x0000000084a00000|  0%| F|  |TAMS 0x0000000084900000, 0x0000000084900000| Untracked 
|  48|0x0000000084a00000, 0x0000000084a00000, 0x0000000084b00000|  0%| F|  |TAMS 0x0000000084a00000, 0x0000000084a00000| Untracked 
|  49|0x0000000084b00000, 0x0000000084b00000, 0x0000000084c00000|  0%| F|  |TAMS 0x0000000084b00000, 0x0000000084b00000| Untracked 
|  50|0x0000000084c00000, 0x0000000084c00000, 0x0000000084d00000|  0%| F|  |TAMS 0x0000000084c00000, 0x0000000084c00000| Untracked 
|  51|0x0000000084d00000, 0x0000000084d00000, 0x0000000084e00000|  0%| F|  |TAMS 0x0000000084d00000, 0x0000000084d00000| Untracked 
|  52|0x0000000084e00000, 0x0000000084e00000, 0x0000000084f00000|  0%| F|  |TAMS 0x0000000084e00000, 0x0000000084e00000| Untracked 
|  53|0x0000000084f00000, 0x0000000084f00000, 0x0000000085000000|  0%| F|  |TAMS 0x0000000084f00000, 0x0000000084f00000| Untracked 
|  54|0x0000000085000000, 0x0000000085000000, 0x0000000085100000|  0%| F|  |TAMS 0x0000000085000000, 0x0000000085000000| Untracked 
|  55|0x0000000085100000, 0x0000000085100000, 0x0000000085200000|  0%| F|  |TAMS 0x0000000085100000, 0x0000000085100000| Untracked 
|  56|0x0000000085200000, 0x0000000085200000, 0x0000000085300000|  0%| F|  |TAMS 0x0000000085200000, 0x0000000085200000| Untracked 
|  57|0x0000000085300000, 0x0000000085300000, 0x0000000085400000|  0%| F|  |TAMS 0x0000000085300000, 0x0000000085300000| Untracked 
|  58|0x0000000085400000, 0x0000000085400000, 0x0000000085500000|  0%| F|  |TAMS 0x0000000085400000, 0x0000000085400000| Untracked 
|  59|0x0000000085500000, 0x0000000085500000, 0x0000000085600000|  0%| F|  |TAMS 0x0000000085500000, 0x0000000085500000| Untracked 
|  60|0x0000000085600000, 0x0000000085600000, 0x0000000085700000|  0%| F|  |TAMS 0x0000000085600000, 0x0000000085600000| Untracked 
|  61|0x0000000085700000, 0x0000000085700000, 0x0000000085800000|  0%| F|  |TAMS 0x0000000085700000, 0x0000000085700000| Untracked 
|  62|0x0000000085800000, 0x0000000085800000, 0x0000000085900000|  0%| F|  |TAMS 0x0000000085800000, 0x0000000085800000| Untracked 
|  63|0x0000000085900000, 0x0000000085900000, 0x0000000085a00000|  0%| F|  |TAMS 0x0000000085900000, 0x0000000085900000| Untracked 
|  64|0x0000000085a00000, 0x0000000085a00000, 0x0000000085b00000|  0%| F|  |TAMS 0x0000000085a00000, 0x0000000085a00000| Untracked 
|  65|0x0000000085b00000, 0x0000000085b00000, 0x0000000085c00000|  0%| F|  |TAMS 0x0000000085b00000, 0x0000000085b00000| Untracked 
|  66|0x0000000085c00000, 0x0000000085c00000, 0x0000000085d00000|  0%| F|  |TAMS 0x0000000085c00000, 0x0000000085c00000| Untracked 
|  67|0x0000000085d00000, 0x0000000085d00000, 0x0000000085e00000|  0%| F|  |TAMS 0x0000000085d00000, 0x0000000085d00000| Untracked 
|  68|0x0000000085e00000, 0x0000000085e00000, 0x0000000085f00000|  0%| F|  |TAMS 0x0000000085e00000, 0x0000000085e00000| Untracked 
|  69|0x0000000085f00000, 0x0000000085f00000, 0x0000000086000000|  0%| F|  |TAMS 0x0000000085f00000, 0x0000000085f00000| Untracked 
|  70|0x0000000086000000, 0x0000000086000000, 0x0000000086100000|  0%| F|  |TAMS 0x0000000086000000, 0x0000000086000000| Untracked 
|  71|0x0000000086100000, 0x0000000086100000, 0x0000000086200000|  0%| F|  |TAMS 0x0000000086100000, 0x0000000086100000| Untracked 
|  72|0x0000000086200000, 0x0000000086200000, 0x0000000086300000|  0%| F|  |TAMS 0x0000000086200000, 0x0000000086200000| Untracked 
|  73|0x0000000086300000, 0x0000000086300000, 0x0000000086400000|  0%| F|  |TAMS 0x0000000086300000, 0x0000000086300000| Untracked 
|  74|0x0000000086400000, 0x0000000086400000, 0x0000000086500000|  0%| F|  |TAMS 0x0000000086400000, 0x0000000086400000| Untracked 
|  75|0x0000000086500000, 0x0000000086500000, 0x0000000086600000|  0%| F|  |TAMS 0x0000000086500000, 0x0000000086500000| Untracked 
|  76|0x0000000086600000, 0x00000000866cc148, 0x0000000086700000| 79%| S|CS|TAMS 0x0000000086600000, 0x0000000086600000| Complete 
|  77|0x0000000086700000, 0x0000000086800000, 0x0000000086800000|100%| S|CS|TAMS 0x0000000086700000, 0x0000000086700000| Complete 
|  78|0x0000000086800000, 0x0000000086900000, 0x0000000086900000|100%| S|CS|TAMS 0x0000000086800000, 0x0000000086800000| Complete 
|  79|0x0000000086900000, 0x0000000086a00000, 0x0000000086a00000|100%| S|CS|TAMS 0x0000000086900000, 0x0000000086900000| Complete 
|  80|0x0000000086a00000, 0x0000000086b00000, 0x0000000086b00000|100%| S|CS|TAMS 0x0000000086a00000, 0x0000000086a00000| Complete 
|  81|0x0000000086b00000, 0x0000000086c00000, 0x0000000086c00000|100%| S|CS|TAMS 0x0000000086b00000, 0x0000000086b00000| Complete 
|  82|0x0000000086c00000, 0x0000000086c00000, 0x0000000086d00000|  0%| F|  |TAMS 0x0000000086c00000, 0x0000000086c00000| Untracked 
|  83|0x0000000086d00000, 0x0000000086d00000, 0x0000000086e00000|  0%| F|  |TAMS 0x0000000086d00000, 0x0000000086d00000| Untracked 
|  84|0x0000000086e00000, 0x0000000086e00000, 0x0000000086f00000|  0%| F|  |TAMS 0x0000000086e00000, 0x0000000086e00000| Untracked 
|  85|0x0000000086f00000, 0x0000000086f00000, 0x0000000087000000|  0%| F|  |TAMS 0x0000000086f00000, 0x0000000086f00000| Untracked 
|  86|0x0000000087000000, 0x0000000087000000, 0x0000000087100000|  0%| F|  |TAMS 0x0000000087000000, 0x0000000087000000| Untracked 
|  87|0x0000000087100000, 0x0000000087100000, 0x0000000087200000|  0%| F|  |TAMS 0x0000000087100000, 0x0000000087100000| Untracked 
|  88|0x0000000087200000, 0x0000000087200000, 0x0000000087300000|  0%| F|  |TAMS 0x0000000087200000, 0x0000000087200000| Untracked 
|  89|0x0000000087300000, 0x0000000087300000, 0x0000000087400000|  0%| F|  |TAMS 0x0000000087300000, 0x0000000087300000| Untracked 
|  90|0x0000000087400000, 0x0000000087400000, 0x0000000087500000|  0%| F|  |TAMS 0x0000000087400000, 0x0000000087400000| Untracked 
|  91|0x0000000087500000, 0x0000000087500000, 0x0000000087600000|  0%| F|  |TAMS 0x0000000087500000, 0x0000000087500000| Untracked 
|  92|0x0000000087600000, 0x0000000087600000, 0x0000000087700000|  0%| F|  |TAMS 0x0000000087600000, 0x0000000087600000| Untracked 
|  93|0x0000000087700000, 0x0000000087700000, 0x0000000087800000|  0%| F|  |TAMS 0x0000000087700000, 0x0000000087700000| Untracked 
|  94|0x0000000087800000, 0x0000000087800000, 0x0000000087900000|  0%| F|  |TAMS 0x0000000087800000, 0x0000000087800000| Untracked 
|  95|0x0000000087900000, 0x0000000087900000, 0x0000000087a00000|  0%| F|  |TAMS 0x0000000087900000, 0x0000000087900000| Untracked 
|  96|0x0000000087a00000, 0x0000000087a00000, 0x0000000087b00000|  0%| F|  |TAMS 0x0000000087a00000, 0x0000000087a00000| Untracked 
|  97|0x0000000087b00000, 0x0000000087b00000, 0x0000000087c00000|  0%| F|  |TAMS 0x0000000087b00000, 0x0000000087b00000| Untracked 
|  98|0x0000000087c00000, 0x0000000087c00000, 0x0000000087d00000|  0%| F|  |TAMS 0x0000000087c00000, 0x0000000087c00000| Untracked 
|  99|0x0000000087d00000, 0x0000000087d00000, 0x0000000087e00000|  0%| F|  |TAMS 0x0000000087d00000, 0x0000000087d00000| Untracked 
| 100|0x0000000087e00000, 0x0000000087e00000, 0x0000000087f00000|  0%| F|  |TAMS 0x0000000087e00000, 0x0000000087e00000| Untracked 
| 101|0x0000000087f00000, 0x0000000087f00000, 0x0000000088000000|  0%| F|  |TAMS 0x0000000087f00000, 0x0000000087f00000| Untracked 
| 102|0x0000000088000000, 0x0000000088000000, 0x0000000088100000|  0%| F|  |TAMS 0x0000000088000000, 0x0000000088000000| Untracked 
| 103|0x0000000088100000, 0x0000000088100000, 0x0000000088200000|  0%| F|  |TAMS 0x0000000088100000, 0x0000000088100000| Untracked 
| 104|0x0000000088200000, 0x0000000088200000, 0x0000000088300000|  0%| F|  |TAMS 0x0000000088200000, 0x0000000088200000| Untracked 
| 105|0x0000000088300000, 0x0000000088300000, 0x0000000088400000|  0%| F|  |TAMS 0x0000000088300000, 0x0000000088300000| Untracked 
| 106|0x0000000088400000, 0x000000008848ff40, 0x0000000088500000| 56%| E|  |TAMS 0x0000000088400000, 0x0000000088400000| Complete 
| 107|0x0000000088500000, 0x0000000088600000, 0x0000000088600000|100%| E|CS|TAMS 0x0000000088500000, 0x0000000088500000| Complete 
| 108|0x0000000088600000, 0x0000000088700000, 0x0000000088700000|100%| E|CS|TAMS 0x0000000088600000, 0x0000000088600000| Complete 
| 109|0x0000000088700000, 0x0000000088800000, 0x0000000088800000|100%| E|CS|TAMS 0x0000000088700000, 0x0000000088700000| Complete 
| 110|0x0000000088800000, 0x0000000088900000, 0x0000000088900000|100%| E|CS|TAMS 0x0000000088800000, 0x0000000088800000| Complete 
| 111|0x0000000088900000, 0x0000000088a00000, 0x0000000088a00000|100%| E|CS|TAMS 0x0000000088900000, 0x0000000088900000| Complete 
| 112|0x0000000088a00000, 0x0000000088b00000, 0x0000000088b00000|100%| E|CS|TAMS 0x0000000088a00000, 0x0000000088a00000| Complete 
| 113|0x0000000088b00000, 0x0000000088c00000, 0x0000000088c00000|100%| E|CS|TAMS 0x0000000088b00000, 0x0000000088b00000| Complete 
| 114|0x0000000088c00000, 0x0000000088d00000, 0x0000000088d00000|100%| E|CS|TAMS 0x0000000088c00000, 0x0000000088c00000| Complete 
| 115|0x0000000088d00000, 0x0000000088e00000, 0x0000000088e00000|100%| E|CS|TAMS 0x0000000088d00000, 0x0000000088d00000| Complete 
| 116|0x0000000088e00000, 0x0000000088f00000, 0x0000000088f00000|100%| E|CS|TAMS 0x0000000088e00000, 0x0000000088e00000| Complete 
| 117|0x0000000088f00000, 0x0000000089000000, 0x0000000089000000|100%| E|CS|TAMS 0x0000000088f00000, 0x0000000088f00000| Complete 
| 118|0x0000000089000000, 0x0000000089100000, 0x0000000089100000|100%| E|CS|TAMS 0x0000000089000000, 0x0000000089000000| Complete 
| 119|0x0000000089100000, 0x0000000089200000, 0x0000000089200000|100%| E|CS|TAMS 0x0000000089100000, 0x0000000089100000| Complete 
| 120|0x0000000089200000, 0x0000000089300000, 0x0000000089300000|100%| E|CS|TAMS 0x0000000089200000, 0x0000000089200000| Complete 
| 121|0x0000000089300000, 0x0000000089400000, 0x0000000089400000|100%| E|CS|TAMS 0x0000000089300000, 0x0000000089300000| Complete 
| 122|0x0000000089400000, 0x0000000089500000, 0x0000000089500000|100%| E|CS|TAMS 0x0000000089400000, 0x0000000089400000| Complete 
| 123|0x0000000089500000, 0x0000000089600000, 0x0000000089600000|100%| E|CS|TAMS 0x0000000089500000, 0x0000000089500000| Complete 
| 124|0x0000000089600000, 0x0000000089700000, 0x0000000089700000|100%| E|CS|TAMS 0x0000000089600000, 0x0000000089600000| Complete 
| 125|0x0000000089700000, 0x0000000089800000, 0x0000000089800000|100%| E|CS|TAMS 0x0000000089700000, 0x0000000089700000| Complete 
| 126|0x0000000089800000, 0x0000000089900000, 0x0000000089900000|100%| E|CS|TAMS 0x0000000089800000, 0x0000000089800000| Complete 
| 127|0x0000000089900000, 0x0000000089a00000, 0x0000000089a00000|100%| E|CS|TAMS 0x0000000089900000, 0x0000000089900000| Complete 

Card table byte_map: [0x0000027c0f520000,0x0000027c0f920000] _byte_map_base: 0x0000027c0f113000

Marking Bits (Prev, Next): (CMBitMap*) 0x0000027c7bef95e0, (CMBitMap*) 0x0000027c7bef95a8
 Prev Bits: [0x0000027c11cc0000, 0x0000027c13c58000)
 Next Bits: [0x0000027c0fd20000, 0x0000027c11cb8000)

Polling page: 0x0000027c7f9b0000

Metaspace:

Usage:
  Non-class:     23.96 MB capacity,    23.72 MB (>99%) used,   201.82 KB ( <1%) free+waste,    42.63 KB ( <1%) overhead. 
      Class:      3.03 MB capacity,     2.87 MB ( 95%) used,   144.70 KB (  5%) free+waste,    20.25 KB ( <1%) overhead. 
       Both:     27.00 MB capacity,    26.60 MB ( 99%) used,   346.52 KB (  1%) free+waste,    62.88 KB ( <1%) overhead. 

Virtual space:
  Non-class space:       24.00 MB reserved,      24.00 MB (100%) committed 
      Class space:        1.00 GB reserved,       3.13 MB ( <1%) committed 
             Both:        1.02 GB reserved,      27.13 MB (  3%) committed 

Chunk freelists:
   Non-Class:  38.00 KB
       Class:  30.00 KB
        Both:  68.00 KB

MaxMetaspaceSize: 17179869184.00 GB
CompressedClassSpaceSize: 1.00 GB

CodeHeap 'non-profiled nmethods': size=120064Kb used=642Kb max_used=642Kb free=119421Kb
 bounds [0x0000027c07ac0000, 0x0000027c07d30000, 0x0000027c0f000000]
CodeHeap 'profiled nmethods': size=120000Kb used=3776Kb max_used=3776Kb free=116223Kb
 bounds [0x0000027c00590000, 0x0000027c00950000, 0x0000027c07ac0000]
CodeHeap 'non-nmethods': size=5696Kb used=1156Kb max_used=1173Kb free=4539Kb
 bounds [0x0000027c00000000, 0x0000027c00270000, 0x0000027c00590000]
 total_blobs=2527 nmethods=2027 adapters=412
 compilation: enabled
              stopped_count=0, restarted_count=0
 full_count=0

Compilation events (20 events):
Event: 3.913 Thread 0x0000027c16290000 2019       3       jdk.internal.org.objectweb.asm.MethodVisitor::<init> (7 bytes)
Event: 3.913 Thread 0x0000027c16290000 nmethod 2019 0x0000027c00930d90 code [0x0000027c00930f60, 0x0000027c00931288]
Event: 3.913 Thread 0x0000027c16290000 2020       3       jdk.internal.org.objectweb.asm.MethodWriter::visitMaxs (1144 bytes)
Event: 3.918 Thread 0x0000027c16290000 nmethod 2020 0x0000027c00931390 code [0x0000027c009318a0, 0x0000027c009341c8]
Event: 3.918 Thread 0x0000027c16290000 2023       3       jdk.internal.org.objectweb.asm.MethodWriter::put (1602 bytes)
Event: 3.926 Thread 0x0000027c16290000 nmethod 2023 0x0000027c00935b10 code [0x0000027c00936400, 0x0000027c009397b8]
Event: 3.926 Thread 0x0000027c16290000 2021       3       jdk.internal.org.objectweb.asm.MethodWriter::visitEnd (1 bytes)
Event: 3.926 Thread 0x0000027c16290000 nmethod 2021 0x0000027c0093ae10 code [0x0000027c0093afc0, 0x0000027c0093b0b8]
Event: 3.926 Thread 0x0000027c16290000 2022       3       jdk.internal.org.objectweb.asm.MethodWriter::getSize (838 bytes)
Event: 3.931 Thread 0x0000027c16290000 nmethod 2022 0x0000027c0093b190 code [0x0000027c0093b640, 0x0000027c0093d528]
Event: 3.965 Thread 0x0000027c16290000 2024       1       java.lang.reflect.Constructor::getRoot (5 bytes)
Event: 3.965 Thread 0x0000027c16290000 nmethod 2024 0x0000027c07b60110 code [0x0000027c07b602c0, 0x0000027c07b60378]
Event: 3.997 Thread 0x0000027c16290000 2025       3       java.lang.String::startsWith (138 bytes)
Event: 3.998 Thread 0x0000027c16290000 nmethod 2025 0x0000027c0093e310 code [0x0000027c0093e540, 0x0000027c0093eef8]
Event: 4.004 Thread 0x0000027c16290000 2026       3       java.lang.invoke.LambdaFormEditor$Transform::<init> (17 bytes)
Event: 4.004 Thread 0x0000027c16290000 nmethod 2026 0x0000027c0093f210 code [0x0000027c0093f3e0, 0x0000027c0093f7b8]
Event: 4.005 Thread 0x0000027c16290000 2027       3       jdk.internal.misc.Unsafe::getAndAddInt (27 bytes)
Event: 4.005 Thread 0x0000027c16290000 nmethod 2027 0x0000027c0093f910 code [0x0000027c0093fac0, 0x0000027c0093fcf8]
Event: 4.005 Thread 0x0000027c16290000 2029       3       jdk.internal.misc.Unsafe::weakCompareAndSetInt (11 bytes)
Event: 4.005 Thread 0x0000027c16290000 nmethod 2029 0x0000027c0093fe10 code [0x0000027c0093ffc0, 0x0000027c009400d8]

GC Heap History (4 events):
Event: 1.062 GC heap before
{Heap before GC invocations=0 (full 0):
 garbage-first heap   total 131072K, used 17408K [0x0000000081a00000, 0x0000000100000000)
  region size 1024K, 14 young (14336K), 0 survivors (0K)
 Metaspace       used 9803K, capacity 9871K, committed 10112K, reserved 1058816K
  class space    used 839K, capacity 884K, committed 896K, reserved 1048576K
}
Event: 1.067 GC heap after
{Heap after GC invocations=1 (full 0):
 garbage-first heap   total 131072K, used 5202K [0x0000000081a00000, 0x0000000100000000)
  region size 1024K, 2 young (2048K), 2 survivors (2048K)
 Metaspace       used 9803K, capacity 9871K, committed 10112K, reserved 1058816K
  class space    used 839K, capacity 884K, committed 896K, reserved 1048576K
}
Event: 2.601 GC heap before
{Heap before GC invocations=1 (full 0):
 garbage-first heap   total 131072K, used 49234K [0x0000000081a00000, 0x0000000100000000)
  region size 1024K, 46 young (47104K), 2 survivors (2048K)
 Metaspace       used 20742K, capacity 20990K, committed 21248K, reserved 1069056K
  class space    used 2199K, capacity 2280K, committed 2304K, reserved 1048576K
}
Event: 2.626 GC heap after
{Heap after GC invocations=2 (full 0):
 garbage-first heap   total 131072K, used 9090K [0x0000000081a00000, 0x0000000100000000)
  region size 1024K, 6 young (6144K), 6 survivors (6144K)
 Metaspace       used 20742K, capacity 20990K, committed 21248K, reserved 1069056K
  class space    used 2199K, capacity 2280K, committed 2304K, reserved 1048576K
}

Deoptimization events (20 events):
Event: 3.256 Thread 0x0000027c7beba800 Uncommon trap: trap_request=0xffffff6e fr.pc=0x0000027c07b3d22c relative=0x000000000000136c
Event: 3.256 Thread 0x0000027c7beba800 Uncommon trap: reason=speculate_class_check action=maybe_recompile pc=0x0000027c07b3d22c method=java.util.zip.InflaterInputStream.read([BII)I @ 100 c2
Event: 3.256 Thread 0x0000027c7beba800 DEOPT PACKING pc=0x0000027c07b3d22c sp=0x0000007e665fe280
Event: 3.256 Thread 0x0000027c7beba800 DEOPT UNPACKING pc=0x0000027c000278af sp=0x0000007e665fe2e0 mode 2
Event: 3.300 Thread 0x0000027c7beba800 Uncommon trap: trap_request=0xffffffcc fr.pc=0x0000027c07b56d74 relative=0x00000000000001b4
Event: 3.300 Thread 0x0000027c7beba800 Uncommon trap: reason=intrinsic_or_type_checked_inlining action=make_not_entrant pc=0x0000027c07b56d74 method=java.util.Arrays.copyOf([Ljava/lang/Object;ILjava/lang/Class;)[Ljava/lang/Object; @ 35 c2
Event: 3.300 Thread 0x0000027c7beba800 DEOPT PACKING pc=0x0000027c07b56d74 sp=0x0000007e665fc210
Event: 3.300 Thread 0x0000027c7beba800 DEOPT UNPACKING pc=0x0000027c000278af sp=0x0000007e665fc1b8 mode 2
Event: 3.590 Thread 0x0000027c7beba800 Uncommon trap: trap_request=0xffffff4d fr.pc=0x0000027c07b585e4 relative=0x00000000000005a4
Event: 3.590 Thread 0x0000027c7beba800 Uncommon trap: reason=unstable_if action=reinterpret pc=0x0000027c07b585e4 method=java.lang.Integer.getChars(II[B)I @ 25 c2
Event: 3.590 Thread 0x0000027c7beba800 DEOPT PACKING pc=0x0000027c07b585e4 sp=0x0000007e665fe310
Event: 3.590 Thread 0x0000027c7beba800 DEOPT UNPACKING pc=0x0000027c000278af sp=0x0000007e665fe200 mode 2
Event: 3.590 Thread 0x0000027c7beba800 Uncommon trap: trap_request=0xffffff4d fr.pc=0x0000027c07b59ac0 relative=0x0000000000000580
Event: 3.590 Thread 0x0000027c7beba800 Uncommon trap: reason=unstable_if action=reinterpret pc=0x0000027c07b59ac0 method=java.lang.Integer.getChars(II[B)I @ 25 c2
Event: 3.590 Thread 0x0000027c7beba800 DEOPT PACKING pc=0x0000027c07b59ac0 sp=0x0000007e665fe2b0
Event: 3.590 Thread 0x0000027c7beba800 DEOPT UNPACKING pc=0x0000027c000278af sp=0x0000007e665fe208 mode 2
Event: 3.978 Thread 0x0000027c7beba800 Uncommon trap: trap_request=0xffffff4d fr.pc=0x0000027c07b37e5c relative=0x00000000000001bc
Event: 3.978 Thread 0x0000027c7beba800 Uncommon trap: reason=unstable_if action=reinterpret pc=0x0000027c07b37e5c method=java.lang.String.startsWith(Ljava/lang/String;I)Z @ 1 c2
Event: 3.978 Thread 0x0000027c7beba800 DEOPT PACKING pc=0x0000027c07b37e5c sp=0x0000007e665fdb90
Event: 3.978 Thread 0x0000027c7beba800 DEOPT UNPACKING pc=0x0000027c000278af sp=0x0000007e665fdb00 mode 2

Classes redefined (0 events):
No events

Internal exceptions (20 events):
Event: 1.938 Thread 0x0000027c7beba800 Exception <a 'java/lang/NoSuchMethodError'{0x0000000087a0c488}: 'java.lang.Object java.lang.invoke.DirectMethodHandle$Holder.invokeSpecial(java.lang.Object, java.lang.Object, java.lang.Object, java.lang.Object, long)'> (0x0000000087a0c488) thrown at [./src/hotspot/share/interpreter/linkResolver.cpp, line 773]
Event: 1.939 Thread 0x0000027c7beba800 Exception <a 'java/lang/NoSuchMethodError'{0x0000000087a0f9e0}: 'java.lang.Object java.lang.invoke.DelegatingMethodHandle$Holder.reinvoke_L(java.lang.Object, java.lang.Object, java.lang.Object, long)'> (0x0000000087a0f9e0) thrown at [./src/hotspot/share/interpreter/linkResolver.cpp, line 773]
Event: 1.942 Thread 0x0000027c7beba800 Exception <a 'java/lang/NoSuchMethodError'{0x0000000087a29e60}: 'long java.lang.invoke.Invokers$Holder.invoke_MT(java.lang.Object, java.lang.Object, java.lang.Object, java.lang.Object)'> (0x0000000087a29e60) thrown at [./src/hotspot/share/interpreter/linkResolver.cpp, line 773]
Event: 1.943 Thread 0x0000027c7beba800 Exception <a 'java/lang/NoSuchMethodError'{0x0000000087a2d4e0}: 'long java.lang.invoke.DelegatingMethodHandle$Holder.reinvoke_L(java.lang.Object, java.lang.Object, java.lang.Object)'> (0x0000000087a2d4e0) thrown at [./src/hotspot/share/interpreter/linkResolver.cpp, line 773]
Event: 1.945 Thread 0x0000027c7beba800 Exception <a 'java/lang/NoSuchMethodError'{0x0000000087a371a0}: 'int java.lang.invoke.DirectMethodHandle$Holder.invokeSpecial(java.lang.Object, java.lang.Object, java.lang.Object, java.lang.Object)'> (0x0000000087a371a0) thrown at [./src/hotspot/share/interpreter/linkResolver.cpp, line 773]
Event: 1.947 Thread 0x0000027c7beba800 Exception <a 'java/lang/NoSuchMethodError'{0x0000000087a45f80}: 'int java.lang.invoke.DelegatingMethodHandle$Holder.reinvoke_L(java.lang.Object, java.lang.Object, java.lang.Object, long, int)'> (0x0000000087a45f80) thrown at [./src/hotspot/share/interpreter/linkResolver.cpp, line 773]
Event: 2.142 Thread 0x0000027c7beba800 Exception <a 'java/lang/NoSuchMethodError'{0x00000000876af0e8}: 'int java.lang.invoke.DirectMethodHandle$Holder.invokeSpecialIFC(java.lang.Object, java.lang.Object, int)'> (0x00000000876af0e8) thrown at [./src/hotspot/share/interpreter/linkResolver.cpp, line 773]
Event: 2.504 Thread 0x0000027c7beba800 Exception <a 'java/lang/NoSuchMethodError'{0x0000000086fb85e8}: 'java.lang.Object java.lang.invoke.DirectMethodHandle$Holder.invokeStaticInit(java.lang.Object, int)'> (0x0000000086fb85e8) thrown at [./src/hotspot/share/interpreter/linkResolver.cpp, line 773]
Event: 2.562 Thread 0x0000027c7beba800 Exception <a 'java/lang/NoSuchMethodError'{0x0000000086d83128}: 'long java.lang.invoke.DirectMethodHandle$Holder.invokeStatic(java.lang.Object)'> (0x0000000086d83128) thrown at [./src/hotspot/share/interpreter/linkResolver.cpp, line 773]
Event: 2.562 Thread 0x0000027c7beba800 Exception <a 'java/lang/NoSuchMethodError'{0x0000000086d85f80}: 'long java.lang.invoke.DirectMethodHandle$Holder.invokeStaticInit(java.lang.Object)'> (0x0000000086d85f80) thrown at [./src/hotspot/share/interpreter/linkResolver.cpp, line 773]
Event: 2.727 Thread 0x0000027c7beba800 Exception <a 'java/lang/NoSuchMethodError'{0x00000000897fe688}: 'int java.lang.invoke.DirectMethodHandle$Holder.invokeStaticInit(java.lang.Object, java.lang.Object, java.lang.Object)'> (0x00000000897fe688) thrown at [./src/hotspot/share/interpreter/linkResolver.cpp, line 773]
Event: 2.735 Thread 0x0000027c7beba800 Exception <a 'java/lang/NoSuchMethodError'{0x000000008962a310}: 'int java.lang.invoke.DirectMethodHandle$Holder.invokeStaticInit(java.lang.Object, java.lang.Object)'> (0x000000008962a310) thrown at [./src/hotspot/share/interpreter/linkResolver.cpp, line 773]
Event: 2.867 Thread 0x0000027c7beba800 Exception <a 'java/lang/NoSuchMethodError'{0x000000008943a708}: 'void java.lang.invoke.DirectMethodHandle$Holder.invokeSpecial(java.lang.Object, java.lang.Object)'> (0x000000008943a708) thrown at [./src/hotspot/share/interpreter/linkResolver.cpp, line 773]
Event: 3.290 Thread 0x0000027c7beba800 Exception <a 'java/lang/NoSuchMethodError'{0x0000000088c67688}: 'java.lang.Object java.lang.invoke.DirectMethodHandle$Holder.invokeStatic(java.lang.Object, java.lang.Object, java.lang.Object, java.lang.Object, java.lang.Object, java.lang.Object, java.lang.Object, java.lang.Object, java.lang.Object, java.lang.Object, java.lang.Object, java.lang.Object, java.lang.Object, java.lang.Object, java.lang.Object)'> (0x0000000088c67688) thrown at [./src/hotspot/share/interpreter/linkResolver.cpp, line 773]
Event: 3.292 Thread 0x0000027c7beba800 Exception <a 'java/lang/NoSuchMethodError'{0x0000000088c75690}: 'java.lang.Object java.lang.invoke.DirectMethodHandle$Holder.invokeStatic(java.lang.Object, java.lang.Object, java.lang.Object, java.lang.Object, java.lang.Object, java.lang.Object, java.lang.Object, java.lang.Object, java.lang.Object, java.lang.Object, java.lang.Object, java.lang.Object, java.lang.Object, java.lang.Object, java.lang.Object, java.lang.Object)'> (0x0000000088c75690) thrown at [./src/hotspot/share/interpreter/linkResolver.cpp, l
Event: 3.301 Thread 0x0000027c7beba800 Exception <a 'java/lang/NoSuchMethodError'{0x0000000088c837f0}: 'java.lang.Object java.lang.invoke.DirectMethodHandle$Holder.invokeSpecial(java.lang.Object, java.lang.Object, int, int, java.lang.Object, java.lang.Object, java.lang.Object)'> (0x0000000088c837f0) thrown at [./src/hotspot/share/interpreter/linkResolver.cpp, line 773]
Event: 3.302 Thread 0x0000027c7beba800 Exception <a 'java/lang/NoSuchMethodError'{0x0000000088c87028}: 'java.lang.Object java.lang.invoke.DelegatingMethodHandle$Holder.reinvoke_L(java.lang.Object, int, int, java.lang.Object, java.lang.Object, java.lang.Object)'> (0x0000000088c87028) thrown at [./src/hotspot/share/interpreter/linkResolver.cpp, line 773]
Event: 3.303 Thread 0x0000027c7beba800 Exception <a 'java/lang/NoSuchMethodError'{0x0000000088c8b3b0}: 'java.lang.Object java.lang.invoke.DirectMethodHandle$Holder.invokeStatic(java.lang.Object, java.lang.Object, java.lang.Object, java.lang.Object, int)'> (0x0000000088c8b3b0) thrown at [./src/hotspot/share/interpreter/linkResolver.cpp, line 773]
Event: 3.595 Thread 0x0000027c7beba800 Exception <a 'java/lang/NoSuchMethodError'{0x0000000088baff88}: 'void java.lang.invoke.DirectMethodHandle$Holder.invokeStatic(java.lang.Object, java.lang.Object, java.lang.Object, java.lang.Object)'> (0x0000000088baff88) thrown at [./src/hotspot/share/interpreter/linkResolver.cpp, line 773]
Event: 3.884 Thread 0x0000027c7beba800 Exception <a 'java/lang/NoSuchMethodError'{0x000000008878f950}: 'void java.lang.invoke.DirectMethodHandle$Holder.invokeStaticInit(java.lang.Object, java.lang.Object)'> (0x000000008878f950) thrown at [./src/hotspot/share/interpreter/linkResolver.cpp, line 773]

Events (20 events):
Event: 4.095 loading class org/jetbrains/kotlin/cli/jvm/compiler/MockInferredAnnotationsManager
Event: 4.095 loading class org/jetbrains/kotlin/cli/jvm/compiler/MockInferredAnnotationsManager done
Event: 4.096 loading class org/jetbrains/kotlin/cli/jvm/compiler/MockInferredAnnotationsManager$Companion
Event: 4.096 loading class org/jetbrains/kotlin/cli/jvm/compiler/MockInferredAnnotationsManager$Companion done
Event: 4.096 loading class org/jetbrains/kotlin/com/intellij/psi/impl/JavaPsiFacadeImpl
Event: 4.096 loading class org/jetbrains/kotlin/com/intellij/psi/impl/JavaPsiFacadeImpl done
Event: 4.098 loading class org/jetbrains/kotlin/com/intellij/psi/impl/JavaPsiFacadeEx
Event: 4.098 loading class org/jetbrains/kotlin/com/intellij/psi/impl/JavaPsiFacadeEx done
Event: 4.098 loading class org/jetbrains/kotlin/com/intellij/psi/JavaPsiFacade
Event: 4.098 loading class org/jetbrains/kotlin/com/intellij/psi/JavaPsiFacade done
Event: 4.098 loading class org/jetbrains/kotlin/com/intellij/psi/PsiConstantEvaluationHelper
Event: 4.098 loading class org/jetbrains/kotlin/com/intellij/psi/PsiConstantEvaluationHelper done
Event: 4.099 loading class org/jetbrains/kotlin/com/intellij/psi/impl/PsiConstantEvaluationHelperImpl
Event: 4.099 loading class org/jetbrains/kotlin/com/intellij/psi/impl/PsiConstantEvaluationHelperImpl done
Event: 4.101 loading class org/jetbrains/kotlin/com/intellij/psi/impl/source/HolderFactory
Event: 4.101 loading class org/jetbrains/kotlin/com/intellij/psi/impl/source/HolderFactory done
Event: 4.103 loading class org/jetbrains/kotlin/com/intellij/psi/impl/IsConstantExpressionVisitor
Event: 4.103 loading class org/jetbrains/kotlin/com/intellij/psi/impl/IsConstantExpressionVisitor done
Event: 4.104 loading class org/jetbrains/kotlin/com/intellij/util/containers/ConcurrentSoftKeySoftValueHashMap
Event: 4.104 loading class org/jetbrains/kotlin/com/intellij/util/containers/ConcurrentSoftKeySoftValueHashMap done


Dynamic libraries:
0x00007ff7128f0000 - 0x00007ff7128fa000 	C:\Program Files\Android\Android Studio\jre\bin\java.exe
0x00007fffcf610000 - 0x00007fffcf805000 	C:\Windows\SYSTEM32\ntdll.dll
0x00007fffcd810000 - 0x00007fffcd8ce000 	C:\Windows\System32\KERNEL32.DLL
0x00007fffcd300000 - 0x00007fffcd5c8000 	C:\Windows\System32\KERNELBASE.dll
0x00007fffccde0000 - 0x00007fffccee0000 	C:\Windows\System32\ucrtbase.dll
0x00007fffc0c10000 - 0x00007fffc0c29000 	C:\Program Files\Android\Android Studio\jre\bin\jli.dll
0x00007fffc0bc0000 - 0x00007fffc0bd7000 	C:\Program Files\Android\Android Studio\jre\bin\VCRUNTIME140.dll
0x00007fffce510000 - 0x00007fffce6b1000 	C:\Windows\System32\USER32.dll
0x00007fffccee0000 - 0x00007fffccf02000 	C:\Windows\System32\win32u.dll
0x00007fffaee70000 - 0x00007fffaf10a000 	C:\Windows\WinSxS\amd64_microsoft.windows.common-controls_6595b64144ccf1df_6.0.19041.1110_none_60b5254171f9507e\COMCTL32.dll
0x00007fffce3c0000 - 0x00007fffce3eb000 	C:\Windows\System32\GDI32.dll
0x00007fffcf510000 - 0x00007fffcf5ae000 	C:\Windows\System32\msvcrt.dll
0x00007fffccf40000 - 0x00007fffcd04b000 	C:\Windows\System32\gdi32full.dll
0x00007fffcd050000 - 0x00007fffcd0ed000 	C:\Windows\System32\msvcp_win.dll
0x00007fffcd8d0000 - 0x00007fffcd900000 	C:\Windows\System32\IMM32.DLL
0x00007fff9e940000 - 0x00007fff9e9dd000 	C:\Program Files\Android\Android Studio\jre\bin\msvcp140.dll
0x00007fff861d0000 - 0x00007fff86c9f000 	C:\Program Files\Android\Android Studio\jre\bin\server\jvm.dll
0x00007fffcf460000 - 0x00007fffcf50c000 	C:\Windows\System32\ADVAPI32.dll
0x00007fffce6d0000 - 0x00007fffce76b000 	C:\Windows\System32\sechost.dll
0x00007fffce110000 - 0x00007fffce23a000 	C:\Windows\System32\RPCRT4.dll
0x00007fffce4a0000 - 0x00007fffce4a8000 	C:\Windows\System32\PSAPI.DLL
0x00007fffbe7b0000 - 0x00007fffbe7b9000 	C:\Windows\SYSTEM32\WSOCK32.dll
0x00007fffae6f0000 - 0x00007fffae717000 	C:\Windows\SYSTEM32\WINMM.dll
0x00007fffcea50000 - 0x00007fffceabb000 	C:\Windows\System32\WS2_32.dll
0x00007fffc66b0000 - 0x00007fffc66ba000 	C:\Windows\SYSTEM32\VERSION.dll
0x00007fffcb5b0000 - 0x00007fffcb5c2000 	C:\Windows\SYSTEM32\kernel.appcore.dll
0x00007fffc7250000 - 0x00007fffc7261000 	C:\Program Files\Android\Android Studio\jre\bin\verify.dll
0x00007fffcab20000 - 0x00007fffcad04000 	C:\Windows\SYSTEM32\DBGHELP.DLL
0x00007fffc3e80000 - 0x00007fffc3eac000 	C:\Windows\SYSTEM32\dbgcore.DLL
0x00007fffcd5d0000 - 0x00007fffcd653000 	C:\Windows\System32\bcryptPrimitives.dll
0x00007fffc3240000 - 0x00007fffc3269000 	C:\Program Files\Android\Android Studio\jre\bin\java.dll
0x00007fffc6f00000 - 0x00007fffc6f0b000 	C:\Program Files\Android\Android Studio\jre\bin\jimage.dll
0x00007fffc3ed0000 - 0x00007fffc3ee8000 	C:\Program Files\Android\Android Studio\jre\bin\zip.dll
0x00007fffcd900000 - 0x00007fffce03f000 	C:\Windows\System32\SHELL32.dll
0x00007fffcad10000 - 0x00007fffcb4a0000 	C:\Windows\SYSTEM32\windows.storage.dll
0x00007fffcf100000 - 0x00007fffcf455000 	C:\Windows\System32\combase.dll
0x00007fffcc6b0000 - 0x00007fffcc6de000 	C:\Windows\SYSTEM32\Wldp.dll
0x00007fffce3f0000 - 0x00007fffce49d000 	C:\Windows\System32\SHCORE.dll
0x00007fffce770000 - 0x00007fffce7c5000 	C:\Windows\System32\shlwapi.dll
0x00007fffccc70000 - 0x00007fffccc8f000 	C:\Windows\SYSTEM32\profapi.dll
0x00007fffc3410000 - 0x00007fffc342a000 	C:\Program Files\Android\Android Studio\jre\bin\net.dll
0x00007fffc2690000 - 0x00007fffc279c000 	C:\Windows\SYSTEM32\WINHTTP.dll
0x00007fffcc410000 - 0x00007fffcc47a000 	C:\Windows\system32\mswsock.dll
0x00007fffbfe90000 - 0x00007fffbfea4000 	C:\Program Files\Android\Android Studio\jre\bin\nio.dll

dbghelp: loaded successfully - version: 4.0.5 - missing functions: none
symbol engine: initialized successfully - sym options: 0x614 - pdb path: .;C:\Program Files\Android\Android Studio\jre\bin;C:\Windows\SYSTEM32;C:\Windows\WinSxS\amd64_microsoft.windows.common-controls_6595b64144ccf1df_6.0.19041.1110_none_60b5254171f9507e;C:\Program Files\Android\Android Studio\jre\bin\server

VM Arguments:
java_command: org.jetbrains.kotlin.cli.jvm.K2JVMCompiler @C:\Users\usuario\AndroidStudioProjects\Affirmations\app\build\20211118_6974961459429358381.compiler.options
java_class_path (initial): C:\Users\usuario\.gradle\caches\modules-2\files-2.1\org.jetbrains.kotlin\kotlin-compiler-embeddable\1.6.0\aa8da3bedc53c89219b84a0b40c7419431a13e76\kotlin-compiler-embeddable-1.6.0.jar;C:\Users\usuario\.gradle\caches\modules-2\files-2.1\org.jetbrains.kotlin\kotlin-reflect\1.6.0\a215a7f914d5916dc5fd2d45cea16524e0220203\kotlin-reflect-1.6.0.jar;C:\Users\usuario\.gradle\caches\modules-2\files-2.1\org.jetbrains.kotlin\kotlin-stdlib\1.6.0\a40b8b22529b733892edf4b73468ce598bb17f04\kotlin-stdlib-1.6.0.jar;C:\Users\usuario\.gradle\caches\modules-2\files-2.1\org.jetbrains.kotlin\kotlin-script-runtime\1.6.0\55f72526ddcff6fc77d72cdf949c7e3d9bd95620\kotlin-script-runtime-1.6.0.jar;C:\Users\usuario\.gradle\caches\modules-2\files-2.1\org.jetbrains.kotlin\kotlin-daemon-embeddable\1.6.0\d6242b37f4ce6b637d10847c7558446272ec8432\kotlin-daemon-embeddable-1.6.0.jar;C:\Users\usuario\.gradle\caches\modules-2\files-2.1\org.jetbrains.intellij.deps\trove4j\1.0.20181211\216c2e14b070f334479d800987affe4054cd563f\trove4j-1.0.20181211.jar;C:\Users\usuario\.gradle\caches\modules-2\files-2.1\net.java.dev.jna\jna\5.6.0\330f2244e9030119ab3030fc3fededc86713d9cc\jna-5.6.0.jar;C:\Users\usuario\.gradle\caches\modules-2\files-2.1\org.jetbrains\annotations\13.0\919f0dfe192fb4e063e7dacadee7f8bb9a2672a9\annotations-13.0.jar;C:\Users\usuario\.gradle\caches\modules-2\files-2.1\org.jetbrains.kotlin\kotlin-stdlib-common\1.6.0\7857e365f925cfa060f941c1357cda1f8790502c\kotlin-stdlib-common-1.6.0.jar
Launcher Type: SUN_STANDARD

[Global flags]
     intx CICompilerCount                          = 3                                         {product} {ergonomic}
     uint ConcGCThreads                            = 1                                         {product} {ergonomic}
     uint G1ConcRefinementThreads                  = 4                                         {product} {ergonomic}
   size_t G1HeapRegionSize                         = 1048576                                   {product} {ergonomic}
    uintx GCDrainStackTargetSize                   = 64                                        {product} {ergonomic}
   size_t InitialHeapSize                          = 134217728                                 {product} {ergonomic}
   size_t MarkStackSize                            = 4194304                                   {product} {ergonomic}
   size_t MaxHeapSize                              = 2120220672                                {product} {ergonomic}
   size_t MaxNewSize                               = 1271922688                                {product} {ergonomic}
   size_t MinHeapDeltaBytes                        = 1048576                                   {product} {ergonomic}
    uintx NonNMethodCodeHeapSize                   = 5830732                                {pd product} {ergonomic}
    uintx NonProfiledCodeHeapSize                  = 122913754                              {pd product} {ergonomic}
    uintx ProfiledCodeHeapSize                     = 122913754                              {pd product} {ergonomic}
    uintx ReservedCodeCacheSize                    = 251658240                              {pd product} {ergonomic}
     bool SegmentedCodeCache                       = true                                      {product} {ergonomic}
     bool UseCompressedClassPointers               = true                                 {lp64_product} {ergonomic}
     bool UseCompressedOops                        = true                                 {lp64_product} {ergonomic}
     bool UseG1GC                                  = true                                      {product} {ergonomic}
     bool UseLargePagesIndividualAllocation        = false                                  {pd product} {ergonomic}

Logging:
Log output configuration:
 #0: stdout all=warning uptime,level,tags
 #1: stderr all=off uptime,level,tags

Environment Variables:
JAVA_HOME=C:\Program Files\Java\jdk-17
PATH=C:\Program Files\Common Files\Oracle\Java\javapath;C:\Windows\system32;C:\Windows;C:\Windows\System32\Wbem;C:\Windows\System32\WindowsPowerShell\v1.0\;C:\Windows\System32\OpenSSH\;C:\Program Files (x86)\Intel\Intel(R) Management Engine Components\DAL;C:\Program Files\Intel\Intel(R) Management Engine Components\DAL;C:\ProgramData\UNIVALI\Portugol Studio;C:\Program Files\Git\cmd;C:\Program Files\Java\jdk-17\bin;C:\Users\usuario\AppData\Local\Microsoft\WindowsApps;;C:\Program Files\JetBrains\IntelliJ IDEA Community Edition 2021.2.2\bin;
USERNAME=usuario
OS=Windows_NT
PROCESSOR_IDENTIFIER=Intel64 Family 6 Model 78 Stepping 3, GenuineIntel



---------------  S Y S T E M  ---------------

OS: Windows 10 , 64 bit Build 19041 (10.0.19041.1348)
OS uptime: 1 days 6:26 hours

CPU:total 4 (initial active 4) (2 cores per cpu, 2 threads per core) family 6 model 78 stepping 3 microcode 0xea, cmov, cx8, fxsr, mmx, sse, sse2, sse3, ssse3, sse4.1, sse4.2, popcnt, avx, avx2, aes, clmul, erms, 3dnowpref, lzcnt, ht, tsc, tscinvbit, bmi1, bmi2, adx, fma

Memory: 4k page, system-wide physical 8083M (1572M free)
TotalPageFile size 12179M (AvailPageFile size 4M)
current process WorkingSet (physical memory assigned to process): 158M, peak: 161M
current process commit charge ("private bytes"): 258M, peak: 261M

vm_info: OpenJDK 64-Bit Server VM (11.0.10+0-b96-7249189) for windows-amd64 JRE (11.0.10+0-b96-7249189), built on Mar 31 2021 21:44:00 by "builder" with MS VC++ 14.0 (VS2015)

END.
