#
# There is insufficient memory for the Java Runtime Environment to continue.
# Native memory allocation (malloc) failed to allocate 1327856 bytes for Chunk::new
# Possible reasons:
#   The system is out of physical RAM or swap space
#   The process is running with CompressedOops enabled, and the Java Heap may be blocking the growth of the native heap
# Possible solutions:
#   Reduce memory load on the system
#   Increase physical memory or swap space
#   Check if swap backing store is full
#   Decrease Java heap size (-Xmx/-Xms)
#   Decrease number of Java threads
#   Decrease Java thread stack sizes (-Xss)
#   Set larger code cache with -XX:ReservedCodeCacheSize=
#   JVM is running with Unscaled Compressed Oops mode in which the Java heap is
#     placed in the first 4GB address space. The Java Heap base address is the
#     maximum limit for the native heap growth. Please use -XX:HeapBaseMinAddress
#     to set the Java Heap base and to place the Java Heap above 4GB virtual address.
# This output file may be truncated or incomplete.
#
#  Out of Memory Error (./src/hotspot/share/memory/arena.cpp:197), pid=244, tid=4032
#
# JRE version: OpenJDK Runtime Environment (11.0.10) (build 11.0.10+0-b96-7249189)
# Java VM: OpenJDK 64-Bit Server VM (11.0.10+0-b96-7249189, mixed mode, tiered, compressed oops, g1 gc, windows-amd64)
# No core dump will be written. Minidumps are not enabled by default on client versions of Windows
#

---------------  S U M M A R Y ------------

Command Line: --add-opens=java.base/java.util=ALL-UNNAMED --add-opens=java.base/java.lang=ALL-UNNAMED --add-opens=java.base/java.lang.invoke=ALL-UNNAMED --add-opens=java.base/java.util=ALL-UNNAMED --add-opens=java.prefs/java.util.prefs=ALL-UNNAMED --add-opens=java.prefs/java.util.prefs=ALL-UNNAMED --add-opens=java.base/java.nio.charset=ALL-UNNAMED --add-opens=java.base/java.net=ALL-UNNAMED --add-opens=java.base/java.util.concurrent.atomic=ALL-UNNAMED -Xmx2048m -Dfile.encoding=UTF-8 -Duser.country=BR -Duser.language=pt -Duser.variant org.gradle.launcher.daemon.bootstrap.GradleDaemon 7.0.2

Host: Intel(R) Core(TM) i5-6200U CPU @ 2.30GHz, 4 cores, 7G,  Windows 10 , 64 bit Build 19041 (10.0.19041.1348)
Time: Mon Nov 29 21:38:36 2021 Hora oficial do Brasil elapsed time: 2844.234199 seconds (0d 0h 47m 24s)

---------------  T H R E A D  ---------------

Current thread (0x00000273ff235000):  JavaThread "C2 CompilerThread0" daemon [_thread_in_native, id=4032, stack(0x000000e926900000,0x000000e926a00000)]


Current CompileTask:
C2:2844234 35344       4       java.io.WinNTFileSystem::canonicalize (372 bytes)

Stack: [0x000000e926900000,0x000000e926a00000]
Native frames: (J=compiled Java code, j=interpreted, Vv=VM code, C=native code)
V  [jvm.dll+0x5ecfaa]
V  [jvm.dll+0x722bd5]
V  [jvm.dll+0x72412d]
V  [jvm.dll+0x7247e3]
V  [jvm.dll+0x242928]
V  [jvm.dll+0xbc4fc]
V  [jvm.dll+0xbca0c]
V  [jvm.dll+0x352d7d]
V  [jvm.dll+0x19800c]
V  [jvm.dll+0x1fb70e]
V  [jvm.dll+0x1fa7f4]
V  [jvm.dll+0x18354c]
V  [jvm.dll+0x208ee7]
V  [jvm.dll+0x207731]
V  [jvm.dll+0x6eb1cf]
V  [jvm.dll+0x6e3d45]
V  [jvm.dll+0x5ebe96]
C  [ucrtbase.dll+0x21bb2]
C  [KERNEL32.DLL+0x17034]
C  [ntdll.dll+0x52651]


---------------  P R O C E S S  ---------------

Threads class SMR info:
_java_thread_list=0x000002738b92fe00, length=71, elements={
0x00000273e563d000, 0x00000273ff214800, 0x00000273ff216000, 0x00000273ffbb3000,
0x00000273ff22b800, 0x00000273ff22d800, 0x00000273ff235000, 0x00000273ff239000,
0x00000273ff246000, 0x00000273ffcf8800, 0x0000027380dca000, 0x00000273808c3000,
0x000002738214d800, 0x000002738014d000, 0x000002738014e000, 0x000002738014b800,
0x000002738014c800, 0x000002738014f800, 0x000002738014a000, 0x0000027380150800,
0x0000027383016000, 0x0000027383015800, 0x0000027383017000, 0x0000027383014800,
0x000002738301c800, 0x0000027383023000, 0x0000027386597800, 0x000002738301c000,
0x0000027389a13000, 0x0000027389a1a000, 0x0000027389a14000, 0x0000027389a15000,
0x0000027386596000, 0x000002738301f000, 0x0000027389a15800, 0x0000027386591000,
0x0000027386d9d000, 0x0000027386593000, 0x0000027386da0000, 0x0000027389a18000,
0x0000027386593800, 0x0000027386da1000, 0x0000027386594800, 0x0000027386598800,
0x0000027386595800, 0x0000027386599800, 0x000002738659b000, 0x000002738659c000,
0x000002738659a000, 0x000002738659c800, 0x0000027386597000, 0x000002738659f000,
0x000002738659d800, 0x000002738659e000, 0x00000273865a0000, 0x0000027386d98800,
0x0000027386d99800, 0x0000027386d9a800, 0x0000027386d9b000, 0x0000027386d9c000,
0x0000027386d96000, 0x0000027386d97000, 0x0000027386d9e800, 0x0000027386da1800,
0x0000027386d9f000, 0x0000027386da2800, 0x0000027386da3800, 0x0000027386d9d800,
0x0000027386da4000, 0x0000027386da5000, 0x0000027383017800
}

Java Threads: ( => current thread )
  0x00000273e563d000 JavaThread "main" [_thread_blocked, id=1548, stack(0x000000e925d00000,0x000000e925e00000)]
  0x00000273ff214800 JavaThread "Reference Handler" daemon [_thread_blocked, id=9592, stack(0x000000e926400000,0x000000e926500000)]
  0x00000273ff216000 JavaThread "Finalizer" daemon [_thread_blocked, id=6528, stack(0x000000e926500000,0x000000e926600000)]
  0x00000273ffbb3000 JavaThread "Signal Dispatcher" daemon [_thread_blocked, id=2460, stack(0x000000e926600000,0x000000e926700000)]
  0x00000273ff22b800 JavaThread "Attach Listener" daemon [_thread_blocked, id=10928, stack(0x000000e926700000,0x000000e926800000)]
  0x00000273ff22d800 JavaThread "Service Thread" daemon [_thread_blocked, id=8924, stack(0x000000e926800000,0x000000e926900000)]
=>0x00000273ff235000 JavaThread "C2 CompilerThread0" daemon [_thread_in_native, id=4032, stack(0x000000e926900000,0x000000e926a00000)]
  0x00000273ff239000 JavaThread "C1 CompilerThread0" daemon [_thread_blocked, id=6128, stack(0x000000e926a00000,0x000000e926b00000)]
  0x00000273ff246000 JavaThread "Sweeper thread" daemon [_thread_blocked, id=6864, stack(0x000000e926b00000,0x000000e926c00000)]
  0x00000273ffcf8800 JavaThread "Common-Cleaner" daemon [_thread_blocked, id=548, stack(0x000000e926c00000,0x000000e926d00000)]
  0x0000027380dca000 JavaThread "Daemon health stats" [_thread_blocked, id=1696, stack(0x000000e927100000,0x000000e927200000)]
  0x00000273808c3000 JavaThread "Incoming local TCP Connector on port 49170" [_thread_in_native, id=2108, stack(0x000000e927000000,0x000000e927100000)]
  0x000002738214d800 JavaThread "Daemon periodic checks" [_thread_blocked, id=5176, stack(0x000000e927300000,0x000000e927400000)]
  0x000002738014d000 JavaThread "Cache worker for file hash cache (C:\Users\usuario\.gradle\caches\7.0.2\fileHashes)" [_thread_blocked, id=6488, stack(0x000000e927b00000,0x000000e927c00000)]
  0x000002738014e000 JavaThread "File lock request listener" [_thread_in_native, id=6060, stack(0x000000e927c00000,0x000000e927d00000)]
  0x000002738014b800 JavaThread "Cache worker for journal cache (C:\Users\usuario\.gradle\caches\journal-1)" [_thread_blocked, id=10156, stack(0x000000e927d00000,0x000000e927e00000)]
  0x000002738014c800 JavaThread "File watcher server" daemon [_thread_in_native, id=784, stack(0x000000e927f00000,0x000000e928000000)]
  0x000002738014f800 JavaThread "File watcher consumer" daemon [_thread_blocked, id=7972, stack(0x000000e928000000,0x000000e928100000)]
  0x000002738014a000 JavaThread "jar transforms" [_thread_blocked, id=3520, stack(0x000000e928200000,0x000000e928300000)]
  0x0000027380150800 JavaThread "jar transforms Thread 2" [_thread_blocked, id=5160, stack(0x000000e928300000,0x000000e928400000)]
  0x0000027383016000 JavaThread "jar transforms Thread 3" [_thread_blocked, id=6292, stack(0x000000e928400000,0x000000e928500000)]
  0x0000027383015800 JavaThread "jar transforms Thread 4" [_thread_blocked, id=9460, stack(0x000000e928500000,0x000000e928600000)]
  0x0000027383017000 JavaThread "Cache worker for execution history cache (C:\Users\usuario\.gradle\caches\7.0.2\executionHistory)" [_thread_blocked, id=3652, stack(0x000000e928900000,0x000000e928a00000)]
  0x0000027383014800 JavaThread "Cache worker for file content cache (C:\Users\usuario\.gradle\caches\7.0.2\fileContent)" [_thread_blocked, id=8812, stack(0x000000e928a00000,0x000000e928b00000)]
  0x000002738301c800 JavaThread "Memory manager" [_thread_blocked, id=6236, stack(0x000000e929100000,0x000000e929200000)]
  0x0000027383023000 JavaThread "pool-3-thread-1" [_thread_blocked, id=11068, stack(0x000000e929300000,0x000000e929400000)]
  0x0000027386597800 JavaThread "pool-6-thread-1" [_thread_blocked, id=9796, stack(0x000000e928f00000,0x000000e929000000)]
  0x000002738301c000 JavaThread "pool-9-thread-1" [_thread_blocked, id=9648, stack(0x000000e929200000,0x000000e929300000)]
  0x0000027389a13000 JavaThread "RMI Scheduler(0)" daemon [_thread_blocked, id=8816, stack(0x000000e928d00000,0x000000e928e00000)]
  0x0000027389a1a000 JavaThread "RMI GC Daemon" daemon [_thread_blocked, id=7192, stack(0x000000e92a100000,0x000000e92a200000)]
  0x0000027389a14000 JavaThread "RMI TCP Accept-0" daemon [_thread_in_native, id=8612, stack(0x000000e92a200000,0x000000e92a300000)]
  0x0000027389a15000 JavaThread "RMI Reaper" [_thread_blocked, id=7360, stack(0x000000e92a300000,0x000000e92a400000)]
  0x0000027386596000 JavaThread "pool-13-thread-1" [_thread_blocked, id=360, stack(0x000000e929400000,0x000000e929500000)]
  0x000002738301f000 JavaThread "pool-16-thread-1" [_thread_blocked, id=4780, stack(0x000000e929600000,0x000000e929700000)]
  0x0000027389a15800 JavaThread "Cache worker for Java compile cache (C:\Users\usuario\.gradle\caches\7.0.2\javaCompile)" [_thread_blocked, id=2928, stack(0x000000e929e00000,0x000000e929f00000)]
  0x0000027386591000 JavaThread "pool-20-thread-1" [_thread_blocked, id=5660, stack(0x000000e929800000,0x000000e929900000)]
  0x0000027386d9d000 JavaThread "pool-23-thread-1" [_thread_blocked, id=7144, stack(0x000000e929900000,0x000000e929a00000)]
  0x0000027386593000 JavaThread "pool-26-thread-1" [_thread_blocked, id=2876, stack(0x000000e929a00000,0x000000e929b00000)]
  0x0000027386da0000 JavaThread "pool-29-thread-1" [_thread_blocked, id=948, stack(0x000000e929b00000,0x000000e929c00000)]
  0x0000027389a18000 JavaThread "ForkJoinPool.commonPool-worker-3" daemon [_thread_blocked, id=8592, stack(0x000000e92b000000,0x000000e92b100000)]
  0x0000027386593800 JavaThread "pool-33-thread-1" [_thread_blocked, id=5940, stack(0x000000e929c00000,0x000000e929d00000)]
  0x0000027386da1000 JavaThread "pool-36-thread-1" [_thread_blocked, id=10396, stack(0x000000e929d00000,0x000000e929e00000)]
  0x0000027386594800 JavaThread "pool-40-thread-1" [_thread_blocked, id=9552, stack(0x000000e929f00000,0x000000e92a000000)]
  0x0000027386598800 JavaThread "Daemon Thread 8" [_thread_blocked, id=2800, stack(0x000000e925a00000,0x000000e925b00000)]
  0x0000027386595800 JavaThread "Handler for socket connection from /127.0.0.1:49170 to /127.0.0.1:61900" [_thread_in_native, id=8756, stack(0x000000e925b00000,0x000000e925c00000)]
  0x0000027386599800 JavaThread "Cancel handler" [_thread_blocked, id=720, stack(0x000000e925c00000,0x000000e925d00000)]
  0x000002738659b000 JavaThread "Daemon worker Thread 8" [_thread_blocked, id=10412, stack(0x000000e927200000,0x000000e927300000)]
  0x000002738659c000 JavaThread "Asynchronous log dispatcher for DefaultDaemonConnection: socket connection from /127.0.0.1:49170 to /127.0.0.1:61900" [_thread_blocked, id=8728, stack(0x000000e927400000,0x000000e927500000)]
  0x000002738659a000 JavaThread "Stdin handler" [_thread_blocked, id=640, stack(0x000000e927500000,0x000000e927600000)]
  0x000002738659c800 JavaThread "Daemon client event forwarder" [_thread_blocked, id=5508, stack(0x000000e927600000,0x000000e927700000)]
  0x0000027386597000 JavaThread "Cache worker for file hash cache (C:\Users\usuario\AndroidStudioProjects\ListaProjetoIntegrador\.gradle\7.0.2\fileHashes)" [_thread_blocked, id=4852, stack(0x000000e927700000,0x000000e927800000)]
  0x000002738659f000 JavaThread "Cache worker for checksums cache (C:\Users\usuario\AndroidStudioProjects\ListaProjetoIntegrador\.gradle\checksums)" [_thread_blocked, id=9056, stack(0x000000e927800000,0x000000e927900000)]
  0x000002738659d800 JavaThread "Cache worker for cache directory md-supplier (C:\Users\usuario\.gradle\caches\7.0.2\md-supplier)" [_thread_blocked, id=4344, stack(0x000000e927900000,0x000000e927a00000)]
  0x000002738659e000 JavaThread "Cache worker for cache directory md-rule (C:\Users\usuario\.gradle\caches\7.0.2\md-rule)" [_thread_blocked, id=724, stack(0x000000e927e00000,0x000000e927f00000)]
  0x00000273865a0000 JavaThread "Cache worker for dependencies-accessors (C:\Users\usuario\AndroidStudioProjects\ListaProjetoIntegrador\.gradle\7.0.2\dependencies-accessors)" [_thread_blocked, id=8356, stack(0x000000e928100000,0x000000e928200000)]
  0x0000027386d98800 JavaThread "Cache worker for Build Output Cleanup Cache (C:\Users\usuario\AndroidStudioProjects\ListaProjetoIntegrador\.gradle\buildOutputCleanup)" [_thread_blocked, id=9264, stack(0x000000e928600000,0x000000e928700000)]
  0x0000027386d99800 JavaThread "Build operations" [_thread_blocked, id=9972, stack(0x000000e928700000,0x000000e928800000)]
  0x0000027386d9a800 JavaThread "Build operations Thread 2" [_thread_blocked, id=2856, stack(0x000000e928800000,0x000000e928900000)]
  0x0000027386d9b000 JavaThread "Build operations Thread 3" [_thread_blocked, id=11136, stack(0x000000e928b00000,0x000000e928c00000)]
  0x0000027386d9c000 JavaThread "Build operations Thread 4" [_thread_blocked, id=10092, stack(0x000000e928c00000,0x000000e928d00000)]
  0x0000027386d96000 JavaThread "build event listener" [_thread_blocked, id=4328, stack(0x000000e928e00000,0x000000e928f00000)]
  0x0000027386d97000 JavaThread "build event listener" [_thread_blocked, id=3564, stack(0x000000e929500000,0x000000e929600000)]
  0x0000027386d9e800 JavaThread "pool-43-thread-1" [_thread_blocked, id=10280, stack(0x000000e929700000,0x000000e929800000)]
  0x0000027386da1800 JavaThread "build event listener" [_thread_blocked, id=7600, stack(0x000000e92a000000,0x000000e92a100000)]
  0x0000027386d9f000 JavaThread "Execution worker for ':'" [_thread_blocked, id=5448, stack(0x000000e92a400000,0x000000e92a500000)]
  0x0000027386da2800 JavaThread "Execution worker for ':' Thread 2" [_thread_in_native_trans, id=3068, stack(0x000000e92a500000,0x000000e92a600000)]
  0x0000027386da3800 JavaThread "Execution worker for ':' Thread 3" [_thread_blocked, id=9880, stack(0x000000e92a600000,0x000000e92a700000)]
  0x0000027386d9d800 JavaThread "Cache worker for execution history cache (C:\Users\usuario\AndroidStudioProjects\ListaProjetoIntegrador\.gradle\7.0.2\executionHistory)" [_thread_blocked, id=3288, stack(0x000000e92a700000,0x000000e92a800000)]
  0x0000027386da4000 JavaThread "RMI RenewClean-[127.0.0.1:17693,org.jetbrains.kotlin.daemon.common.LoopbackNetworkInterface$ClientLoopbackSocketFactory@3b13e43d]" daemon [_thread_blocked, id=5480, stack(0x000000e929000000,0x000000e929100000)]
  0x0000027386da5000 JavaThread "RMI TCP Connection(30)-127.0.0.1" daemon [_thread_in_native, id=2976, stack(0x000000e92a800000,0x000000e92a900000)]
  0x0000027383017800 JavaThread "RMI TCP Connection(31)-127.0.0.1" daemon [_thread_in_native, id=10524, stack(0x000000e92a900000,0x000000e92aa00000)]

Other Threads:
  0x00000273ff20f000 VMThread "VM Thread" [stack: 0x000000e926300000,0x000000e926400000] [id=6552]
  0x00000273ffd43800 WatcherThread [stack: 0x000000e926d00000,0x000000e926e00000] [id=3280]
  0x00000273e5655800 GCTaskThread "GC Thread#0" [stack: 0x000000e925e00000,0x000000e925f00000] [id=1444]
  0x00000273ffe1e800 GCTaskThread "GC Thread#1" [stack: 0x000000e926e00000,0x000000e926f00000] [id=2304]
  0x0000027380800800 GCTaskThread "GC Thread#2" [stack: 0x000000e926f00000,0x000000e927000000] [id=10448]
  0x0000027380fcc000 GCTaskThread "GC Thread#3" [stack: 0x000000e927a00000,0x000000e927b00000] [id=10024]
  0x00000273e5687000 ConcurrentGCThread "G1 Main Marker" [stack: 0x000000e925f00000,0x000000e926000000] [id=6836]
  0x00000273e5688000 ConcurrentGCThread "G1 Conc#0" [stack: 0x000000e926000000,0x000000e926100000] [id=7496]
  0x00000273e571c800 ConcurrentGCThread "G1 Refine#0" [stack: 0x000000e926100000,0x000000e926200000] [id=6944]
  0x00000273e571d800 ConcurrentGCThread "G1 Young RemSet Sampling" [stack: 0x000000e926200000,0x000000e926300000] [id=8676]

Threads with active compile tasks:
C2 CompilerThread02844309 35344       4       java.io.WinNTFileSystem::canonicalize (372 bytes)

VM state:not at safepoint (normal execution)

VM Mutex/Monitor currently owned by a thread: None

Heap address: 0x0000000080000000, size: 2048 MB, Compressed Oops mode: 32-bit
Narrow klass base: 0x0000000000000000, Narrow klass shift: 3
Compressed class space size: 1073741824 Address: 0x0000000100000000

Heap:
 garbage-first heap   total 278528K, used 201819K [0x0000000080000000, 0x0000000100000000)
  region size 1024K, 40 young (40960K), 8 survivors (8192K)
 Metaspace       used 158487K, capacity 163905K, committed 176932K, reserved 1204224K
  class space    used 19238K, capacity 21223K, committed 23168K, reserved 1048576K
Heap Regions: E=young(eden), S=young(survivor), O=old, HS=humongous(starts), HC=humongous(continues), CS=collection set, F=free, A=archive, TAMS=top-at-mark-start (previous, next)
|   0|0x0000000080000000, 0x0000000080100000, 0x0000000080100000|100%| O|  |TAMS 0x0000000080100000, 0x0000000080000000| Untracked 
|   1|0x0000000080100000, 0x0000000080200000, 0x0000000080200000|100%| O|  |TAMS 0x0000000080200000, 0x0000000080100000| Untracked 
|   2|0x0000000080200000, 0x0000000080300000, 0x0000000080300000|100%| O|  |TAMS 0x0000000080300000, 0x0000000080200000| Untracked 
|   3|0x0000000080300000, 0x0000000080400000, 0x0000000080400000|100%|HS|  |TAMS 0x0000000080400000, 0x0000000080300000| Complete 
|   4|0x0000000080400000, 0x0000000080500000, 0x0000000080500000|100%|HC|  |TAMS 0x0000000080500000, 0x0000000080400000| Complete 
|   5|0x0000000080500000, 0x0000000080600000, 0x0000000080600000|100%|HC|  |TAMS 0x0000000080600000, 0x0000000080500000| Complete 
|   6|0x0000000080600000, 0x0000000080700000, 0x0000000080700000|100%| O|  |TAMS 0x0000000080700000, 0x0000000080600000| Untracked 
|   7|0x0000000080700000, 0x0000000080800000, 0x0000000080800000|100%| O|  |TAMS 0x0000000080800000, 0x0000000080700000| Untracked 
|   8|0x0000000080800000, 0x0000000080900000, 0x0000000080900000|100%| O|  |TAMS 0x0000000080900000, 0x0000000080800000| Untracked 
|   9|0x0000000080900000, 0x0000000080a00000, 0x0000000080a00000|100%| O|  |TAMS 0x0000000080a00000, 0x0000000080900000| Untracked 
|  10|0x0000000080a00000, 0x0000000080b00000, 0x0000000080b00000|100%| O|  |TAMS 0x0000000080b00000, 0x0000000080a00000| Untracked 
|  11|0x0000000080b00000, 0x0000000080c00000, 0x0000000080c00000|100%| O|  |TAMS 0x0000000080c00000, 0x0000000080b00000| Untracked 
|  12|0x0000000080c00000, 0x0000000080d00000, 0x0000000080d00000|100%| O|  |TAMS 0x0000000080d00000, 0x0000000080c00000| Untracked 
|  13|0x0000000080d00000, 0x0000000080e00000, 0x0000000080e00000|100%| O|  |TAMS 0x0000000080e00000, 0x0000000080d00000| Untracked 
|  14|0x0000000080e00000, 0x0000000080f00000, 0x0000000080f00000|100%| O|  |TAMS 0x0000000080f00000, 0x0000000080e00000| Untracked 
|  15|0x0000000080f00000, 0x0000000081000000, 0x0000000081000000|100%| O|  |TAMS 0x0000000081000000, 0x0000000080f00000| Untracked 
|  16|0x0000000081000000, 0x0000000081100000, 0x0000000081100000|100%|HS|  |TAMS 0x0000000081100000, 0x0000000081000000| Complete 
|  17|0x0000000081100000, 0x0000000081200000, 0x0000000081200000|100%|HC|  |TAMS 0x0000000081200000, 0x0000000081100000| Complete 
|  18|0x0000000081200000, 0x0000000081300000, 0x0000000081300000|100%|HS|  |TAMS 0x0000000081300000, 0x0000000081200000| Complete 
|  19|0x0000000081300000, 0x0000000081400000, 0x0000000081400000|100%|HC|  |TAMS 0x0000000081400000, 0x0000000081300000| Complete 
|  20|0x0000000081400000, 0x0000000081500000, 0x0000000081500000|100%|HC|  |TAMS 0x0000000081500000, 0x0000000081400000| Complete 
|  21|0x0000000081500000, 0x0000000081600000, 0x0000000081600000|100%|HS|  |TAMS 0x0000000081600000, 0x0000000081500000| Complete 
|  22|0x0000000081600000, 0x0000000081700000, 0x0000000081700000|100%|HC|  |TAMS 0x0000000081700000, 0x0000000081600000| Complete 
|  23|0x0000000081700000, 0x0000000081800000, 0x0000000081800000|100%|HC|  |TAMS 0x0000000081800000, 0x0000000081700000| Complete 
|  24|0x0000000081800000, 0x0000000081900000, 0x0000000081900000|100%|HC|  |TAMS 0x0000000081900000, 0x0000000081800000| Complete 
|  25|0x0000000081900000, 0x0000000081a00000, 0x0000000081a00000|100%|HC|  |TAMS 0x0000000081a00000, 0x0000000081900000| Complete 
|  26|0x0000000081a00000, 0x0000000081b00000, 0x0000000081b00000|100%| O|  |TAMS 0x0000000081b00000, 0x0000000081a00000| Untracked 
|  27|0x0000000081b00000, 0x0000000081c00000, 0x0000000081c00000|100%| O|  |TAMS 0x0000000081c00000, 0x0000000081b00000| Untracked 
|  28|0x0000000081c00000, 0x0000000081d00000, 0x0000000081d00000|100%| O|  |TAMS 0x0000000081d00000, 0x0000000081c00000| Untracked 
|  29|0x0000000081d00000, 0x0000000081e00000, 0x0000000081e00000|100%|HS|  |TAMS 0x0000000081e00000, 0x0000000081d00000| Complete 
|  30|0x0000000081e00000, 0x0000000081f00000, 0x0000000081f00000|100%|HC|  |TAMS 0x0000000081f00000, 0x0000000081e00000| Complete 
|  31|0x0000000081f00000, 0x0000000082000000, 0x0000000082000000|100%|HC|  |TAMS 0x0000000082000000, 0x0000000081f00000| Complete 
|  32|0x0000000082000000, 0x0000000082100000, 0x0000000082100000|100%|HS|  |TAMS 0x0000000082100000, 0x0000000082000000| Complete 
|  33|0x0000000082100000, 0x0000000082200000, 0x0000000082200000|100%|HC|  |TAMS 0x0000000082200000, 0x0000000082100000| Complete 
|  34|0x0000000082200000, 0x0000000082300000, 0x0000000082300000|100%|HC|  |TAMS 0x0000000082300000, 0x0000000082200000| Complete 
|  35|0x0000000082300000, 0x0000000082400000, 0x0000000082400000|100%|HC|  |TAMS 0x0000000082400000, 0x0000000082300000| Complete 
|  36|0x0000000082400000, 0x0000000082500000, 0x0000000082500000|100%|HC|  |TAMS 0x0000000082500000, 0x0000000082400000| Complete 
|  37|0x0000000082500000, 0x0000000082600000, 0x0000000082600000|100%| O|  |TAMS 0x0000000082600000, 0x0000000082500000| Untracked 
|  38|0x0000000082600000, 0x0000000082700000, 0x0000000082700000|100%| O|  |TAMS 0x0000000082700000, 0x0000000082600000| Untracked 
|  39|0x0000000082700000, 0x0000000082800000, 0x0000000082800000|100%| O|  |TAMS 0x0000000082800000, 0x0000000082700000| Untracked 
|  40|0x0000000082800000, 0x0000000082900000, 0x0000000082900000|100%| O|  |TAMS 0x0000000082900000, 0x0000000082800000| Untracked 
|  41|0x0000000082900000, 0x0000000082a00000, 0x0000000082a00000|100%|HS|  |TAMS 0x0000000082a00000, 0x0000000082900000| Complete 
|  42|0x0000000082a00000, 0x0000000082b00000, 0x0000000082b00000|100%| O|  |TAMS 0x0000000082b00000, 0x0000000082a00000| Untracked 
|  43|0x0000000082b00000, 0x0000000082c00000, 0x0000000082c00000|100%| O|  |TAMS 0x0000000082c00000, 0x0000000082b00000| Untracked 
|  44|0x0000000082c00000, 0x0000000082d00000, 0x0000000082d00000|100%|HS|  |TAMS 0x0000000082d00000, 0x0000000082c00000| Complete 
|  45|0x0000000082d00000, 0x0000000082e00000, 0x0000000082e00000|100%|HS|  |TAMS 0x0000000082e00000, 0x0000000082d00000| Complete 
|  46|0x0000000082e00000, 0x0000000082f00000, 0x0000000082f00000|100%|HS|  |TAMS 0x0000000082f00000, 0x0000000082e00000| Complete 
|  47|0x0000000082f00000, 0x0000000083000000, 0x0000000083000000|100%|HC|  |TAMS 0x0000000083000000, 0x0000000082f00000| Complete 
|  48|0x0000000083000000, 0x0000000083100000, 0x0000000083100000|100%|HC|  |TAMS 0x0000000083100000, 0x0000000083000000| Complete 
|  49|0x0000000083100000, 0x0000000083200000, 0x0000000083200000|100%|HS|  |TAMS 0x0000000083200000, 0x0000000083100000| Complete 
|  50|0x0000000083200000, 0x0000000083300000, 0x0000000083300000|100%|HC|  |TAMS 0x0000000083300000, 0x0000000083200000| Complete 
|  51|0x0000000083300000, 0x0000000083400000, 0x0000000083400000|100%| O|  |TAMS 0x0000000083400000, 0x0000000083300000| Untracked 
|  52|0x0000000083400000, 0x0000000083500000, 0x0000000083500000|100%| O|  |TAMS 0x0000000083500000, 0x0000000083400000| Untracked 
|  53|0x0000000083500000, 0x0000000083600000, 0x0000000083600000|100%| O|  |TAMS 0x0000000083600000, 0x0000000083500000| Untracked 
|  54|0x0000000083600000, 0x0000000083700000, 0x0000000083700000|100%| O|  |TAMS 0x0000000083700000, 0x0000000083600000| Untracked 
|  55|0x0000000083700000, 0x0000000083800000, 0x0000000083800000|100%| O|  |TAMS 0x0000000083800000, 0x0000000083700000| Untracked 
|  56|0x0000000083800000, 0x0000000083900000, 0x0000000083900000|100%| O|  |TAMS 0x0000000083900000, 0x0000000083800000| Untracked 
|  57|0x0000000083900000, 0x0000000083a00000, 0x0000000083a00000|100%| O|  |TAMS 0x0000000083a00000, 0x0000000083900000| Untracked 
|  58|0x0000000083a00000, 0x0000000083b00000, 0x0000000083b00000|100%| O|  |TAMS 0x0000000083b00000, 0x0000000083a00000| Untracked 
|  59|0x0000000083b00000, 0x0000000083c00000, 0x0000000083c00000|100%| O|  |TAMS 0x0000000083c00000, 0x0000000083b00000| Untracked 
|  60|0x0000000083c00000, 0x0000000083d00000, 0x0000000083d00000|100%| O|  |TAMS 0x0000000083d00000, 0x0000000083c00000| Untracked 
|  61|0x0000000083d00000, 0x0000000083e00000, 0x0000000083e00000|100%| O|  |TAMS 0x0000000083e00000, 0x0000000083d00000| Untracked 
|  62|0x0000000083e00000, 0x0000000083f00000, 0x0000000083f00000|100%| O|  |TAMS 0x0000000083f00000, 0x0000000083e00000| Untracked 
|  63|0x0000000083f00000, 0x0000000084000000, 0x0000000084000000|100%| O|  |TAMS 0x0000000084000000, 0x0000000083f00000| Untracked 
|  64|0x0000000084000000, 0x0000000084100000, 0x0000000084100000|100%| O|  |TAMS 0x0000000084100000, 0x0000000084000000| Untracked 
|  65|0x0000000084100000, 0x0000000084200000, 0x0000000084200000|100%| O|  |TAMS 0x0000000084200000, 0x0000000084100000| Untracked 
|  66|0x0000000084200000, 0x0000000084300000, 0x0000000084300000|100%| O|  |TAMS 0x0000000084300000, 0x0000000084200000| Untracked 
|  67|0x0000000084300000, 0x0000000084400000, 0x0000000084400000|100%| O|  |TAMS 0x0000000084400000, 0x0000000084300000| Untracked 
|  68|0x0000000084400000, 0x0000000084500000, 0x0000000084500000|100%| O|  |TAMS 0x0000000084500000, 0x0000000084400000| Untracked 
|  69|0x0000000084500000, 0x0000000084600000, 0x0000000084600000|100%| O|  |TAMS 0x0000000084600000, 0x0000000084500000| Untracked 
|  70|0x0000000084600000, 0x0000000084700000, 0x0000000084700000|100%| O|  |TAMS 0x0000000084700000, 0x0000000084600000| Untracked 
|  71|0x0000000084700000, 0x0000000084800000, 0x0000000084800000|100%| O|  |TAMS 0x0000000084800000, 0x0000000084700000| Untracked 
|  72|0x0000000084800000, 0x0000000084900000, 0x0000000084900000|100%| O|  |TAMS 0x0000000084800000, 0x0000000084800000| Untracked 
|  73|0x0000000084900000, 0x0000000084a00000, 0x0000000084a00000|100%|HS|  |TAMS 0x0000000084a00000, 0x0000000084900000| Complete 
|  74|0x0000000084a00000, 0x0000000084b00000, 0x0000000084b00000|100%| O|  |TAMS 0x0000000084b00000, 0x0000000084a00000| Untracked 
|  75|0x0000000084b00000, 0x0000000084c00000, 0x0000000084c00000|100%| O|  |TAMS 0x0000000084c00000, 0x0000000084b00000| Untracked 
|  76|0x0000000084c00000, 0x0000000084d00000, 0x0000000084d00000|100%| O|  |TAMS 0x0000000084d00000, 0x0000000084c00000| Untracked 
|  77|0x0000000084d00000, 0x0000000084e00000, 0x0000000084e00000|100%| O|  |TAMS 0x0000000084e00000, 0x0000000084d00000| Untracked 
|  78|0x0000000084e00000, 0x0000000084e16e00, 0x0000000084f00000|  8%| O|  |TAMS 0x0000000084e00000, 0x0000000084e00000| Untracked 
|  79|0x0000000084f00000, 0x0000000085000000, 0x0000000085000000|100%| O|  |TAMS 0x0000000085000000, 0x0000000084f00000| Untracked 
|  80|0x0000000085000000, 0x0000000085100000, 0x0000000085100000|100%| O|  |TAMS 0x0000000085100000, 0x0000000085000000| Untracked 
|  81|0x0000000085100000, 0x0000000085200000, 0x0000000085200000|100%| O|  |TAMS 0x0000000085200000, 0x0000000085100000| Untracked 
|  82|0x0000000085200000, 0x0000000085300000, 0x0000000085300000|100%| O|  |TAMS 0x0000000085300000, 0x0000000085200000| Untracked 
|  83|0x0000000085300000, 0x0000000085300000, 0x0000000085400000|  0%| F|  |TAMS 0x0000000085300000, 0x0000000085300000| Untracked 
|  84|0x0000000085400000, 0x0000000085500000, 0x0000000085500000|100%| O|  |TAMS 0x0000000085500000, 0x0000000085400000| Untracked 
|  85|0x0000000085500000, 0x0000000085500000, 0x0000000085600000|  0%| F|  |TAMS 0x0000000085500000, 0x0000000085500000| Untracked 
|  86|0x0000000085600000, 0x0000000085700000, 0x0000000085700000|100%| O|  |TAMS 0x0000000085700000, 0x0000000085600000| Untracked 
|  87|0x0000000085700000, 0x0000000085800000, 0x0000000085800000|100%| O|  |TAMS 0x0000000085800000, 0x0000000085700000| Untracked 
|  88|0x0000000085800000, 0x0000000085900000, 0x0000000085900000|100%| O|  |TAMS 0x0000000085800000, 0x0000000085800000| Untracked 
|  89|0x0000000085900000, 0x0000000085a00000, 0x0000000085a00000|100%| O|  |TAMS 0x0000000085900000, 0x0000000085900000| Untracked 
|  90|0x0000000085a00000, 0x0000000085b00000, 0x0000000085b00000|100%| O|  |TAMS 0x0000000085b00000, 0x0000000085a00000| Untracked 
|  91|0x0000000085b00000, 0x0000000085c00000, 0x0000000085c00000|100%| O|  |TAMS 0x0000000085c00000, 0x0000000085b00000| Untracked 
|  92|0x0000000085c00000, 0x0000000085d00000, 0x0000000085d00000|100%| O|  |TAMS 0x0000000085d00000, 0x0000000085c00000| Untracked 
|  93|0x0000000085d00000, 0x0000000085d00000, 0x0000000085e00000|  0%| F|  |TAMS 0x0000000085d00000, 0x0000000085d00000| Untracked 
|  94|0x0000000085e00000, 0x0000000085e00000, 0x0000000085f00000|  0%| F|  |TAMS 0x0000000085e00000, 0x0000000085e00000| Untracked 
|  95|0x0000000085f00000, 0x0000000086000000, 0x0000000086000000|100%| O|  |TAMS 0x0000000086000000, 0x0000000085f00000| Untracked 
|  96|0x0000000086000000, 0x0000000086100000, 0x0000000086100000|100%| O|  |TAMS 0x0000000086100000, 0x0000000086000000| Untracked 
|  97|0x0000000086100000, 0x0000000086200000, 0x0000000086200000|100%| O|  |TAMS 0x0000000086200000, 0x0000000086100000| Untracked 
|  98|0x0000000086200000, 0x0000000086300000, 0x0000000086300000|100%| O|  |TAMS 0x0000000086300000, 0x0000000086200000| Untracked 
|  99|0x0000000086300000, 0x0000000086300000, 0x0000000086400000|  0%| F|  |TAMS 0x0000000086300000, 0x0000000086300000| Untracked 
| 100|0x0000000086400000, 0x0000000086400000, 0x0000000086500000|  0%| F|  |TAMS 0x0000000086400000, 0x0000000086400000| Untracked 
| 101|0x0000000086500000, 0x0000000086500000, 0x0000000086600000|  0%| F|  |TAMS 0x0000000086500000, 0x0000000086500000| Untracked 
| 102|0x0000000086600000, 0x0000000086700000, 0x0000000086700000|100%| O|  |TAMS 0x0000000086700000, 0x0000000086600000| Untracked 
| 103|0x0000000086700000, 0x0000000086800000, 0x0000000086800000|100%| O|  |TAMS 0x0000000086800000, 0x0000000086700000| Untracked 
| 104|0x0000000086800000, 0x0000000086900000, 0x0000000086900000|100%| O|  |TAMS 0x0000000086900000, 0x0000000086800000| Untracked 
| 105|0x0000000086900000, 0x0000000086900000, 0x0000000086a00000|  0%| F|  |TAMS 0x0000000086900000, 0x0000000086900000| Untracked 
| 106|0x0000000086a00000, 0x0000000086a00000, 0x0000000086b00000|  0%| F|  |TAMS 0x0000000086a00000, 0x0000000086a00000| Untracked 
| 107|0x0000000086b00000, 0x0000000086c00000, 0x0000000086c00000|100%| O|  |TAMS 0x0000000086c00000, 0x0000000086b00000| Untracked 
| 108|0x0000000086c00000, 0x0000000086d00000, 0x0000000086d00000|100%| O|  |TAMS 0x0000000086d00000, 0x0000000086c00000| Untracked 
| 109|0x0000000086d00000, 0x0000000086e00000, 0x0000000086e00000|100%| O|  |TAMS 0x0000000086e00000, 0x0000000086d00000| Untracked 
| 110|0x0000000086e00000, 0x0000000086f00000, 0x0000000086f00000|100%| O|  |TAMS 0x0000000086f00000, 0x0000000086e00000| Untracked 
| 111|0x0000000086f00000, 0x0000000087000000, 0x0000000087000000|100%| O|  |TAMS 0x0000000087000000, 0x0000000086f00000| Untracked 
| 112|0x0000000087000000, 0x0000000087100000, 0x0000000087100000|100%| O|  |TAMS 0x0000000087100000, 0x0000000087000000| Untracked 
| 113|0x0000000087100000, 0x0000000087200000, 0x0000000087200000|100%| O|  |TAMS 0x0000000087200000, 0x0000000087100000| Untracked 
| 114|0x0000000087200000, 0x0000000087300000, 0x0000000087300000|100%| O|  |TAMS 0x0000000087300000, 0x0000000087200000| Untracked 
| 115|0x0000000087300000, 0x0000000087400000, 0x0000000087400000|100%| O|  |TAMS 0x0000000087400000, 0x0000000087300000| Untracked 
| 116|0x0000000087400000, 0x0000000087500000, 0x0000000087500000|100%| O|  |TAMS 0x0000000087500000, 0x0000000087400000| Untracked 
| 117|0x0000000087500000, 0x0000000087600000, 0x0000000087600000|100%| O|  |TAMS 0x0000000087600000, 0x0000000087500000| Untracked 
| 118|0x0000000087600000, 0x0000000087600000, 0x0000000087700000|  0%| F|  |TAMS 0x0000000087600000, 0x0000000087600000| Untracked 
| 119|0x0000000087700000, 0x0000000087800000, 0x0000000087800000|100%| O|  |TAMS 0x0000000087800000, 0x0000000087700000| Untracked 
| 120|0x0000000087800000, 0x0000000087900000, 0x0000000087900000|100%| O|  |TAMS 0x0000000087900000, 0x0000000087800000| Untracked 
| 121|0x0000000087900000, 0x0000000087a00000, 0x0000000087a00000|100%| O|  |TAMS 0x0000000087a00000, 0x0000000087900000| Untracked 
| 122|0x0000000087a00000, 0x0000000087b00000, 0x0000000087b00000|100%| O|  |TAMS 0x0000000087b00000, 0x0000000087a00000| Untracked 
| 123|0x0000000087b00000, 0x0000000087c00000, 0x0000000087c00000|100%| O|  |TAMS 0x0000000087c00000, 0x0000000087b00000| Untracked 
| 124|0x0000000087c00000, 0x0000000087d00000, 0x0000000087d00000|100%| O|  |TAMS 0x0000000087d00000, 0x0000000087c00000| Untracked 
| 125|0x0000000087d00000, 0x0000000087e00000, 0x0000000087e00000|100%| O|  |TAMS 0x0000000087e00000, 0x0000000087d00000| Untracked 
| 126|0x0000000087e00000, 0x0000000087e00000, 0x0000000087f00000|  0%| F|  |TAMS 0x0000000087e00000, 0x0000000087e00000| Untracked 
| 127|0x0000000087f00000, 0x0000000087f00000, 0x0000000088000000|  0%| F|  |TAMS 0x0000000087f00000, 0x0000000087f00000| Untracked 
| 128|0x0000000088000000, 0x0000000088100000, 0x0000000088100000|100%| O|  |TAMS 0x0000000088100000, 0x0000000088000000| Untracked 
| 129|0x0000000088100000, 0x0000000088100000, 0x0000000088200000|  0%| F|  |TAMS 0x0000000088100000, 0x0000000088100000| Untracked 
| 130|0x0000000088200000, 0x0000000088300000, 0x0000000088300000|100%| O|  |TAMS 0x0000000088300000, 0x0000000088200000| Untracked 
| 131|0x0000000088300000, 0x0000000088400000, 0x0000000088400000|100%| O|  |TAMS 0x0000000088400000, 0x0000000088300000| Untracked 
| 132|0x0000000088400000, 0x0000000088500000, 0x0000000088500000|100%| O|  |TAMS 0x0000000088500000, 0x0000000088400000| Untracked 
| 133|0x0000000088500000, 0x0000000088600000, 0x0000000088600000|100%| O|  |TAMS 0x0000000088600000, 0x0000000088500000| Untracked 
| 134|0x0000000088600000, 0x0000000088700000, 0x0000000088700000|100%| O|  |TAMS 0x0000000088700000, 0x0000000088600000| Untracked 
| 135|0x0000000088700000, 0x0000000088700000, 0x0000000088800000|  0%| F|  |TAMS 0x0000000088700000, 0x0000000088700000| Untracked 
| 136|0x0000000088800000, 0x0000000088800000, 0x0000000088900000|  0%| F|  |TAMS 0x0000000088800000, 0x0000000088800000| Untracked 
| 137|0x0000000088900000, 0x0000000088a00000, 0x0000000088a00000|100%| O|  |TAMS 0x0000000088a00000, 0x0000000088900000| Untracked 
| 138|0x0000000088a00000, 0x0000000088b00000, 0x0000000088b00000|100%| O|  |TAMS 0x0000000088b00000, 0x0000000088a00000| Untracked 
| 139|0x0000000088b00000, 0x0000000088c00000, 0x0000000088c00000|100%| O|  |TAMS 0x0000000088c00000, 0x0000000088b00000| Untracked 
| 140|0x0000000088c00000, 0x0000000088d00000, 0x0000000088d00000|100%| O|  |TAMS 0x0000000088d00000, 0x0000000088c00000| Untracked 
| 141|0x0000000088d00000, 0x0000000088e00000, 0x0000000088e00000|100%| O|  |TAMS 0x0000000088e00000, 0x0000000088d00000| Untracked 
| 142|0x0000000088e00000, 0x0000000088f00000, 0x0000000088f00000|100%|HS|  |TAMS 0x0000000088f00000, 0x0000000088e00000| Complete 
| 143|0x0000000088f00000, 0x0000000089000000, 0x0000000089000000|100%|HC|  |TAMS 0x0000000089000000, 0x0000000088f00000| Complete 
| 144|0x0000000089000000, 0x0000000089100000, 0x0000000089100000|100%|HC|  |TAMS 0x0000000089100000, 0x0000000089000000| Complete 
| 145|0x0000000089100000, 0x0000000089200000, 0x0000000089200000|100%| O|  |TAMS 0x0000000089200000, 0x0000000089100000| Untracked 
| 146|0x0000000089200000, 0x0000000089300000, 0x0000000089300000|100%| O|  |TAMS 0x0000000089300000, 0x0000000089200000| Untracked 
| 147|0x0000000089300000, 0x0000000089400000, 0x0000000089400000|100%| O|  |TAMS 0x0000000089400000, 0x0000000089300000| Untracked 
| 148|0x0000000089400000, 0x0000000089400000, 0x0000000089500000|  0%| F|  |TAMS 0x0000000089400000, 0x0000000089400000| Untracked 
| 149|0x0000000089500000, 0x0000000089500000, 0x0000000089600000|  0%| F|  |TAMS 0x0000000089500000, 0x0000000089500000| Untracked 
| 150|0x0000000089600000, 0x0000000089700000, 0x0000000089700000|100%| O|  |TAMS 0x0000000089700000, 0x0000000089600000| Untracked 
| 151|0x0000000089700000, 0x0000000089800000, 0x0000000089800000|100%| O|  |TAMS 0x000000008977e600, 0x0000000089700000| Untracked 
| 152|0x0000000089800000, 0x0000000089900000, 0x0000000089900000|100%| O|  |TAMS 0x0000000089800000, 0x0000000089800000| Untracked 
| 153|0x0000000089900000, 0x0000000089a00000, 0x0000000089a00000|100%| O|  |TAMS 0x0000000089a00000, 0x0000000089900000| Untracked 
| 154|0x0000000089a00000, 0x0000000089b00000, 0x0000000089b00000|100%| O|  |TAMS 0x0000000089b00000, 0x0000000089a00000| Untracked 
| 155|0x0000000089b00000, 0x0000000089c00000, 0x0000000089c00000|100%| O|  |TAMS 0x0000000089c00000, 0x0000000089b00000| Untracked 
| 156|0x0000000089c00000, 0x0000000089c00000, 0x0000000089d00000|  0%| F|  |TAMS 0x0000000089c00000, 0x0000000089c00000| Untracked 
| 157|0x0000000089d00000, 0x0000000089e00000, 0x0000000089e00000|100%| O|  |TAMS 0x0000000089e00000, 0x0000000089d00000| Untracked 
| 158|0x0000000089e00000, 0x0000000089f00000, 0x0000000089f00000|100%| O|  |TAMS 0x0000000089f00000, 0x0000000089e00000| Untracked 
| 159|0x0000000089f00000, 0x000000008a000000, 0x000000008a000000|100%| O|  |TAMS 0x000000008a000000, 0x0000000089f00000| Untracked 
| 160|0x000000008a000000, 0x000000008a100000, 0x000000008a100000|100%| O|  |TAMS 0x000000008a100000, 0x000000008a000000| Untracked 
| 161|0x000000008a100000, 0x000000008a200000, 0x000000008a200000|100%| O|  |TAMS 0x000000008a100000, 0x000000008a100000| Untracked 
| 162|0x000000008a200000, 0x000000008a200000, 0x000000008a300000|  0%| F|  |TAMS 0x000000008a200000, 0x000000008a200000| Untracked 
| 163|0x000000008a300000, 0x000000008a300000, 0x000000008a400000|  0%| F|  |TAMS 0x000000008a300000, 0x000000008a300000| Untracked 
| 164|0x000000008a400000, 0x000000008a400000, 0x000000008a500000|  0%| F|  |TAMS 0x000000008a400000, 0x000000008a400000| Untracked 
| 165|0x000000008a500000, 0x000000008a500000, 0x000000008a600000|  0%| F|  |TAMS 0x000000008a500000, 0x000000008a500000| Untracked 
| 166|0x000000008a600000, 0x000000008a700000, 0x000000008a700000|100%| O|  |TAMS 0x000000008a600000, 0x000000008a600000| Untracked 
| 167|0x000000008a700000, 0x000000008a800000, 0x000000008a800000|100%| O|  |TAMS 0x000000008a800000, 0x000000008a700000| Untracked 
| 168|0x000000008a800000, 0x000000008a800000, 0x000000008a900000|  0%| F|  |TAMS 0x000000008a800000, 0x000000008a800000| Untracked 
| 169|0x000000008a900000, 0x000000008aa00000, 0x000000008aa00000|100%| O|  |TAMS 0x000000008a900000, 0x000000008a900000| Untracked 
| 170|0x000000008aa00000, 0x000000008ab00000, 0x000000008ab00000|100%| O|  |TAMS 0x000000008aa00000, 0x000000008aa00000| Untracked 
| 171|0x000000008ab00000, 0x000000008ac00000, 0x000000008ac00000|100%| O|  |TAMS 0x000000008ab00000, 0x000000008ab00000| Untracked 
| 172|0x000000008ac00000, 0x000000008ad00000, 0x000000008ad00000|100%| O|  |TAMS 0x000000008ac00000, 0x000000008ac00000| Untracked 
| 173|0x000000008ad00000, 0x000000008ae00000, 0x000000008ae00000|100%| O|  |TAMS 0x000000008ae00000, 0x000000008ad00000| Untracked 
| 174|0x000000008ae00000, 0x000000008af00000, 0x000000008af00000|100%| O|  |TAMS 0x000000008ae00000, 0x000000008ae00000| Untracked 
| 175|0x000000008af00000, 0x000000008af00000, 0x000000008b000000|  0%| F|  |TAMS 0x000000008af00000, 0x000000008af00000| Untracked 
| 176|0x000000008b000000, 0x000000008b000000, 0x000000008b100000|  0%| F|  |TAMS 0x000000008b000000, 0x000000008b000000| Untracked 
| 177|0x000000008b100000, 0x000000008b100000, 0x000000008b200000|  0%| F|  |TAMS 0x000000008b100000, 0x000000008b100000| Untracked 
| 178|0x000000008b200000, 0x000000008b200000, 0x000000008b300000|  0%| F|  |TAMS 0x000000008b200000, 0x000000008b200000| Untracked 
| 179|0x000000008b300000, 0x000000008b300000, 0x000000008b400000|  0%| F|  |TAMS 0x000000008b300000, 0x000000008b300000| Untracked 
| 180|0x000000008b400000, 0x000000008b400000, 0x000000008b500000|  0%| F|  |TAMS 0x000000008b400000, 0x000000008b400000| Untracked 
| 181|0x000000008b500000, 0x000000008b500000, 0x000000008b600000|  0%| F|  |TAMS 0x000000008b500000, 0x000000008b500000| Untracked 
| 182|0x000000008b600000, 0x000000008b700000, 0x000000008b700000|100%| O|  |TAMS 0x000000008b700000, 0x000000008b600000| Untracked 
| 183|0x000000008b700000, 0x000000008b800000, 0x000000008b800000|100%| O|  |TAMS 0x000000008b800000, 0x000000008b700000| Untracked 
| 184|0x000000008b800000, 0x000000008b800000, 0x000000008b900000|  0%| F|  |TAMS 0x000000008b800000, 0x000000008b800000| Untracked 
| 185|0x000000008b900000, 0x000000008b900000, 0x000000008ba00000|  0%| F|  |TAMS 0x000000008b900000, 0x000000008b900000| Untracked 
| 186|0x000000008ba00000, 0x000000008bb00000, 0x000000008bb00000|100%| O|  |TAMS 0x000000008bb00000, 0x000000008ba00000| Untracked 
| 187|0x000000008bb00000, 0x000000008bc00000, 0x000000008bc00000|100%| O|  |TAMS 0x000000008bc00000, 0x000000008bb00000| Untracked 
| 188|0x000000008bc00000, 0x000000008bc00000, 0x000000008bd00000|  0%| F|  |TAMS 0x000000008bc00000, 0x000000008bc00000| Untracked 
| 189|0x000000008bd00000, 0x000000008bd00000, 0x000000008be00000|  0%| F|  |TAMS 0x000000008bd00000, 0x000000008bd00000| Untracked 
| 190|0x000000008be00000, 0x000000008be00000, 0x000000008bf00000|  0%| F|  |TAMS 0x000000008be00000, 0x000000008be00000| Untracked 
| 191|0x000000008bf00000, 0x000000008bf00000, 0x000000008c000000|  0%| F|  |TAMS 0x000000008bf00000, 0x000000008bf00000| Untracked 
| 192|0x000000008c000000, 0x000000008c000000, 0x000000008c100000|  0%| F|  |TAMS 0x000000008c000000, 0x000000008c000000| Untracked 
| 193|0x000000008c100000, 0x000000008c200000, 0x000000008c200000|100%| O|  |TAMS 0x000000008c200000, 0x000000008c100000| Untracked 
| 194|0x000000008c200000, 0x000000008c300000, 0x000000008c300000|100%| O|  |TAMS 0x000000008c300000, 0x000000008c200000| Untracked 
| 195|0x000000008c300000, 0x000000008c300000, 0x000000008c400000|  0%| F|  |TAMS 0x000000008c300000, 0x000000008c300000| Untracked 
| 196|0x000000008c400000, 0x000000008c500000, 0x000000008c500000|100%| O|  |TAMS 0x000000008c500000, 0x000000008c400000| Untracked 
| 197|0x000000008c500000, 0x000000008c600000, 0x000000008c600000|100%| O|  |TAMS 0x000000008c600000, 0x000000008c500000| Untracked 
| 198|0x000000008c600000, 0x000000008c600000, 0x000000008c700000|  0%| F|  |TAMS 0x000000008c600000, 0x000000008c600000| Untracked 
| 199|0x000000008c700000, 0x000000008c700000, 0x000000008c800000|  0%| F|  |TAMS 0x000000008c700000, 0x000000008c700000| Untracked 
| 200|0x000000008c800000, 0x000000008c800000, 0x000000008c900000|  0%| F|  |TAMS 0x000000008c800000, 0x000000008c800000| Untracked 
| 201|0x000000008c900000, 0x000000008c900000, 0x000000008ca00000|  0%| F|  |TAMS 0x000000008c900000, 0x000000008c900000| Untracked 
| 202|0x000000008ca00000, 0x000000008ca00000, 0x000000008cb00000|  0%| F|  |TAMS 0x000000008ca00000, 0x000000008ca00000| Untracked 
| 203|0x000000008cb00000, 0x000000008cb00000, 0x000000008cc00000|  0%| F|  |TAMS 0x000000008cb00000, 0x000000008cb00000| Untracked 
| 204|0x000000008cc00000, 0x000000008cd00000, 0x000000008cd00000|100%| S|CS|TAMS 0x000000008cc00000, 0x000000008cc00000| Complete 
| 205|0x000000008cd00000, 0x000000008ce00000, 0x000000008ce00000|100%| S|CS|TAMS 0x000000008cd00000, 0x000000008cd00000| Complete 
| 206|0x000000008ce00000, 0x000000008cf00000, 0x000000008cf00000|100%| S|CS|TAMS 0x000000008ce00000, 0x000000008ce00000| Complete 
| 207|0x000000008cf00000, 0x000000008d000000, 0x000000008d000000|100%| S|CS|TAMS 0x000000008cf00000, 0x000000008cf00000| Complete 
| 208|0x000000008d000000, 0x000000008d100000, 0x000000008d100000|100%| S|CS|TAMS 0x000000008d000000, 0x000000008d000000| Complete 
| 209|0x000000008d100000, 0x000000008d200000, 0x000000008d200000|100%| S|CS|TAMS 0x000000008d100000, 0x000000008d100000| Complete 
| 210|0x000000008d200000, 0x000000008d200000, 0x000000008d300000|  0%| F|  |TAMS 0x000000008d200000, 0x000000008d200000| Untracked 
| 211|0x000000008d300000, 0x000000008d300000, 0x000000008d400000|  0%| F|  |TAMS 0x000000008d300000, 0x000000008d300000| Untracked 
| 212|0x000000008d400000, 0x000000008d400000, 0x000000008d500000|  0%| F|  |TAMS 0x000000008d400000, 0x000000008d400000| Untracked 
| 213|0x000000008d500000, 0x000000008d500000, 0x000000008d600000|  0%| F|  |TAMS 0x000000008d500000, 0x000000008d500000| Untracked 
| 214|0x000000008d600000, 0x000000008d600000, 0x000000008d700000|  0%| F|  |TAMS 0x000000008d600000, 0x000000008d600000| Untracked 
| 215|0x000000008d700000, 0x000000008d800000, 0x000000008d800000|100%| S|CS|TAMS 0x000000008d700000, 0x000000008d700000| Complete 
| 216|0x000000008d800000, 0x000000008d900000, 0x000000008d900000|100%| S|CS|TAMS 0x000000008d800000, 0x000000008d800000| Complete 
| 217|0x000000008d900000, 0x000000008d900000, 0x000000008da00000|  0%| F|  |TAMS 0x000000008d900000, 0x000000008d900000| Untracked 
| 218|0x000000008da00000, 0x000000008da00000, 0x000000008db00000|  0%| F|  |TAMS 0x000000008da00000, 0x000000008da00000| Untracked 
| 219|0x000000008db00000, 0x000000008db00000, 0x000000008dc00000|  0%| F|  |TAMS 0x000000008db00000, 0x000000008db00000| Untracked 
| 220|0x000000008dc00000, 0x000000008dc00000, 0x000000008dd00000|  0%| F|  |TAMS 0x000000008dc00000, 0x000000008dc00000| Untracked 
| 221|0x000000008dd00000, 0x000000008dd00000, 0x000000008de00000|  0%| F|  |TAMS 0x000000008dd00000, 0x000000008dd00000| Untracked 
| 222|0x000000008de00000, 0x000000008de00000, 0x000000008df00000|  0%| F|  |TAMS 0x000000008de00000, 0x000000008de00000| Untracked 
| 223|0x000000008df00000, 0x000000008df00000, 0x000000008e000000|  0%| F|  |TAMS 0x000000008df00000, 0x000000008df00000| Untracked 
| 224|0x000000008e000000, 0x000000008e000000, 0x000000008e100000|  0%| F|  |TAMS 0x000000008e000000, 0x000000008e000000| Untracked 
| 225|0x000000008e100000, 0x000000008e100000, 0x000000008e200000|  0%| F|  |TAMS 0x000000008e100000, 0x000000008e100000| Untracked 
| 226|0x000000008e200000, 0x000000008e200000, 0x000000008e300000|  0%| F|  |TAMS 0x000000008e200000, 0x000000008e200000| Untracked 
| 227|0x000000008e300000, 0x000000008e300000, 0x000000008e400000|  0%| F|  |TAMS 0x000000008e300000, 0x000000008e300000| Untracked 
| 228|0x000000008e400000, 0x000000008e400000, 0x000000008e500000|  0%| F|  |TAMS 0x000000008e400000, 0x000000008e400000| Untracked 
| 229|0x000000008e500000, 0x000000008e500000, 0x000000008e600000|  0%| F|  |TAMS 0x000000008e500000, 0x000000008e500000| Untracked 
| 230|0x000000008e600000, 0x000000008e600000, 0x000000008e700000|  0%| F|  |TAMS 0x000000008e600000, 0x000000008e600000| Untracked 
| 231|0x000000008e700000, 0x000000008e700000, 0x000000008e800000|  0%| F|  |TAMS 0x000000008e700000, 0x000000008e700000| Untracked 
| 232|0x000000008e800000, 0x000000008e800000, 0x000000008e900000|  0%| F|  |TAMS 0x000000008e800000, 0x000000008e800000| Untracked 
| 233|0x000000008e900000, 0x000000008e900000, 0x000000008ea00000|  0%| F|  |TAMS 0x000000008e900000, 0x000000008e900000| Untracked 
| 234|0x000000008ea00000, 0x000000008ea00000, 0x000000008eb00000|  0%| F|  |TAMS 0x000000008ea00000, 0x000000008ea00000| Untracked 
| 235|0x000000008eb00000, 0x000000008eb00000, 0x000000008ec00000|  0%| F|  |TAMS 0x000000008eb00000, 0x000000008eb00000| Untracked 
| 236|0x000000008ec00000, 0x000000008ec00000, 0x000000008ed00000|  0%| F|  |TAMS 0x000000008ec00000, 0x000000008ec00000| Untracked 
| 237|0x000000008ed00000, 0x000000008ed00000, 0x000000008ee00000|  0%| F|  |TAMS 0x000000008ed00000, 0x000000008ed00000| Untracked 
| 238|0x000000008ee00000, 0x000000008ee00000, 0x000000008ef00000|  0%| F|  |TAMS 0x000000008ee00000, 0x000000008ee00000| Untracked 
| 239|0x000000008ef00000, 0x000000008ef00000, 0x000000008f000000|  0%| F|  |TAMS 0x000000008ef00000, 0x000000008ef00000| Untracked 
| 240|0x000000008f000000, 0x000000008f0d76a8, 0x000000008f100000| 84%| E|  |TAMS 0x000000008f000000, 0x000000008f000000| Complete 
| 241|0x000000008f100000, 0x000000008f200000, 0x000000008f200000|100%| E|CS|TAMS 0x000000008f100000, 0x000000008f100000| Complete 
| 242|0x000000008f200000, 0x000000008f300000, 0x000000008f300000|100%| E|CS|TAMS 0x000000008f200000, 0x000000008f200000| Complete 
| 243|0x000000008f300000, 0x000000008f400000, 0x000000008f400000|100%| E|CS|TAMS 0x000000008f300000, 0x000000008f300000| Complete 
| 244|0x000000008f400000, 0x000000008f500000, 0x000000008f500000|100%| E|  |TAMS 0x000000008f400000, 0x000000008f400000| Complete 
| 245|0x000000008f500000, 0x000000008f600000, 0x000000008f600000|100%| E|CS|TAMS 0x000000008f500000, 0x000000008f500000| Complete 
| 246|0x000000008f600000, 0x000000008f700000, 0x000000008f700000|100%| E|CS|TAMS 0x000000008f600000, 0x000000008f600000| Complete 
| 247|0x000000008f700000, 0x000000008f800000, 0x000000008f800000|100%| E|CS|TAMS 0x000000008f700000, 0x000000008f700000| Complete 
| 248|0x000000008f800000, 0x000000008f900000, 0x000000008f900000|100%| E|CS|TAMS 0x000000008f800000, 0x000000008f800000| Complete 
| 249|0x000000008f900000, 0x000000008fa00000, 0x000000008fa00000|100%| E|CS|TAMS 0x000000008f900000, 0x000000008f900000| Complete 
| 250|0x000000008fa00000, 0x000000008fb00000, 0x000000008fb00000|100%| E|CS|TAMS 0x000000008fa00000, 0x000000008fa00000| Complete 
| 251|0x000000008fb00000, 0x000000008fc00000, 0x000000008fc00000|100%| E|CS|TAMS 0x000000008fb00000, 0x000000008fb00000| Complete 
| 252|0x000000008fc00000, 0x000000008fd00000, 0x000000008fd00000|100%| E|CS|TAMS 0x000000008fc00000, 0x000000008fc00000| Complete 
| 253|0x000000008fd00000, 0x000000008fe00000, 0x000000008fe00000|100%| E|CS|TAMS 0x000000008fd00000, 0x000000008fd00000| Complete 
| 254|0x000000008fe00000, 0x000000008ff00000, 0x000000008ff00000|100%| E|CS|TAMS 0x000000008fe00000, 0x000000008fe00000| Complete 
| 255|0x000000008ff00000, 0x0000000090000000, 0x0000000090000000|100%| E|CS|TAMS 0x000000008ff00000, 0x000000008ff00000| Complete 
| 256|0x0000000090000000, 0x0000000090100000, 0x0000000090100000|100%| E|CS|TAMS 0x0000000090000000, 0x0000000090000000| Complete 
| 257|0x0000000090100000, 0x0000000090200000, 0x0000000090200000|100%| E|CS|TAMS 0x0000000090100000, 0x0000000090100000| Complete 
| 258|0x0000000090200000, 0x0000000090300000, 0x0000000090300000|100%| E|CS|TAMS 0x0000000090200000, 0x0000000090200000| Complete 
| 259|0x0000000090300000, 0x0000000090400000, 0x0000000090400000|100%| E|CS|TAMS 0x0000000090300000, 0x0000000090300000| Complete 
| 260|0x0000000090400000, 0x0000000090500000, 0x0000000090500000|100%| E|CS|TAMS 0x0000000090400000, 0x0000000090400000| Complete 
| 261|0x0000000090500000, 0x0000000090600000, 0x0000000090600000|100%| E|CS|TAMS 0x0000000090500000, 0x0000000090500000| Complete 
| 262|0x0000000090600000, 0x0000000090700000, 0x0000000090700000|100%| E|CS|TAMS 0x0000000090600000, 0x0000000090600000| Complete 
| 263|0x0000000090700000, 0x0000000090800000, 0x0000000090800000|100%| E|CS|TAMS 0x0000000090700000, 0x0000000090700000| Complete 
| 264|0x0000000090800000, 0x0000000090900000, 0x0000000090900000|100%| E|CS|TAMS 0x0000000090800000, 0x0000000090800000| Complete 
| 265|0x0000000090900000, 0x0000000090a00000, 0x0000000090a00000|100%| E|CS|TAMS 0x0000000090900000, 0x0000000090900000| Complete 
| 266|0x0000000090a00000, 0x0000000090b00000, 0x0000000090b00000|100%| E|CS|TAMS 0x0000000090a00000, 0x0000000090a00000| Complete 
| 267|0x0000000090b00000, 0x0000000090c00000, 0x0000000090c00000|100%| E|CS|TAMS 0x0000000090b00000, 0x0000000090b00000| Complete 
| 268|0x0000000090c00000, 0x0000000090d00000, 0x0000000090d00000|100%| E|CS|TAMS 0x0000000090c00000, 0x0000000090c00000| Complete 
| 269|0x0000000090d00000, 0x0000000090e00000, 0x0000000090e00000|100%| E|CS|TAMS 0x0000000090d00000, 0x0000000090d00000| Complete 
| 270|0x0000000090e00000, 0x0000000090f00000, 0x0000000090f00000|100%| E|CS|TAMS 0x0000000090e00000, 0x0000000090e00000| Complete 
| 271|0x0000000090f00000, 0x0000000091000000, 0x0000000091000000|100%| E|CS|TAMS 0x0000000090f00000, 0x0000000090f00000| Complete 

Card table byte_map: [0x00000273f8530000,0x00000273f8930000] _byte_map_base: 0x00000273f8130000

Marking Bits (Prev, Next): (CMBitMap*) 0x00000273e567dfd0, (CMBitMap*) 0x00000273e567df98
 Prev Bits: [0x00000273fad30000, 0x00000273fcd30000)
 Next Bits: [0x00000273f8d30000, 0x00000273fad30000)

Polling page: 0x00000273e3570000

Metaspace:

Usage:
  Non-class:    139.34 MB capacity,   135.99 MB ( 98%) used,     2.75 MB (  2%) free+waste,   621.00 KB ( <1%) overhead. 
      Class:     20.73 MB capacity,    18.79 MB ( 91%) used,     1.67 MB (  8%) free+waste,   273.50 KB (  1%) overhead. 
       Both:    160.06 MB capacity,   154.77 MB ( 97%) used,     4.42 MB (  3%) free+waste,   894.50 KB ( <1%) overhead. 

Virtual space:
  Non-class space:      152.00 MB reserved,     150.16 MB ( 99%) committed 
      Class space:        1.00 GB reserved,      22.63 MB (  2%) committed 
             Both:        1.15 GB reserved,     172.79 MB ( 15%) committed 

Chunk freelists:
   Non-Class:  10.75 MB
       Class:  1.80 MB
        Both:  12.54 MB

MaxMetaspaceSize: 17179869184.00 GB
CompressedClassSpaceSize: 1.00 GB

CodeHeap 'non-profiled nmethods': size=120064Kb used=23506Kb max_used=23506Kb free=96557Kb
 bounds [0x00000273f0bf0000, 0x00000273f22f0000, 0x00000273f8130000]
CodeHeap 'profiled nmethods': size=120000Kb used=59519Kb max_used=61390Kb free=60480Kb
 bounds [0x00000273e96c0000, 0x00000273ed310000, 0x00000273f0bf0000]
CodeHeap 'non-nmethods': size=5696Kb used=2420Kb max_used=2502Kb free=3276Kb
 bounds [0x00000273e9130000, 0x00000273e93b0000, 0x00000273e96c0000]
 total_blobs=27671 nmethods=26610 adapters=970
 compilation: enabled
              stopped_count=0, restarted_count=0
 full_count=0

Compilation events (20 events):
Event: 2843.525 Thread 0x00000273ff235000 nmethod 35339 0x00000273f22e6290 code [0x00000273f22e64a0, 0x00000273f22e70d8]
Event: 2843.539 Thread 0x00000273ff235000 35341       4       java.util.BitSet::clear (70 bytes)
Event: 2843.545 Thread 0x00000273ff235000 nmethod 35341 0x00000273f22e7810 code [0x00000273f22e79a0, 0x00000273f22e7af8]
Event: 2843.554 Thread 0x00000273ff239000 35342       3       java.util.Formatter::getZero (27 bytes)
Event: 2843.556 Thread 0x00000273ff235000 35343       4       org.gradle.internal.operations.DefaultBuildOperationRunner$CallableBuildOperationWorker::execute (10 bytes)
Event: 2843.559 Thread 0x00000273ff239000 nmethod 35342 0x00000273ead9c190 code [0x00000273ead9c360, 0x00000273ead9c578]
Event: 2843.561 Thread 0x00000273ff235000 nmethod 35343 0x00000273f22e7c90 code [0x00000273f22e7e20, 0x00000273f22e7fd8]
Event: 2843.640 Thread 0x00000273ff235000 35344       4       java.io.WinNTFileSystem::canonicalize (372 bytes)
Event: 2843.663 Thread 0x00000273ff239000 35345       3       org.gradle.execution.plan.ValuedVfsHierarchy$$Lambda$1223/0x0000000100ee3c40::accept (13 bytes)
Event: 2843.667 Thread 0x00000273ff239000 nmethod 35345 0x00000273ec37a710 code [0x00000273ec37a920, 0x00000273ec37b108]
Event: 2843.667 Thread 0x00000273ff239000 35346       3       org.gradle.execution.plan.ValuedVfsHierarchy::lambda$visitValuesRelatedTo$0 (9 bytes)
Event: 2843.668 Thread 0x00000273ff239000 nmethod 35346 0x00000273ec3b2210 code [0x00000273ec3b2420, 0x00000273ec3b2b68]
Event: 2843.668 Thread 0x00000273ff239000 35347       3       org.gradle.execution.plan.ExecutionNodeAccessHierarchy$AbstractNodeAccessVisitor::visitAncestor (10 bytes)
Event: 2843.669 Thread 0x00000273ff239000 nmethod 35347 0x00000273ec682310 code [0x00000273ec682500, 0x00000273ec682b48]
Event: 2843.699 Thread 0x00000273ff239000 35348       3       com.android.build.gradle.internal.res.LinkApplicationAndroidResourcesTask$CreationAction$handleProvider$1::get (8 bytes)
Event: 2843.700 Thread 0x00000273ff239000 nmethod 35348 0x00000273eaf20e10 code [0x00000273eaf20fe0, 0x00000273eaf21288]
Event: 2843.968 Thread 0x00000273ff239000 35350       3       org.gradle.api.internal.file.AbstractFileTree::isEmpty (35 bytes)
Event: 2843.971 Thread 0x00000273ff239000 nmethod 35350 0x00000273ec6c0d90 code [0x00000273ec6c0fa0, 0x00000273ec6c1588]
Event: 2843.971 Thread 0x00000273ff239000 35351       3       org.gradle.api.internal.file.AbstractFileTree$2::<init> (15 bytes)
Event: 2843.971 Thread 0x00000273ff239000 nmethod 35351 0x00000273eaf23990 code [0x00000273eaf23b60, 0x00000273eaf23dd8]

GC Heap History (20 events):
Event: 2554.589 GC heap before
{Heap before GC invocations=143 (full 0):
 garbage-first heap   total 278528K, used 221275K [0x0000000080000000, 0x0000000100000000)
  region size 1024K, 55 young (56320K), 1 survivors (1024K)
 Metaspace       used 170182K, capacity 176243K, committed 176548K, reserved 1202176K
  class space    used 20787K, capacity 22989K, committed 23040K, reserved 1048576K
}
Event: 2554.595 GC heap after
{Heap after GC invocations=144 (full 0):
 garbage-first heap   total 278528K, used 165901K [0x0000000080000000, 0x0000000100000000)
  region size 1024K, 3 young (3072K), 3 survivors (3072K)
 Metaspace       used 170182K, capacity 176243K, committed 176548K, reserved 1202176K
  class space    used 20787K, capacity 22989K, committed 23040K, reserved 1048576K
}
Event: 2558.896 GC heap before
{Heap before GC invocations=144 (full 0):
 garbage-first heap   total 278528K, used 226317K [0x0000000080000000, 0x0000000100000000)
  region size 1024K, 59 young (60416K), 3 survivors (3072K)
 Metaspace       used 170246K, capacity 176309K, committed 176548K, reserved 1202176K
  class space    used 20787K, capacity 22989K, committed 23040K, reserved 1048576K
}
Event: 2558.906 GC heap after
{Heap after GC invocations=145 (full 0):
 garbage-first heap   total 278528K, used 173032K [0x0000000080000000, 0x0000000100000000)
  region size 1024K, 6 young (6144K), 6 survivors (6144K)
 Metaspace       used 170246K, capacity 176309K, committed 176548K, reserved 1202176K
  class space    used 20787K, capacity 22989K, committed 23040K, reserved 1048576K
}
Event: 2559.673 GC heap before
{Heap before GC invocations=145 (full 0):
 garbage-first heap   total 278528K, used 231400K [0x0000000080000000, 0x0000000100000000)
  region size 1024K, 60 young (61440K), 6 survivors (6144K)
 Metaspace       used 170344K, capacity 176445K, committed 176548K, reserved 1202176K
  class space    used 20787K, capacity 22989K, committed 23040K, reserved 1048576K
}
Event: 2559.696 GC heap after
{Heap after GC invocations=146 (full 0):
 garbage-first heap   total 278528K, used 181771K [0x0000000080000000, 0x0000000100000000)
  region size 1024K, 8 young (8192K), 8 survivors (8192K)
 Metaspace       used 170344K, capacity 176445K, committed 176548K, reserved 1202176K
  class space    used 20787K, capacity 22989K, committed 23040K, reserved 1048576K
}
Event: 2560.196 GC heap before
{Heap before GC invocations=146 (full 0):
 garbage-first heap   total 278528K, used 227851K [0x0000000080000000, 0x0000000100000000)
  region size 1024K, 54 young (55296K), 8 survivors (8192K)
 Metaspace       used 170371K, capacity 176447K, committed 176548K, reserved 1202176K
  class space    used 20787K, capacity 22989K, committed 23040K, reserved 1048576K
}
Event: 2560.212 GC heap after
{Heap after GC invocations=147 (full 0):
 garbage-first heap   total 278528K, used 183569K [0x0000000080000000, 0x0000000100000000)
  region size 1024K, 3 young (3072K), 3 survivors (3072K)
 Metaspace       used 170371K, capacity 176447K, committed 176548K, reserved 1202176K
  class space    used 20787K, capacity 22989K, committed 23040K, reserved 1048576K
}
Event: 2561.706 GC heap before
{Heap before GC invocations=147 (full 0):
 garbage-first heap   total 278528K, used 232721K [0x0000000080000000, 0x0000000100000000)
  region size 1024K, 49 young (50176K), 3 survivors (3072K)
 Metaspace       used 170409K, capacity 176514K, committed 176804K, reserved 1204224K
  class space    used 20788K, capacity 22990K, committed 23040K, reserved 1048576K
}
Event: 2561.713 GC heap after
{Heap after GC invocations=148 (full 0):
 garbage-first heap   total 278528K, used 182407K [0x0000000080000000, 0x0000000100000000)
  region size 1024K, 2 young (2048K), 2 survivors (2048K)
 Metaspace       used 170409K, capacity 176514K, committed 176804K, reserved 1204224K
  class space    used 20788K, capacity 22990K, committed 23040K, reserved 1048576K
}
Event: 2562.052 GC heap before
{Heap before GC invocations=148 (full 0):
 garbage-first heap   total 278528K, used 199815K [0x0000000080000000, 0x0000000100000000)
  region size 1024K, 16 young (16384K), 2 survivors (2048K)
 Metaspace       used 170409K, capacity 176514K, committed 176804K, reserved 1204224K
  class space    used 20788K, capacity 22990K, committed 23040K, reserved 1048576K
}
Event: 2562.058 GC heap after
{Heap after GC invocations=149 (full 0):
 garbage-first heap   total 278528K, used 186602K [0x0000000080000000, 0x0000000100000000)
  region size 1024K, 2 young (2048K), 2 survivors (2048K)
 Metaspace       used 170409K, capacity 176514K, committed 176804K, reserved 1204224K
  class space    used 20788K, capacity 22990K, committed 23040K, reserved 1048576K
}
Event: 2622.074 GC heap before
{Heap before GC invocations=150 (full 0):
 garbage-first heap   total 278528K, used 233706K [0x0000000080000000, 0x0000000100000000)
  region size 1024K, 43 young (44032K), 2 survivors (2048K)
 Metaspace       used 158207K, capacity 163565K, committed 176932K, reserved 1204224K
  class space    used 19199K, capacity 21155K, committed 23168K, reserved 1048576K
}
Event: 2622.095 GC heap after
{Heap after GC invocations=151 (full 0):
 garbage-first heap   total 278528K, used 184056K [0x0000000080000000, 0x0000000100000000)
  region size 1024K, 6 young (6144K), 6 survivors (6144K)
 Metaspace       used 158207K, capacity 163565K, committed 176932K, reserved 1204224K
  class space    used 19199K, capacity 21155K, committed 23168K, reserved 1048576K
}
Event: 2622.242 GC heap before
{Heap before GC invocations=151 (full 0):
 garbage-first heap   total 278528K, used 190200K [0x0000000080000000, 0x0000000100000000)
  region size 1024K, 13 young (13312K), 6 survivors (6144K)
 Metaspace       used 158208K, capacity 163565K, committed 176932K, reserved 1204224K
  class space    used 19199K, capacity 21155K, committed 23168K, reserved 1048576K
}
Event: 2622.281 GC heap after
{Heap after GC invocations=152 (full 0):
 garbage-first heap   total 278528K, used 162606K [0x0000000080000000, 0x0000000100000000)
  region size 1024K, 2 young (2048K), 2 survivors (2048K)
 Metaspace       used 158208K, capacity 163565K, committed 176932K, reserved 1204224K
  class space    used 19199K, capacity 21155K, committed 23168K, reserved 1048576K
}
Event: 2829.285 GC heap before
{Heap before GC invocations=152 (full 0):
 garbage-first heap   total 278528K, used 217902K [0x0000000080000000, 0x0000000100000000)
  region size 1024K, 57 young (58368K), 2 survivors (2048K)
 Metaspace       used 158408K, capacity 163838K, committed 176932K, reserved 1204224K
  class space    used 19237K, capacity 21223K, committed 23168K, reserved 1048576K
}
Event: 2829.473 GC heap after
{Heap after GC invocations=153 (full 0):
 garbage-first heap   total 278528K, used 166202K [0x0000000080000000, 0x0000000100000000)
  region size 1024K, 5 young (5120K), 5 survivors (5120K)
 Metaspace       used 158408K, capacity 163838K, committed 176932K, reserved 1204224K
  class space    used 19237K, capacity 21223K, committed 23168K, reserved 1048576K
}
Event: 2831.555 GC heap before
{Heap before GC invocations=153 (full 0):
 garbage-first heap   total 278528K, used 221498K [0x0000000080000000, 0x0000000100000000)
  region size 1024K, 60 young (61440K), 5 survivors (5120K)
 Metaspace       used 158477K, capacity 163905K, committed 176932K, reserved 1204224K
  class space    used 19238K, capacity 21223K, committed 23168K, reserved 1048576K
}
Event: 2831.586 GC heap after
{Heap after GC invocations=154 (full 0):
 garbage-first heap   total 278528K, used 171099K [0x0000000080000000, 0x0000000100000000)
  region size 1024K, 8 young (8192K), 8 survivors (8192K)
 Metaspace       used 158477K, capacity 163905K, committed 176932K, reserved 1204224K
  class space    used 19238K, capacity 21223K, committed 23168K, reserved 1048576K
}

Deoptimization events (20 events):
Event: 2562.099 Thread 0x0000027383019800 DEOPT PACKING pc=0x00000273f21c4ee0 sp=0x000000e92adfd1b0
Event: 2562.099 Thread 0x0000027383019800 DEOPT UNPACKING pc=0x00000273e91578af sp=0x000000e92adfd150 mode 2
Event: 2562.099 Thread 0x0000027383019800 Uncommon trap: trap_request=0xffffffbe fr.pc=0x00000273f21c4ee0 relative=0x0000000000000ba0
Event: 2562.099 Thread 0x0000027383019800 Uncommon trap: reason=profile_predicate action=maybe_recompile pc=0x00000273f21c4ee0 method=java.math.MutableBigInteger.add(Ljava/math/MutableBigInteger;)V @ 68 c2
Event: 2562.099 Thread 0x0000027383019800 DEOPT PACKING pc=0x00000273f21c4ee0 sp=0x000000e92adfd1b0
Event: 2562.099 Thread 0x0000027383019800 DEOPT UNPACKING pc=0x00000273e91578af sp=0x000000e92adfd150 mode 2
Event: 2562.099 Thread 0x0000027383019800 Uncommon trap: trap_request=0xffffffbe fr.pc=0x00000273f21c4ee0 relative=0x0000000000000ba0
Event: 2562.099 Thread 0x0000027383019800 Uncommon trap: reason=profile_predicate action=maybe_recompile pc=0x00000273f21c4ee0 method=java.math.MutableBigInteger.add(Ljava/math/MutableBigInteger;)V @ 68 c2
Event: 2562.099 Thread 0x0000027383019800 DEOPT PACKING pc=0x00000273f21c4ee0 sp=0x000000e92adfd1b0
Event: 2562.099 Thread 0x0000027383019800 DEOPT UNPACKING pc=0x00000273e91578af sp=0x000000e92adfd150 mode 2
Event: 2621.752 Thread 0x0000027386d9d800 Uncommon trap: trap_request=0xffffffbe fr.pc=0x00000273f16737f8 relative=0x0000000000000d58
Event: 2621.752 Thread 0x0000027386d9d800 Uncommon trap: reason=profile_predicate action=maybe_recompile pc=0x00000273f16737f8 method=com.google.common.collect.RegularImmutableMap.fromEntryArray(I[Ljava/util/Map$Entry;)Lcom/google/common/collect/ImmutableMap; @ 56 c2
Event: 2621.752 Thread 0x0000027386d9d800 DEOPT PACKING pc=0x00000273f16737f8 sp=0x000000e9274f8350
Event: 2621.752 Thread 0x0000027386d9d800 DEOPT UNPACKING pc=0x00000273e91578af sp=0x000000e9274f8318 mode 2
Event: 2622.018 Thread 0x0000027386d9d800 DEOPT PACKING pc=0x00000273eb54873a sp=0x000000e9274f9ef0
Event: 2622.018 Thread 0x0000027386d9d800 DEOPT UNPACKING pc=0x00000273e91576ce sp=0x000000e9274f9398 mode 0
Event: 2622.165 Thread 0x00000273865a0000 DEOPT PACKING pc=0x00000273ea0d0a20 sp=0x000000e92a5fa890
Event: 2622.166 Thread 0x00000273865a0000 DEOPT UNPACKING pc=0x00000273e91576ce sp=0x000000e92a5f9c98 mode 0
Event: 2829.666 Thread 0x000002738659b000 DEOPT PACKING pc=0x00000273ea20c62b sp=0x000000e9272f9b10
Event: 2829.666 Thread 0x000002738659b000 DEOPT UNPACKING pc=0x00000273e91576ce sp=0x000000e9272f8fa8 mode 0

Classes redefined (0 events):
No events

Internal exceptions (20 events):
Event: 2561.328 Thread 0x0000027383017800 Exception <a 'sun/nio/fs/WindowsException'{0x000000008ebc7150}> (0x000000008ebc7150) thrown at [./src/hotspot/share/prims/jni.cpp, line 615]
Event: 2561.471 Thread 0x000002738014e800 Exception <a 'sun/nio/fs/WindowsException'{0x000000008e751610}> (0x000000008e751610) thrown at [./src/hotspot/share/prims/jni.cpp, line 615]
Event: 2561.558 Thread 0x000002738014e800 Exception <a 'sun/nio/fs/WindowsException'{0x000000008e346bb8}> (0x000000008e346bb8) thrown at [./src/hotspot/share/prims/jni.cpp, line 615]
Event: 2562.223 Thread 0x000002738014a800 Exception <a 'sun/nio/fs/WindowsException'{0x0000000090e42c60}> (0x0000000090e42c60) thrown at [./src/hotspot/share/prims/jni.cpp, line 615]
Event: 2621.769 Thread 0x0000027386d9d800 Exception <a 'sun/nio/fs/WindowsException'{0x000000008f563ec8}> (0x000000008f563ec8) thrown at [./src/hotspot/share/prims/jni.cpp, line 615]
Event: 2621.978 Thread 0x0000027386d9d800 Exception <a 'sun/nio/fs/WindowsException'{0x000000008e9afde8}> (0x000000008e9afde8) thrown at [./src/hotspot/share/prims/jni.cpp, line 615]
Event: 2621.990 Thread 0x0000027386d9d800 Exception <a 'sun/nio/fs/WindowsException'{0x000000008e84bd78}> (0x000000008e84bd78) thrown at [./src/hotspot/share/prims/jni.cpp, line 615]
Event: 2621.990 Thread 0x0000027386d9d800 Exception <a 'sun/nio/fs/WindowsException'{0x000000008e84cd28}> (0x000000008e84cd28) thrown at [./src/hotspot/share/prims/jni.cpp, line 615]
Event: 2621.995 Thread 0x0000027386d9d800 Exception <a 'sun/nio/fs/WindowsException'{0x000000008e84dd28}> (0x000000008e84dd28) thrown at [./src/hotspot/share/prims/jni.cpp, line 615]
Event: 2621.996 Thread 0x0000027386d9d800 Exception <a 'sun/nio/fs/WindowsException'{0x000000008e84ed28}> (0x000000008e84ed28) thrown at [./src/hotspot/share/prims/jni.cpp, line 615]
Event: 2622.068 Thread 0x0000027386d9d800 Exception <a 'sun/nio/fs/WindowsException'{0x000000008e5fc900}> (0x000000008e5fc900) thrown at [./src/hotspot/share/prims/jni.cpp, line 615]
Event: 2622.973 Thread 0x0000027386599800 Exception <a 'sun/nio/fs/WindowsException'{0x000000008e30a4f8}> (0x000000008e30a4f8) thrown at [./src/hotspot/share/prims/jni.cpp, line 615]
Event: 2829.850 Thread 0x000002738659b000 Exception <a 'sun/nio/fs/WindowsException'{0x0000000090311a70}> (0x0000000090311a70) thrown at [./src/hotspot/share/prims/jni.cpp, line 615]
Event: 2830.566 Thread 0x000002738659b000 Exception <a 'sun/nio/fs/WindowsException'{0x000000008f75ac10}> (0x000000008f75ac10) thrown at [./src/hotspot/share/prims/jni.cpp, line 615]
Event: 2830.587 Thread 0x000002738659b000 Exception <a 'sun/nio/fs/WindowsException'{0x000000008f7fc7f0}> (0x000000008f7fc7f0) thrown at [./src/hotspot/share/prims/jni.cpp, line 615]
Event: 2830.587 Thread 0x000002738659b000 Exception <a 'sun/nio/fs/WindowsException'{0x000000008f7fd790}> (0x000000008f7fd790) thrown at [./src/hotspot/share/prims/jni.cpp, line 615]
Event: 2830.587 Thread 0x000002738659b000 Exception <a 'sun/nio/fs/WindowsException'{0x000000008f7fe780}> (0x000000008f7fe780) thrown at [./src/hotspot/share/prims/jni.cpp, line 615]
Event: 2830.587 Thread 0x000002738659b000 Exception <a 'sun/nio/fs/WindowsException'{0x000000008f7ff770}> (0x000000008f7ff770) thrown at [./src/hotspot/share/prims/jni.cpp, line 615]
Event: 2830.722 Thread 0x000002738659b000 Exception <a 'sun/nio/fs/WindowsException'{0x000000008f3bc180}> (0x000000008f3bc180) thrown at [./src/hotspot/share/prims/jni.cpp, line 615]
Event: 2832.408 Thread 0x0000027386da4000 Exception <a 'java/lang/InterruptedException'{0x000000008fc7ac70}> (0x000000008fc7ac70) thrown at [./src/hotspot/share/runtime/objectMonitor.cpp, line 1635]

Events (20 events):
Event: 2831.586 Executing VM operation: G1CollectForAllocation done
Event: 2832.369 Thread 0x0000027386da4000 Thread added: 0x0000027386da4000
Event: 2832.369 Executing VM operation: RevokeBias
Event: 2832.371 Executing VM operation: RevokeBias done
Event: 2832.549 Thread 0x0000027386da5000 Thread added: 0x0000027386da5000
Event: 2834.942 Thread 0x0000027383017800 Thread added: 0x0000027383017800
Event: 2835.284 Executing VM operation: RevokeBias
Event: 2835.284 Executing VM operation: RevokeBias done
Event: 2835.285 Executing VM operation: RevokeBias
Event: 2835.285 Executing VM operation: RevokeBias done
Event: 2835.285 Executing VM operation: RevokeBias
Event: 2835.286 Executing VM operation: RevokeBias done
Event: 2835.286 Executing VM operation: RevokeBias
Event: 2835.286 Executing VM operation: RevokeBias done
Event: 2835.286 Executing VM operation: RevokeBias
Event: 2835.286 Executing VM operation: RevokeBias done
Event: 2835.286 Executing VM operation: RevokeBias
Event: 2835.286 Executing VM operation: RevokeBias done
Event: 2843.399 Executing VM operation: RevokeBias
Event: 2843.399 Executing VM operation: RevokeBias done


Dynamic libraries:
0x00007ff6358d0000 - 0x00007ff6358da000 	C:\Program Files\Android\Android Studio\jre\bin\java.exe
0x00007ffdc6070000 - 0x00007ffdc6265000 	C:\Windows\SYSTEM32\ntdll.dll
0x00007ffdc5210000 - 0x00007ffdc52ce000 	C:\Windows\System32\KERNEL32.DLL
0x00007ffdc3790000 - 0x00007ffdc3a58000 	C:\Windows\System32\KERNELBASE.dll
0x00007ffdc3ba0000 - 0x00007ffdc3ca0000 	C:\Windows\System32\ucrtbase.dll
0x00007ffdbbe90000 - 0x00007ffdbbea9000 	C:\Program Files\Android\Android Studio\jre\bin\jli.dll
0x00007ffdbb170000 - 0x00007ffdbb187000 	C:\Program Files\Android\Android Studio\jre\bin\VCRUNTIME140.dll
0x00007ffdc54f0000 - 0x00007ffdc5691000 	C:\Windows\System32\USER32.dll
0x00007ffdc3e60000 - 0x00007ffdc3e82000 	C:\Windows\System32\win32u.dll
0x00007ffdb1250000 - 0x00007ffdb14ea000 	C:\Windows\WinSxS\amd64_microsoft.windows.common-controls_6595b64144ccf1df_6.0.19041.1110_none_60b5254171f9507e\COMCTL32.dll
0x00007ffdc5d00000 - 0x00007ffdc5d2b000 	C:\Windows\System32\GDI32.dll
0x00007ffdc5c00000 - 0x00007ffdc5c9e000 	C:\Windows\System32\msvcrt.dll
0x00007ffdc3d00000 - 0x00007ffdc3e0b000 	C:\Windows\System32\gdi32full.dll
0x00007ffdc3ec0000 - 0x00007ffdc3f5d000 	C:\Windows\System32\msvcp_win.dll
0x00007ffdc5b40000 - 0x00007ffdc5b70000 	C:\Windows\System32\IMM32.DLL
0x00007ffd988a0000 - 0x00007ffd9893d000 	C:\Program Files\Android\Android Studio\jre\bin\msvcp140.dll
0x00007ffd7ae30000 - 0x00007ffd7b8ff000 	C:\Program Files\Android\Android Studio\jre\bin\server\jvm.dll
0x00007ffdc50f0000 - 0x00007ffdc519c000 	C:\Windows\System32\ADVAPI32.dll
0x00007ffdc47c0000 - 0x00007ffdc485b000 	C:\Windows\System32\sechost.dll
0x00007ffdc5d30000 - 0x00007ffdc5e5a000 	C:\Windows\System32\RPCRT4.dll
0x00007ffdc48c0000 - 0x00007ffdc48c8000 	C:\Windows\System32\PSAPI.DLL
0x00007ffda1780000 - 0x00007ffda17a7000 	C:\Windows\SYSTEM32\WINMM.dll
0x00007ffdba950000 - 0x00007ffdba95a000 	C:\Windows\SYSTEM32\VERSION.dll
0x00007ffdae320000 - 0x00007ffdae329000 	C:\Windows\SYSTEM32\WSOCK32.dll
0x00007ffdc5b70000 - 0x00007ffdc5bdb000 	C:\Windows\System32\WS2_32.dll
0x00007ffdc2010000 - 0x00007ffdc2022000 	C:\Windows\SYSTEM32\kernel.appcore.dll
0x00007ffdbcd10000 - 0x00007ffdbcd21000 	C:\Program Files\Android\Android Studio\jre\bin\verify.dll
0x00007ffdc1580000 - 0x00007ffdc1764000 	C:\Windows\SYSTEM32\DBGHELP.DLL
0x00007ffda9190000 - 0x00007ffda91bc000 	C:\Windows\SYSTEM32\dbgcore.DLL
0x00007ffdc3a60000 - 0x00007ffdc3ae3000 	C:\Windows\System32\bcryptPrimitives.dll
0x00007ffdbb0e0000 - 0x00007ffdbb109000 	C:\Program Files\Android\Android Studio\jre\bin\java.dll
0x00007ffdc0900000 - 0x00007ffdc090b000 	C:\Program Files\Android\Android Studio\jre\bin\jimage.dll
0x00007ffdbb0c0000 - 0x00007ffdbb0d8000 	C:\Program Files\Android\Android Studio\jre\bin\zip.dll
0x00007ffdc48d0000 - 0x00007ffdc500f000 	C:\Windows\System32\SHELL32.dll
0x00007ffdc1770000 - 0x00007ffdc1f00000 	C:\Windows\SYSTEM32\windows.storage.dll
0x00007ffdc57e0000 - 0x00007ffdc5b35000 	C:\Windows\System32\combase.dll
0x00007ffdc3110000 - 0x00007ffdc313e000 	C:\Windows\SYSTEM32\Wldp.dll
0x00007ffdc5730000 - 0x00007ffdc57dd000 	C:\Windows\System32\SHCORE.dll
0x00007ffdc5010000 - 0x00007ffdc5065000 	C:\Windows\System32\shlwapi.dll
0x00007ffdc36d0000 - 0x00007ffdc36ef000 	C:\Windows\SYSTEM32\profapi.dll
0x00007ffdbaeb0000 - 0x00007ffdbaeca000 	C:\Program Files\Android\Android Studio\jre\bin\net.dll
0x00007ffdb0af0000 - 0x00007ffdb0bfc000 	C:\Windows\SYSTEM32\WINHTTP.dll
0x00007ffdc2e70000 - 0x00007ffdc2eda000 	C:\Windows\system32\mswsock.dll
0x00007ffdbae40000 - 0x00007ffdbae54000 	C:\Program Files\Android\Android Studio\jre\bin\nio.dll
0x00007ffdbcd60000 - 0x00007ffdbcd87000 	C:\Users\usuario\.gradle\native\8bec1ad78214c89d9ad589b4d07fe93259594b29d510b10fafb7a158f7737e5d\windows-amd64\native-platform.dll
0x00007ffd9b410000 - 0x00007ffd9b54d000 	C:\Users\usuario\.gradle\native\53dbd7edfb1c66fb8903c78663c9afc45aea4f116125fa6feffd364cf09443e8\windows-amd64\native-platform-file-events.dll
0x00007ffdbce00000 - 0x00007ffdbce0a000 	C:\Program Files\Android\Android Studio\jre\bin\management.dll
0x00007ffdbccc0000 - 0x00007ffdbcccc000 	C:\Program Files\Android\Android Studio\jre\bin\management_ext.dll
0x00007ffdc3060000 - 0x00007ffdc3078000 	C:\Windows\SYSTEM32\CRYPTSP.dll
0x00007ffdc27f0000 - 0x00007ffdc2824000 	C:\Windows\system32\rsaenh.dll
0x00007ffdc3e90000 - 0x00007ffdc3eb7000 	C:\Windows\System32\bcrypt.dll
0x00007ffdc3690000 - 0x00007ffdc36be000 	C:\Windows\SYSTEM32\USERENV.dll
0x00007ffdc3080000 - 0x00007ffdc308c000 	C:\Windows\SYSTEM32\CRYPTBASE.dll
0x00007ffdc2b60000 - 0x00007ffdc2b9b000 	C:\Windows\SYSTEM32\IPHLPAPI.DLL
0x00007ffdc54e0000 - 0x00007ffdc54e8000 	C:\Windows\System32\NSI.dll
0x00007ffdb7c80000 - 0x00007ffdb7c97000 	C:\Windows\SYSTEM32\dhcpcsvc6.DLL
0x00007ffdb9170000 - 0x00007ffdb918d000 	C:\Windows\SYSTEM32\dhcpcsvc.DLL
0x00007ffdc2ba0000 - 0x00007ffdc2c6b000 	C:\Windows\SYSTEM32\DNSAPI.dll
0x00007ffdb2fd0000 - 0x00007ffdb2fee000 	C:\Users\usuario\AppData\Local\Temp\native-platform6214631090038735221dir\native-platform.dll
0x00007ffdb31f0000 - 0x00007ffdb31f8000 	C:\Program Files\Android\Android Studio\jre\bin\rmi.dll
0x00007ffdbc9b0000 - 0x00007ffdbc9c7000 	C:\Windows\system32\napinsp.dll
0x00007ffdbc990000 - 0x00007ffdbc9ab000 	C:\Windows\system32\pnrpnsp.dll
0x00007ffdbdf30000 - 0x00007ffdbdf45000 	C:\Windows\system32\wshbth.dll
0x00007ffdbe990000 - 0x00007ffdbe9ad000 	C:\Windows\system32\NLAapi.dll
0x00007ffdbc970000 - 0x00007ffdbc982000 	C:\Windows\System32\winrnr.dll
0x00007ffdb0270000 - 0x00007ffdb027a000 	C:\Windows\System32\rasadhlp.dll
0x00007ffdb0800000 - 0x00007ffdb087f000 	C:\Windows\System32\fwpuclnt.dll
0x00007ffdc24c0000 - 0x00007ffdc24f3000 	C:\Windows\SYSTEM32\ntmarta.dll
0x00007ffdb2d80000 - 0x00007ffdb2da7000 	C:\Program Files\Android\Android Studio\jre\bin\sunec.dll

dbghelp: loaded successfully - version: 4.0.5 - missing functions: none
symbol engine: initialized successfully - sym options: 0x614 - pdb path: .;C:\Program Files\Android\Android Studio\jre\bin;C:\Windows\SYSTEM32;C:\Windows\WinSxS\amd64_microsoft.windows.common-controls_6595b64144ccf1df_6.0.19041.1110_none_60b5254171f9507e;C:\Program Files\Android\Android Studio\jre\bin\server;C:\Users\usuario\.gradle\native\8bec1ad78214c89d9ad589b4d07fe93259594b29d510b10fafb7a158f7737e5d\windows-amd64;C:\Users\usuario\.gradle\native\53dbd7edfb1c66fb8903c78663c9afc45aea4f116125fa6feffd364cf09443e8\windows-amd64;C:\Users\usuario\AppData\Local\Temp\native-platform6214631090038735221dir

VM Arguments:
jvm_args: --add-opens=java.base/java.util=ALL-UNNAMED --add-opens=java.base/java.lang=ALL-UNNAMED --add-opens=java.base/java.lang.invoke=ALL-UNNAMED --add-opens=java.base/java.util=ALL-UNNAMED --add-opens=java.prefs/java.util.prefs=ALL-UNNAMED --add-opens=java.prefs/java.util.prefs=ALL-UNNAMED --add-opens=java.base/java.nio.charset=ALL-UNNAMED --add-opens=java.base/java.net=ALL-UNNAMED --add-opens=java.base/java.util.concurrent.atomic=ALL-UNNAMED -Xmx2048m -Dfile.encoding=UTF-8 -Duser.country=BR -Duser.language=pt -Duser.variant 
java_command: org.gradle.launcher.daemon.bootstrap.GradleDaemon 7.0.2
java_class_path (initial): C:\Users\usuario\.gradle\wrapper\dists\gradle-7.0.2-bin\857tjihv64xamwrf0h14cai3r\gradle-7.0.2\lib\gradle-launcher-7.0.2.jar
Launcher Type: SUN_STANDARD

[Global flags]
     intx CICompilerCount                          = 3                                         {product} {ergonomic}
     uint ConcGCThreads                            = 1                                         {product} {ergonomic}
     uint G1ConcRefinementThreads                  = 4                                         {product} {ergonomic}
   size_t G1HeapRegionSize                         = 1048576                                   {product} {ergonomic}
    uintx GCDrainStackTargetSize                   = 64                                        {product} {ergonomic}
   size_t InitialHeapSize                          = 134217728                                 {product} {ergonomic}
   size_t MarkStackSize                            = 4194304                                   {product} {ergonomic}
   size_t MaxHeapSize                              = 2147483648                                {product} {command line}
   size_t MaxNewSize                               = 1287651328                                {product} {ergonomic}
   size_t MinHeapDeltaBytes                        = 1048576                                   {product} {ergonomic}
    uintx NonNMethodCodeHeapSize                   = 5830732                                {pd product} {ergonomic}
    uintx NonProfiledCodeHeapSize                  = 122913754                              {pd product} {ergonomic}
    uintx ProfiledCodeHeapSize                     = 122913754                              {pd product} {ergonomic}
    uintx ReservedCodeCacheSize                    = 251658240                              {pd product} {ergonomic}
     bool SegmentedCodeCache                       = true                                      {product} {ergonomic}
     bool UseCompressedClassPointers               = true                                 {lp64_product} {ergonomic}
     bool UseCompressedOops                        = true                                 {lp64_product} {ergonomic}
     bool UseG1GC                                  = true                                      {product} {ergonomic}
     bool UseLargePagesIndividualAllocation        = false                                  {pd product} {ergonomic}

Logging:
Log output configuration:
 #0: stdout all=warning uptime,level,tags
 #1: stderr all=off uptime,level,tags

Environment Variables:
JAVA_HOME=C:\Program Files\Java\jdk-17
PATH=C:\Program Files\Common Files\Oracle\Java\javapath;C:\Windows\system32;C:\Windows;C:\Windows\System32\Wbem;C:\Windows\System32\WindowsPowerShell\v1.0\;C:\Windows\System32\OpenSSH\;C:\Program Files (x86)\Intel\Intel(R) Management Engine Components\DAL;C:\Program Files\Intel\Intel(R) Management Engine Components\DAL;C:\ProgramData\UNIVALI\Portugol Studio;C:\Program Files\Git\cmd;C:\Program Files\Java\jdk-17\bin;C:\Users\usuario\AppData\Local\Microsoft\WindowsApps;;C:\Program Files\JetBrains\IntelliJ IDEA Community Edition 2021.2.2\bin;
USERNAME=usuario
OS=Windows_NT
PROCESSOR_IDENTIFIER=Intel64 Family 6 Model 78 Stepping 3, GenuineIntel



---------------  S Y S T E M  ---------------

OS: Windows 10 , 64 bit Build 19041 (10.0.19041.1348)
OS uptime: 0 days 21:09 hours

CPU:total 4 (initial active 4) (2 cores per cpu, 2 threads per core) family 6 model 78 stepping 3 microcode 0xea, cmov, cx8, fxsr, mmx, sse, sse2, sse3, ssse3, sse4.1, sse4.2, popcnt, avx, avx2, aes, clmul, erms, 3dnowpref, lzcnt, ht, tsc, tscinvbit, bmi1, bmi2, adx, fma

Memory: 4k page, system-wide physical 8083M (415M free)
TotalPageFile size 12179M (AvailPageFile size 3M)
current process WorkingSet (physical memory assigned to process): 331M, peak: 641M
current process commit charge ("private bytes"): 754M, peak: 778M

vm_info: OpenJDK 64-Bit Server VM (11.0.10+0-b96-7249189) for windows-amd64 JRE (11.0.10+0-b96-7249189), built on Mar 31 2021 21:44:00 by "builder" with MS VC++ 14.0 (VS2015)

END.
